[2024-03-26 15:03:17,546] multiqc                                            [DEBUG  ]  This is MultiQC v1.19
[2024-03-26 15:03:17,595] multiqc                                            [DEBUG  ]  Loading config settings from: multiqc_config.yml
[2024-03-26 15:03:17,595] multiqc                                            [DEBUG  ]  New config: {'report_comment': 'This report has been generated by the <a href="https://github.com/nf-core/rnaseq/releases/tag/3.14.0" target="_blank">nf-core/rnaseq</a> analysis pipeline. For information about how to interpret these results, please see the <a href="https://nf-co.re/rnaseq/3.14.0/docs/output" target="_blank">documentation</a>.\n', 'report_section_order': {'nf-core-rnaseq-methods-description': {'order': -1000}, 'software_versions': {'order': -1001}, 'nf-core-rnaseq-summary': {'order': -1002}}, 'export_plots': True, 'disable_version_detection': True, 'run_modules': ['custom_content', 'fastqc', 'cutadapt', 'fastp', 'sortmerna', 'star', 'hisat2', 'rsem', 'salmon', 'kallisto', 'samtools', 'picard', 'preseq', 'rseqc', 'qualimap'], 'top_modules': ['fail_trimmed_samples', 'fail_mapped_samples', 'fail_strand_check', 'star_rsem_deseq2_pca', 'star_rsem_deseq2_clustering', 'star_salmon_deseq2_pca', 'star_salmon_deseq2_clustering', 'salmon_deseq2_pca', 'salmon_deseq2_clustering', 'biotype_counts', 'dupradar'], 'module_order': [{'fastqc': {'name': 'FastQC (raw)', 'info': 'This section of the report shows FastQC results before adapter trimming.', 'path_filters': ['./fastqc/raw/*.zip']}}, 'cutadapt', 'fastp', {'fastqc': {'name': 'FastQC (trimmed)', 'info': 'This section of the report shows FastQC results after adapter trimming.', 'path_filters': ['./fastqc/trim/*.zip']}}], 'table_columns_visible': {'fastqc': {'percent_duplicates': False}}, 'custom_data': {'fail_trimmed_samples': {'section_name': 'WARNING: Fail Trimming Check', 'description': "List of samples that failed the minimum trimmed reads threshold specified via the '--min_trimmed_reads' parameter, and hence were ignored for the downstream processing steps.", 'plot_type': 'table', 'pconfig': {'id': 'fail_trimmed_samples_table', 'table_title': 'Samples failed trimming threshold', 'namespace': 'Samples failed trimming threshold', 'format': '{:.0f}'}}, 'fail_mapped_samples': {'section_name': 'WARNING: Fail Alignment Check', 'description': "List of samples that failed the STAR minimum mapped reads threshold specified via the '--min_mapped_reads' parameter, and hence were ignored for the downstream processing steps.", 'plot_type': 'table', 'pconfig': {'id': 'fail_mapped_samples_table', 'table_title': 'Samples failed mapping threshold', 'namespace': 'Samples failed mapping threshold', 'format': '{:.2f}'}}, 'fail_strand_check': {'section_name': 'WARNING: Fail Strand Check', 'description': "List of samples that failed the strandedness check between that provided in the samplesheet and calculated by the <a href='http://rseqc.sourceforge.net/#infer-experiment-py'>RSeQC infer_experiment.py</a> tool.", 'plot_type': 'table', 'pconfig': {'id': 'fail_strand_check_table', 'table_title': 'Samples failed strandedness check', 'namespace': 'Samples failed strandedness check', 'format': '{:.2f}'}}}}
[2024-03-26 15:03:17,596] multiqc                                            [DEBUG  ]  Added to filename patterns: [{'cutadapt': {'fn': '*trimming_report.txt'}, 'fastp': {'fn': '*.fastp.json'}, 'sortmerna': {'fn': '*.sortmerna.log'}, 'hisat2': {'fn': '*.hisat2.summary.log'}, 'salmon/meta': {'fn': 'meta_info.json'}, 'preseq': {'fn': '*.lc_extrap.txt'}, 'samtools/stats': {'fn': '*.stats'}, 'samtools/flagstat': {'fn': '*.flagstat'}, 'samtools/idxstats': {'fn': '*.idxstats*'}, 'rseqc/bam_stat': {'fn': '*.bam_stat.txt'}, 'rseqc/gene_body_coverage': {'skip': True}, 'rseqc/junction_annotation': {'fn': '*.junction_annotation.log'}, 'rseqc/read_gc': {'skip': True}, 'rseqc/read_distribution': {'fn': '*.read_distribution.txt'}, 'rseqc/infer_experiment': {'fn': '*.infer_experiment.txt'}, 'rseqc/tin': {'fn': '*.summary.txt'}, 'picard/markdups': {'fn': '*.MarkDuplicates.metrics.txt'}, 'picard/alignment_metrics': {'skip': True}, 'picard/basedistributionbycycle': {'skip': True}, 'picard/gcbias': {'skip': True}, 'picard/hsmetrics': {'skip': True}, 'picard/insertsize': {'skip': True}, 'picard/oxogmetrics': {'skip': True}, 'picard/pcr_metrics': {'skip': True}, 'picard/quality_by_cycle': {'skip': True}, 'picard/quality_score_distribution': {'skip': True}, 'picard/quality_yield_metrics': {'skip': True}, 'picard/rnaseqmetrics': {'skip': True}, 'picard/rrbs_metrics': {'skip': True}, 'picard/sam_file_validation': {'skip': True}, 'picard/variant_calling_metrics': {'skip': True}, 'picard/wgs_metrics': {'skip': True}}]
[2024-03-26 15:03:17,596] multiqc                                            [DEBUG  ]  Added to filename clean extensions: [['.umi_dedup', '_val', '.markdup', '_primary']]
[2024-03-26 15:03:17,596] multiqc                                            [DEBUG  ]  Command used: /usr/local/bin/multiqc -n multiqc_report.html -f .
[2024-03-26 15:03:17,766] multiqc                                            [WARNING]  MultiQC Version v1.21 now available!
[2024-03-26 15:03:17,766] multiqc                                            [DEBUG  ]  Working dir : /nemo/lab/ulej/home/users/luscomben/users/capitac/ebi-course-24-march/work/6c/11588a500effbd9dfaf1f10e5b77c2
[2024-03-26 15:03:17,766] multiqc                                            [DEBUG  ]  Template    : default
[2024-03-26 15:03:17,766] multiqc                                            [DEBUG  ]  Running Python 3.11.7 | packaged by conda-forge | (main, Dec 15 2023, 08:38:37) [GCC 12.3.0]
[2024-03-26 15:03:17,767] multiqc                                            [INFO   ]  Only using modules: custom_content, fastqc, cutadapt, fastp, sortmerna, star, hisat2, rsem, salmon, kallisto, samtools, picard, preseq, rseqc, qualimap
[2024-03-26 15:03:17,767] multiqc                                            [DEBUG  ]  Analysing modules: custom_content, hisat2, kallisto, picard, preseq, qualimap, rsem, rseqc, salmon, samtools, sortmerna, star, fastqc, cutadapt, fastp, fastqc
[2024-03-26 15:03:17,767] multiqc                                            [DEBUG  ]  Using temporary directory for creating report: /tmp/slurm_251177/tmp0dzjc_i2
[2024-03-26 15:03:17,768] multiqc                                            [INFO   ]  Search path : /nemo/lab/ulej/home/users/luscomben/users/capitac/ebi-course-24-march/work/6c/11588a500effbd9dfaf1f10e5b77c2
[2024-03-26 15:03:17,769] multiqc                                            [DEBUG  ]  Ignored 256 search patterns as didn't match running modules.
[2024-03-26 15:03:17,769] multiqc                                            [INFO   ]  Skipping 17 file search patterns
[2024-03-26 15:03:17,769] multiqc                                            [DEBUG  ]  Skipping search patterns: picard/alignment_metrics, picard/basedistributionbycycle, picard/gcbias, picard/hsmetrics, picard/insertsize, picard/oxogmetrics, picard/pcr_metrics, picard/quality_by_cycle, picard/quality_score_distribution, picard/quality_yield_metrics, picard/rnaseqmetrics, picard/rrbs_metrics, picard/sam_file_validation, picard/variant_calling_metrics, picard/wgs_metrics, rseqc/gene_body_coverage, rseqc/read_gc
[2024-03-26 15:03:21,034] multiqc                                            [DEBUG  ]  Summary of files that were skipped by the search: [skipped_no_match: 296]
[2024-03-26 15:03:22,172] multiqc.plots.bargraph                             [DEBUG  ]  Using matplotlib version 3.8.2
[2024-03-26 15:03:22,178] multiqc.plots.linegraph                            [DEBUG  ]  Using matplotlib version 3.8.2
[2024-03-26 15:03:22,467] multiqc.modules.custom_content.custom_content      [INFO   ]  nf-core-rnaseq-methods-description: Found 1 sample (html)
[2024-03-26 15:03:22,467] multiqc.modules.custom_content.custom_content      [INFO   ]  software_versions: Found 1 sample (html)
[2024-03-26 15:03:22,467] multiqc.modules.custom_content.custom_content      [INFO   ]  nf-core-rnaseq-summary: Found 1 sample (html)
[2024-03-26 15:03:22,467] multiqc.modules.custom_content.custom_content      [INFO   ]  star_salmon_deseq2_pca: Found 9 samples (scatter)
[2024-03-26 15:03:22,467] multiqc                                            [DEBUG  ]  multiqc_star_salmon_deseq2_clustering-plot could not be saved as tsv/csv. Falling back to YAML.
[2024-03-26 15:03:22,470] multiqc.modules.custom_content.custom_content      [INFO   ]  star_salmon_deseq2_clustering: Found 9 samples (heatmap)
[2024-03-26 15:03:26,732] multiqc.modules.custom_content.custom_content      [INFO   ]  biotype_counts: Found 9 samples (bargraph)
[2024-03-26 15:03:26,732] multiqc.modules.custom_content.custom_content      [INFO   ]  biotype-gs: Found 9 General Statistics columns
[2024-03-26 15:03:30,641] multiqc.modules.custom_content.custom_content      [INFO   ]  dupradar: Found 9 samples (linegraph)
[2024-03-26 15:03:30,641] multiqc.modules.custom_content.custom_content      [INFO   ]  DupInt: Found 9 General Statistics columns
[2024-03-26 15:03:32,166] multiqc.modules.picard.picard                      [INFO   ]  Found 9 MarkDuplicates reports
[2024-03-26 15:03:35,255] multiqc.modules.qualimap.qualimap                  [INFO   ]  Found 9 RNASeq reports
[2024-03-26 15:03:37,209] multiqc.modules.rseqc.rseqc                        [INFO   ]  Found 9 read_distribution reports
[2024-03-26 15:03:38,893] multiqc.modules.rseqc.rseqc                        [INFO   ]  Found 9 inner_distance reports
[2024-03-26 15:03:40,974] multiqc.modules.rseqc.rseqc                        [INFO   ]  Found 9 read_duplication reports
[2024-03-26 15:03:43,463] multiqc.modules.rseqc.rseqc                        [INFO   ]  Found 9 junction_annotation reports
[2024-03-26 15:03:46,174] multiqc.modules.rseqc.rseqc                        [INFO   ]  Found 9 junction_saturation reports
[2024-03-26 15:03:46,806] multiqc.modules.rseqc.rseqc                        [INFO   ]  Found 9 infer_experiment reports
[2024-03-26 15:03:46,818] multiqc.modules.rseqc.rseqc                        [INFO   ]  Found 9 bam_stat reports
[2024-03-26 15:03:48,106] multiqc.modules.samtools.samtools                  [INFO   ]  Found 9 stats reports
[2024-03-26 15:03:48,131] multiqc.modules.samtools.samtools                  [INFO   ]  Found 9 flagstat reports
[2024-03-26 15:03:52,712] multiqc.modules.samtools.samtools                  [INFO   ]  Found 9 idxstats reports
[2024-03-26 15:03:52,749] multiqc.modules.star.star                          [INFO   ]  Found 9 reports
[2024-03-26 15:03:54,153] multiqc.modules.base_module                        [DEBUG  ]  fastqc/zip - Selecting './fastqc/raw/LV3-EC_bRNA_1_fastqc.zip' as it matched the path_filters for 'FastQC (raw)'
[2024-03-26 15:03:54,183] multiqc.modules.base_module                        [DEBUG  ]  fastqc/zip - Selecting './fastqc/raw/LG2-EC_bRNA_1_fastqc.zip' as it matched the path_filters for 'FastQC (raw)'
[2024-03-26 15:03:54,213] multiqc.modules.base_module                        [DEBUG  ]  fastqc/zip - Selecting './fastqc/raw/BR3-EC_bRNA_2_fastqc.zip' as it matched the path_filters for 'FastQC (raw)'
[2024-03-26 15:03:54,253] multiqc.modules.base_module                        [DEBUG  ]  fastqc/zip - Selecting './fastqc/raw/LG3-EC_bRNA_2_fastqc.zip' as it matched the path_filters for 'FastQC (raw)'
[2024-03-26 15:03:54,290] multiqc.modules.base_module                        [DEBUG  ]  fastqc/zip - Selecting './fastqc/raw/LV2-EC_bRNA_1_fastqc.zip' as it matched the path_filters for 'FastQC (raw)'
[2024-03-26 15:03:54,318] multiqc.modules.base_module                        [DEBUG  ]  fastqc/zip - Selecting './fastqc/raw/BR2-EC_bRNA_2_fastqc.zip' as it matched the path_filters for 'FastQC (raw)'
[2024-03-26 15:03:54,345] multiqc.modules.base_module                        [DEBUG  ]  fastqc/zip - Selecting './fastqc/raw/LV1-EC_bRNA_2_fastqc.zip' as it matched the path_filters for 'FastQC (raw)'
[2024-03-26 15:03:54,398] multiqc.modules.base_module                        [DEBUG  ]  fastqc/zip - Selecting './fastqc/raw/BR1-EC_bRNA_1_fastqc.zip' as it matched the path_filters for 'FastQC (raw)'
[2024-03-26 15:03:54,423] multiqc.modules.base_module                        [DEBUG  ]  fastqc/zip - Selecting './fastqc/raw/LV1-EC_bRNA_1_fastqc.zip' as it matched the path_filters for 'FastQC (raw)'
[2024-03-26 15:03:54,455] multiqc.modules.base_module                        [DEBUG  ]  fastqc/zip - Selecting './fastqc/raw/LG3-EC_bRNA_1_fastqc.zip' as it matched the path_filters for 'FastQC (raw)'
[2024-03-26 15:03:54,498] multiqc.modules.base_module                        [DEBUG  ]  fastqc/zip - Selecting './fastqc/raw/LG1-EC_bRNA_2_fastqc.zip' as it matched the path_filters for 'FastQC (raw)'
[2024-03-26 15:03:54,518] multiqc.modules.base_module                        [DEBUG  ]  fastqc/zip - Selecting './fastqc/raw/BR2-EC_bRNA_1_fastqc.zip' as it matched the path_filters for 'FastQC (raw)'
[2024-03-26 15:03:54,546] multiqc.modules.base_module                        [DEBUG  ]  fastqc/zip - Selecting './fastqc/raw/LV2-EC_bRNA_2_fastqc.zip' as it matched the path_filters for 'FastQC (raw)'
[2024-03-26 15:03:54,569] multiqc.modules.base_module                        [DEBUG  ]  fastqc/zip - Selecting './fastqc/raw/LV3-EC_bRNA_2_fastqc.zip' as it matched the path_filters for 'FastQC (raw)'
[2024-03-26 15:03:54,595] multiqc.modules.base_module                        [DEBUG  ]  fastqc/zip - Selecting './fastqc/raw/BR1-EC_bRNA_2_fastqc.zip' as it matched the path_filters for 'FastQC (raw)'
[2024-03-26 15:03:54,609] multiqc.modules.base_module                        [DEBUG  ]  fastqc/zip - Selecting './fastqc/raw/BR3-EC_bRNA_1_fastqc.zip' as it matched the path_filters for 'FastQC (raw)'
[2024-03-26 15:03:54,670] multiqc.modules.base_module                        [DEBUG  ]  fastqc/zip - Selecting './fastqc/raw/LG2-EC_bRNA_2_fastqc.zip' as it matched the path_filters for 'FastQC (raw)'
[2024-03-26 15:03:54,694] multiqc.modules.base_module                        [DEBUG  ]  fastqc/zip - Selecting './fastqc/raw/LG1-EC_bRNA_1_fastqc.zip' as it matched the path_filters for 'FastQC (raw)'
[2024-03-26 15:03:54,722] multiqc.modules.base_module                        [DEBUG  ]  fastqc/zip - Skipping './fastqc/trim/LG3-EC_bRNA_1_val_1_fastqc.zip' as it didn't match the path_filters for 'FastQC (raw)'
[2024-03-26 15:03:54,722] multiqc.modules.base_module                        [DEBUG  ]  fastqc/zip - Skipping './fastqc/trim/LV2-EC_bRNA_1_val_1_fastqc.zip' as it didn't match the path_filters for 'FastQC (raw)'
[2024-03-26 15:03:54,722] multiqc.modules.base_module                        [DEBUG  ]  fastqc/zip - Skipping './fastqc/trim/LG1-EC_bRNA_2_val_2_fastqc.zip' as it didn't match the path_filters for 'FastQC (raw)'
[2024-03-26 15:03:54,722] multiqc.modules.base_module                        [DEBUG  ]  fastqc/zip - Skipping './fastqc/trim/BR2-EC_bRNA_1_val_1_fastqc.zip' as it didn't match the path_filters for 'FastQC (raw)'
[2024-03-26 15:03:54,722] multiqc.modules.base_module                        [DEBUG  ]  fastqc/zip - Skipping './fastqc/trim/LG1-EC_bRNA_1_val_1_fastqc.zip' as it didn't match the path_filters for 'FastQC (raw)'
[2024-03-26 15:03:54,722] multiqc.modules.base_module                        [DEBUG  ]  fastqc/zip - Skipping './fastqc/trim/LV3-EC_bRNA_2_val_2_fastqc.zip' as it didn't match the path_filters for 'FastQC (raw)'
[2024-03-26 15:03:54,722] multiqc.modules.base_module                        [DEBUG  ]  fastqc/zip - Skipping './fastqc/trim/BR3-EC_bRNA_1_val_1_fastqc.zip' as it didn't match the path_filters for 'FastQC (raw)'
[2024-03-26 15:03:54,722] multiqc.modules.base_module                        [DEBUG  ]  fastqc/zip - Skipping './fastqc/trim/BR3-EC_bRNA_2_val_2_fastqc.zip' as it didn't match the path_filters for 'FastQC (raw)'
[2024-03-26 15:03:54,722] multiqc.modules.base_module                        [DEBUG  ]  fastqc/zip - Skipping './fastqc/trim/BR2-EC_bRNA_2_val_2_fastqc.zip' as it didn't match the path_filters for 'FastQC (raw)'
[2024-03-26 15:03:54,723] multiqc.modules.base_module                        [DEBUG  ]  fastqc/zip - Skipping './fastqc/trim/LG3-EC_bRNA_2_val_2_fastqc.zip' as it didn't match the path_filters for 'FastQC (raw)'
[2024-03-26 15:03:54,723] multiqc.modules.base_module                        [DEBUG  ]  fastqc/zip - Skipping './fastqc/trim/LV2-EC_bRNA_2_val_2_fastqc.zip' as it didn't match the path_filters for 'FastQC (raw)'
[2024-03-26 15:03:54,723] multiqc.modules.base_module                        [DEBUG  ]  fastqc/zip - Skipping './fastqc/trim/LV1-EC_bRNA_2_val_2_fastqc.zip' as it didn't match the path_filters for 'FastQC (raw)'
[2024-03-26 15:03:54,723] multiqc.modules.base_module                        [DEBUG  ]  fastqc/zip - Skipping './fastqc/trim/BR1-EC_bRNA_1_val_1_fastqc.zip' as it didn't match the path_filters for 'FastQC (raw)'
[2024-03-26 15:03:54,723] multiqc.modules.base_module                        [DEBUG  ]  fastqc/zip - Skipping './fastqc/trim/LV3-EC_bRNA_1_val_1_fastqc.zip' as it didn't match the path_filters for 'FastQC (raw)'
[2024-03-26 15:03:54,723] multiqc.modules.base_module                        [DEBUG  ]  fastqc/zip - Skipping './fastqc/trim/LG2-EC_bRNA_1_val_1_fastqc.zip' as it didn't match the path_filters for 'FastQC (raw)'
[2024-03-26 15:03:54,723] multiqc.modules.base_module                        [DEBUG  ]  fastqc/zip - Skipping './fastqc/trim/LG2-EC_bRNA_2_val_2_fastqc.zip' as it didn't match the path_filters for 'FastQC (raw)'
[2024-03-26 15:03:54,723] multiqc.modules.base_module                        [DEBUG  ]  fastqc/zip - Skipping './fastqc/trim/BR1-EC_bRNA_2_val_2_fastqc.zip' as it didn't match the path_filters for 'FastQC (raw)'
[2024-03-26 15:03:54,723] multiqc.modules.base_module                        [DEBUG  ]  fastqc/zip - Skipping './fastqc/trim/LV1-EC_bRNA_1_val_1_fastqc.zip' as it didn't match the path_filters for 'FastQC (raw)'
[2024-03-26 15:03:54,723] multiqc.modules.fastqc.fastqc                      [INFO   ]  Found 18 reports
[2024-03-26 15:04:02,431] multiqc.modules.cutadapt.cutadapt                  [INFO   ]  Found 18 reports
[2024-03-26 15:04:05,225] multiqc.modules.base_module                        [DEBUG  ]  fastqc/zip - Skipping './fastqc/raw/LV3-EC_bRNA_1_fastqc.zip' as it didn't match the path_filters for 'FastQC (trimmed)'
[2024-03-26 15:04:05,225] multiqc.modules.base_module                        [DEBUG  ]  fastqc/zip - Skipping './fastqc/raw/LG2-EC_bRNA_1_fastqc.zip' as it didn't match the path_filters for 'FastQC (trimmed)'
[2024-03-26 15:04:05,225] multiqc.modules.base_module                        [DEBUG  ]  fastqc/zip - Skipping './fastqc/raw/BR3-EC_bRNA_2_fastqc.zip' as it didn't match the path_filters for 'FastQC (trimmed)'
[2024-03-26 15:04:05,225] multiqc.modules.base_module                        [DEBUG  ]  fastqc/zip - Skipping './fastqc/raw/LG3-EC_bRNA_2_fastqc.zip' as it didn't match the path_filters for 'FastQC (trimmed)'
[2024-03-26 15:04:05,225] multiqc.modules.base_module                        [DEBUG  ]  fastqc/zip - Skipping './fastqc/raw/LV2-EC_bRNA_1_fastqc.zip' as it didn't match the path_filters for 'FastQC (trimmed)'
[2024-03-26 15:04:05,225] multiqc.modules.base_module                        [DEBUG  ]  fastqc/zip - Skipping './fastqc/raw/BR2-EC_bRNA_2_fastqc.zip' as it didn't match the path_filters for 'FastQC (trimmed)'
[2024-03-26 15:04:05,226] multiqc.modules.base_module                        [DEBUG  ]  fastqc/zip - Skipping './fastqc/raw/LV1-EC_bRNA_2_fastqc.zip' as it didn't match the path_filters for 'FastQC (trimmed)'
[2024-03-26 15:04:05,226] multiqc.modules.base_module                        [DEBUG  ]  fastqc/zip - Skipping './fastqc/raw/BR1-EC_bRNA_1_fastqc.zip' as it didn't match the path_filters for 'FastQC (trimmed)'
[2024-03-26 15:04:05,226] multiqc.modules.base_module                        [DEBUG  ]  fastqc/zip - Skipping './fastqc/raw/LV1-EC_bRNA_1_fastqc.zip' as it didn't match the path_filters for 'FastQC (trimmed)'
[2024-03-26 15:04:05,226] multiqc.modules.base_module                        [DEBUG  ]  fastqc/zip - Skipping './fastqc/raw/LG3-EC_bRNA_1_fastqc.zip' as it didn't match the path_filters for 'FastQC (trimmed)'
[2024-03-26 15:04:05,226] multiqc.modules.base_module                        [DEBUG  ]  fastqc/zip - Skipping './fastqc/raw/LG1-EC_bRNA_2_fastqc.zip' as it didn't match the path_filters for 'FastQC (trimmed)'
[2024-03-26 15:04:05,226] multiqc.modules.base_module                        [DEBUG  ]  fastqc/zip - Skipping './fastqc/raw/BR2-EC_bRNA_1_fastqc.zip' as it didn't match the path_filters for 'FastQC (trimmed)'
[2024-03-26 15:04:05,226] multiqc.modules.base_module                        [DEBUG  ]  fastqc/zip - Skipping './fastqc/raw/LV2-EC_bRNA_2_fastqc.zip' as it didn't match the path_filters for 'FastQC (trimmed)'
[2024-03-26 15:04:05,226] multiqc.modules.base_module                        [DEBUG  ]  fastqc/zip - Skipping './fastqc/raw/LV3-EC_bRNA_2_fastqc.zip' as it didn't match the path_filters for 'FastQC (trimmed)'
[2024-03-26 15:04:05,226] multiqc.modules.base_module                        [DEBUG  ]  fastqc/zip - Skipping './fastqc/raw/BR1-EC_bRNA_2_fastqc.zip' as it didn't match the path_filters for 'FastQC (trimmed)'
[2024-03-26 15:04:05,226] multiqc.modules.base_module                        [DEBUG  ]  fastqc/zip - Skipping './fastqc/raw/BR3-EC_bRNA_1_fastqc.zip' as it didn't match the path_filters for 'FastQC (trimmed)'
[2024-03-26 15:04:05,226] multiqc.modules.base_module                        [DEBUG  ]  fastqc/zip - Skipping './fastqc/raw/LG2-EC_bRNA_2_fastqc.zip' as it didn't match the path_filters for 'FastQC (trimmed)'
[2024-03-26 15:04:05,226] multiqc.modules.base_module                        [DEBUG  ]  fastqc/zip - Skipping './fastqc/raw/LG1-EC_bRNA_1_fastqc.zip' as it didn't match the path_filters for 'FastQC (trimmed)'
[2024-03-26 15:04:05,226] multiqc.modules.base_module                        [DEBUG  ]  fastqc/zip - Selecting './fastqc/trim/LG3-EC_bRNA_1_val_1_fastqc.zip' as it matched the path_filters for 'FastQC (trimmed)'
[2024-03-26 15:04:05,256] multiqc.modules.base_module                        [DEBUG  ]  fastqc/zip - Selecting './fastqc/trim/LV2-EC_bRNA_1_val_1_fastqc.zip' as it matched the path_filters for 'FastQC (trimmed)'
[2024-03-26 15:04:05,292] multiqc.modules.base_module                        [DEBUG  ]  fastqc/zip - Selecting './fastqc/trim/LG1-EC_bRNA_2_val_2_fastqc.zip' as it matched the path_filters for 'FastQC (trimmed)'
[2024-03-26 15:04:05,327] multiqc.modules.base_module                        [DEBUG  ]  fastqc/zip - Selecting './fastqc/trim/BR2-EC_bRNA_1_val_1_fastqc.zip' as it matched the path_filters for 'FastQC (trimmed)'
[2024-03-26 15:04:05,359] multiqc.modules.base_module                        [DEBUG  ]  fastqc/zip - Selecting './fastqc/trim/LG1-EC_bRNA_1_val_1_fastqc.zip' as it matched the path_filters for 'FastQC (trimmed)'
[2024-03-26 15:04:05,384] multiqc.modules.base_module                        [DEBUG  ]  fastqc/zip - Selecting './fastqc/trim/LV3-EC_bRNA_2_val_2_fastqc.zip' as it matched the path_filters for 'FastQC (trimmed)'
[2024-03-26 15:04:05,408] multiqc.modules.base_module                        [DEBUG  ]  fastqc/zip - Selecting './fastqc/trim/BR3-EC_bRNA_1_val_1_fastqc.zip' as it matched the path_filters for 'FastQC (trimmed)'
[2024-03-26 15:04:05,435] multiqc.modules.base_module                        [DEBUG  ]  fastqc/zip - Selecting './fastqc/trim/BR3-EC_bRNA_2_val_2_fastqc.zip' as it matched the path_filters for 'FastQC (trimmed)'
[2024-03-26 15:04:05,454] multiqc.modules.base_module                        [DEBUG  ]  fastqc/zip - Selecting './fastqc/trim/BR2-EC_bRNA_2_val_2_fastqc.zip' as it matched the path_filters for 'FastQC (trimmed)'
[2024-03-26 15:04:05,491] multiqc.modules.base_module                        [DEBUG  ]  fastqc/zip - Selecting './fastqc/trim/LG3-EC_bRNA_2_val_2_fastqc.zip' as it matched the path_filters for 'FastQC (trimmed)'
[2024-03-26 15:04:05,521] multiqc.modules.base_module                        [DEBUG  ]  fastqc/zip - Selecting './fastqc/trim/LV2-EC_bRNA_2_val_2_fastqc.zip' as it matched the path_filters for 'FastQC (trimmed)'
[2024-03-26 15:04:05,547] multiqc.modules.base_module                        [DEBUG  ]  fastqc/zip - Selecting './fastqc/trim/LV1-EC_bRNA_2_val_2_fastqc.zip' as it matched the path_filters for 'FastQC (trimmed)'
[2024-03-26 15:04:05,572] multiqc.modules.base_module                        [DEBUG  ]  fastqc/zip - Selecting './fastqc/trim/BR1-EC_bRNA_1_val_1_fastqc.zip' as it matched the path_filters for 'FastQC (trimmed)'
[2024-03-26 15:04:05,617] multiqc.modules.base_module                        [DEBUG  ]  fastqc/zip - Selecting './fastqc/trim/LV3-EC_bRNA_1_val_1_fastqc.zip' as it matched the path_filters for 'FastQC (trimmed)'
[2024-03-26 15:04:05,640] multiqc.modules.base_module                        [DEBUG  ]  fastqc/zip - Selecting './fastqc/trim/LG2-EC_bRNA_1_val_1_fastqc.zip' as it matched the path_filters for 'FastQC (trimmed)'
[2024-03-26 15:04:05,670] multiqc.modules.base_module                        [DEBUG  ]  fastqc/zip - Selecting './fastqc/trim/LG2-EC_bRNA_2_val_2_fastqc.zip' as it matched the path_filters for 'FastQC (trimmed)'
[2024-03-26 15:04:05,718] multiqc.modules.base_module                        [DEBUG  ]  fastqc/zip - Selecting './fastqc/trim/BR1-EC_bRNA_2_val_2_fastqc.zip' as it matched the path_filters for 'FastQC (trimmed)'
[2024-03-26 15:04:05,743] multiqc.modules.base_module                        [DEBUG  ]  fastqc/zip - Selecting './fastqc/trim/LV1-EC_bRNA_1_val_1_fastqc.zip' as it matched the path_filters for 'FastQC (trimmed)'
[2024-03-26 15:04:05,765] multiqc.modules.fastqc.fastqc                      [INFO   ]  Found 18 reports
[2024-03-26 15:04:12,290] multiqc.utils.software_versions                    [DEBUG  ]  Reading software versions from config.software_versions
[2024-03-26 15:04:12,290] multiqc                                            [DEBUG  ]  Reordering sections: anchor 'nf-core-rnaseq-methods-description' not found for module 'STAR_SALMON DESeq2 PCA plot'.
[2024-03-26 15:04:12,290] multiqc                                            [DEBUG  ]  Reordering sections: anchor 'software_versions' not found for module 'STAR_SALMON DESeq2 PCA plot'.
[2024-03-26 15:04:12,290] multiqc                                            [DEBUG  ]  Reordering sections: anchor 'nf-core-rnaseq-summary' not found for module 'STAR_SALMON DESeq2 PCA plot'.
[2024-03-26 15:04:12,291] multiqc                                            [DEBUG  ]  Reordering sections: anchor 'nf-core-rnaseq-methods-description' not found for module 'STAR_SALMON DESeq2 sample similarity'.
[2024-03-26 15:04:12,291] multiqc                                            [DEBUG  ]  Reordering sections: anchor 'software_versions' not found for module 'STAR_SALMON DESeq2 sample similarity'.
[2024-03-26 15:04:12,291] multiqc                                            [DEBUG  ]  Reordering sections: anchor 'nf-core-rnaseq-summary' not found for module 'STAR_SALMON DESeq2 sample similarity'.
[2024-03-26 15:04:12,291] multiqc                                            [DEBUG  ]  Reordering sections: anchor 'nf-core-rnaseq-methods-description' not found for module 'Biotype Counts'.
[2024-03-26 15:04:12,291] multiqc                                            [DEBUG  ]  Reordering sections: anchor 'software_versions' not found for module 'Biotype Counts'.
[2024-03-26 15:04:12,291] multiqc                                            [DEBUG  ]  Reordering sections: anchor 'nf-core-rnaseq-summary' not found for module 'Biotype Counts'.
[2024-03-26 15:04:12,291] multiqc                                            [DEBUG  ]  Reordering sections: anchor 'nf-core-rnaseq-methods-description' not found for module 'DupRadar'.
[2024-03-26 15:04:12,291] multiqc                                            [DEBUG  ]  Reordering sections: anchor 'software_versions' not found for module 'DupRadar'.
[2024-03-26 15:04:12,291] multiqc                                            [DEBUG  ]  Reordering sections: anchor 'nf-core-rnaseq-summary' not found for module 'DupRadar'.
[2024-03-26 15:04:12,291] multiqc                                            [DEBUG  ]  Reordering sections: anchor 'nf-core-rnaseq-methods-description' not found for module 'Picard'.
[2024-03-26 15:04:12,291] multiqc                                            [DEBUG  ]  Reordering sections: anchor 'software_versions' not found for module 'Picard'.
[2024-03-26 15:04:12,291] multiqc                                            [DEBUG  ]  Reordering sections: anchor 'nf-core-rnaseq-summary' not found for module 'Picard'.
[2024-03-26 15:04:12,291] multiqc                                            [DEBUG  ]  Reordering sections: anchor 'nf-core-rnaseq-methods-description' not found for module 'QualiMap'.
[2024-03-26 15:04:12,291] multiqc                                            [DEBUG  ]  Reordering sections: anchor 'software_versions' not found for module 'QualiMap'.
[2024-03-26 15:04:12,291] multiqc                                            [DEBUG  ]  Reordering sections: anchor 'nf-core-rnaseq-summary' not found for module 'QualiMap'.
[2024-03-26 15:04:12,291] multiqc                                            [DEBUG  ]  Reordering sections: anchor 'nf-core-rnaseq-methods-description' not found for module 'RSeQC'.
[2024-03-26 15:04:12,291] multiqc                                            [DEBUG  ]  Reordering sections: anchor 'software_versions' not found for module 'RSeQC'.
[2024-03-26 15:04:12,291] multiqc                                            [DEBUG  ]  Reordering sections: anchor 'nf-core-rnaseq-summary' not found for module 'RSeQC'.
[2024-03-26 15:04:12,291] multiqc                                            [DEBUG  ]  Reordering sections: anchor 'nf-core-rnaseq-methods-description' not found for module 'Samtools'.
[2024-03-26 15:04:12,291] multiqc                                            [DEBUG  ]  Reordering sections: anchor 'software_versions' not found for module 'Samtools'.
[2024-03-26 15:04:12,291] multiqc                                            [DEBUG  ]  Reordering sections: anchor 'nf-core-rnaseq-summary' not found for module 'Samtools'.
[2024-03-26 15:04:12,291] multiqc                                            [DEBUG  ]  Reordering sections: anchor 'nf-core-rnaseq-methods-description' not found for module 'STAR'.
[2024-03-26 15:04:12,291] multiqc                                            [DEBUG  ]  Reordering sections: anchor 'software_versions' not found for module 'STAR'.
[2024-03-26 15:04:12,292] multiqc                                            [DEBUG  ]  Reordering sections: anchor 'nf-core-rnaseq-summary' not found for module 'STAR'.
[2024-03-26 15:04:12,292] multiqc                                            [DEBUG  ]  Reordering sections: anchor 'nf-core-rnaseq-methods-description' not found for module 'FastQC (raw)'.
[2024-03-26 15:04:12,292] multiqc                                            [DEBUG  ]  Reordering sections: anchor 'software_versions' not found for module 'FastQC (raw)'.
[2024-03-26 15:04:12,292] multiqc                                            [DEBUG  ]  Reordering sections: anchor 'nf-core-rnaseq-summary' not found for module 'FastQC (raw)'.
[2024-03-26 15:04:12,292] multiqc                                            [DEBUG  ]  Reordering sections: anchor 'nf-core-rnaseq-methods-description' not found for module 'Cutadapt'.
[2024-03-26 15:04:12,292] multiqc                                            [DEBUG  ]  Reordering sections: anchor 'software_versions' not found for module 'Cutadapt'.
[2024-03-26 15:04:12,292] multiqc                                            [DEBUG  ]  Reordering sections: anchor 'nf-core-rnaseq-summary' not found for module 'Cutadapt'.
[2024-03-26 15:04:12,292] multiqc                                            [DEBUG  ]  Reordering sections: anchor 'nf-core-rnaseq-methods-description' not found for module 'FastQC (trimmed)'.
[2024-03-26 15:04:12,292] multiqc                                            [DEBUG  ]  Reordering sections: anchor 'software_versions' not found for module 'FastQC (trimmed)'.
[2024-03-26 15:04:12,292] multiqc                                            [DEBUG  ]  Reordering sections: anchor 'nf-core-rnaseq-summary' not found for module 'FastQC (trimmed)'.
[2024-03-26 15:04:12,292] multiqc                                            [DEBUG  ]  Reordering sections: anchor 'nf-core-rnaseq-methods-description' not found for module 'nf-core/rnaseq Methods Description'.
[2024-03-26 15:04:12,292] multiqc                                            [DEBUG  ]  Reordering sections: anchor 'software_versions' not found for module 'nf-core/rnaseq Methods Description'.
[2024-03-26 15:04:12,292] multiqc                                            [DEBUG  ]  Reordering sections: anchor 'nf-core-rnaseq-summary' not found for module 'nf-core/rnaseq Methods Description'.
[2024-03-26 15:04:12,292] multiqc                                            [DEBUG  ]  Reordering sections: anchor 'nf-core-rnaseq-methods-description' not found for module 'nf-core/rnaseq Software Versions'.
[2024-03-26 15:04:12,292] multiqc                                            [DEBUG  ]  Reordering sections: anchor 'software_versions' not found for module 'nf-core/rnaseq Software Versions'.
[2024-03-26 15:04:12,292] multiqc                                            [DEBUG  ]  Reordering sections: anchor 'nf-core-rnaseq-summary' not found for module 'nf-core/rnaseq Software Versions'.
[2024-03-26 15:04:12,292] multiqc                                            [DEBUG  ]  Reordering sections: anchor 'nf-core-rnaseq-methods-description' not found for module 'nf-core/rnaseq Workflow Summary'.
[2024-03-26 15:04:12,292] multiqc                                            [DEBUG  ]  Reordering sections: anchor 'software_versions' not found for module 'nf-core/rnaseq Workflow Summary'.
[2024-03-26 15:04:12,292] multiqc                                            [DEBUG  ]  Reordering sections: anchor 'nf-core-rnaseq-summary' not found for module 'nf-core/rnaseq Workflow Summary'.
[2024-03-26 15:04:12,356] multiqc                                            [DEBUG  ]  Compressing plot data
[2024-03-26 15:04:13,839] multiqc                                            [INFO   ]  Report      : multiqc_report.html
[2024-03-26 15:04:13,840] multiqc                                            [INFO   ]  Data        : multiqc_report_data
[2024-03-26 15:04:13,840] multiqc                                            [DEBUG  ]  Moving data file from '/tmp/slurm_251177/tmp0dzjc_i2/multiqc_data' to '/nemo/lab/ulej/home/users/luscomben/users/capitac/ebi-course-24-march/work/6c/11588a500effbd9dfaf1f10e5b77c2/multiqc_report_data'
[2024-03-26 15:04:13,921] multiqc                                            [DEBUG  ]  Full report path: /nemo/lab/ulej/home/users/luscomben/users/capitac/ebi-course-24-march/work/6c/11588a500effbd9dfaf1f10e5b77c2/multiqc_report.html
[2024-03-26 15:04:13,921] multiqc                                            [INFO   ]  Plots       : multiqc_report_plots
[2024-03-26 15:04:13,921] multiqc                                            [DEBUG  ]  Moving plots directory from '/tmp/slurm_251177/tmp0dzjc_i2/multiqc_plots' to '/nemo/lab/ulej/home/users/luscomben/users/capitac/ebi-course-24-march/work/6c/11588a500effbd9dfaf1f10e5b77c2/multiqc_report_plots'
[2024-03-26 15:04:14,181] multiqc                                            [INFO   ]  MultiQC complete
