# ALPHA = 0.05
# NUMBER_OF_TESTS = 3

# _SET1_  VARIABLE = BR_vs_LG (set)
# _SET1_  NGENES = 433
# _SET1_  P-VALUE = 0.00143389
_SET1_   GENE        CHR      START       STOP  NSNPS  NPARAM      N        ZSTAT            P  ZFITTED_BASE  ZRESID_BASE
_SET1_   149563        1   16295731   16343184     99      16  11226     -0.21619      0.54424   -2.7756e-17     -0.21619
_SET1_   4237          1   17290997   17343081     55      13  11226      -1.0972      0.84294             0      -1.0972
_SET1_   23400         1   17302453   17373467     88      15  11226     -0.76917      0.75846             0     -0.76917
_SET1_   1269          1   24187005   24320549     86      14  11226      0.92339      0.15968             0      0.92339
_SET1_   84879         1   40385784   40445630     61      17  11226     0.063916        0.439   -2.7756e-17     0.063916
_SET1_   6513          1   43381046   43459847    157      24  11226     -0.11758      0.50745   -2.7756e-17     -0.11758
_SET1_   4352          1   43768475   43830135     39       9  11226      -0.1559      0.53037   -2.7756e-17      -0.1559
_SET1_   1580          1   47229670   47295021     80      18  11226      -1.1582      0.85397             0      -1.1582
_SET1_   7804          1   53698036   53828821    176      42  11226    0.0086496      0.45728   -2.6021e-17    0.0086496
_SET1_   55225         1   65175778   65308915    162      25  11226      0.85455      0.16702             0      0.85455
_SET1_   5142          1   66223193   66850262    835      76  11226      0.41676      0.27977             0      0.41676
_SET1_   84251         1   66964066   67220768    438      30  11226       1.9077     0.021064             0       1.9077
_SET1_   81849         1   77298126   77543223    303      41  11226      -1.8555      0.95944             0      -1.8555
_SET1_   54873         1  100076431  100170097    140      23  11226      0.88701      0.15958             0      0.88701
_SET1_   10451         1  108103782  108542545    852      86  11226      -1.3321      0.87725             0      -1.3321
_SET1_   1952          1  109757641  109828378    105      23  11226      0.96202      0.14418             0      0.96202
_SET1_   2946          1  110175644  110236619     52      13  11226      0.72389      0.21225             0      0.72389
_SET1_   9122          1  110895473  110968704     91      16  11226       1.6902     0.038161             0       1.6902
_SET1_   6566          1  113444469  113533975     83      14  11226      0.87752      0.16402             0      0.87752
_SET1_   914           1  117262057  117321851     73      19  11226     -0.44574      0.64297             0     -0.44574
_SET1_   90874         1  120152000  120225813     90      24  11226      0.16384      0.40181   -2.7756e-17      0.16384
_SET1_   3158          1  120280619  120346555     77      17  11226     -0.94769      0.80899             0     -0.94769
_SET1_   3570          1  154342669  154451926    153      29  11226      0.35696      0.32719             0      0.35696
_SET1_   912           1  158112828  158166217     59      11  11226      0.48726      0.29134             0      0.48726
_SET1_   149628        1  158866337  158956849    149      27  11226     -0.85313      0.77467             0     -0.85313
_SET1_   2207          1  161150087  161199038     54      19  11226      0.39203      0.30861             0      0.39203
_SET1_   654790        1  161193517  161265240    121      25  11226      0.45916      0.28817             0      0.45916
_SET1_   2212          1  161440205  161499360     85      17  11226     -0.77553      0.75131             0     -0.77553
_SET1_   387597        1  166872441  166979576    154      24  11226      -2.3837      0.98852             0      -2.3837
_SET1_   9019          1  167656187  167771156    185      27  11226      0.23856      0.36329   -2.7756e-17      0.23856
_SET1_   6403          1  169548087  169634377    186      28  11226      0.35959      0.32617             0      0.35959
_SET1_   6402          1  169649806  169715843    186      19  11226      0.92268      0.15076             0      0.92268
_SET1_   26052         1  171775618  172397606    756      68  11226     -0.31661      0.56378             0     -0.31661
_SET1_   2752          1  182340839  182396341     70      15  11226      0.48586      0.28319             0      0.48586
_SET1_   6041          1  182532769  182593420     84      21  11226     -0.10008      0.51221   -2.7756e-17     -0.10008
_SET1_   5321          1  186763032  186968113    287      40  11226        1.139      0.10502             0        1.139
_SET1_   23612         1  201424607  201473299     92      23  11226      0.23769      0.36816   -2.7756e-17      0.23769
_SET1_   9911          1  205162038  205252471    120      15  11226      -1.0362      0.83131             0      -1.0362
_SET1_   722           1  207242583  207328317     94      24  11226       1.3239     0.077038             0       1.3239
_SET1_   3664          1  209948968  210014520    116      16  11226       1.5855     0.048516             0       1.5855
_SET1_   3756          1  210841657  211342457    905      92  11226      0.52322      0.24395             0      0.52322
_SET1_   467           1  212703676  212804119    218      42  11226     0.022181      0.44824   -2.7756e-17     0.022181
_SET1_   55740         1  225664534  225875845    296      18  11226      -1.3908      0.89793             0      -1.3908
_SET1_   4811          1  236129130  236263481    160      33  11226    -0.060035      0.49426   -2.7756e-17    -0.060035
_SET1_   7837          2    1625659    1783291    247      52  11226      0.01733      0.45358   -2.7756e-17      0.01733
_SET1_   6664          2    5797799    5851517     73      19  11226    -0.095562      0.49798   -2.7756e-17    -0.095562
_SET1_   9781          2    7022523    7219011    380      51  11226     -0.79892      0.76038             0     -0.79892
_SET1_   22979         2   25229973   25392004    184      29  11226       1.7413     0.032332             0       1.7413
_SET1_   6654          2   39198690   39382686    127      21  11226       1.2321     0.090123             0       1.2321
_SET1_   130271        2   43829439   44005126    382      43  11226       1.1406      0.10626             0       1.1406
_SET1_   4211          2   66627257   66809891    250      46  11226      0.52255      0.26436             0      0.52255
_SET1_   25927         2   68501303   68582183    109      25  11226       1.8084     0.029172             0       1.8084
_SET1_   7039          2   70664412   70816147    266      40  11226     -0.31388      0.58286             0     -0.31388
_SET1_   6439          2   85874440   85930864     70      15  11226      -1.5945      0.93254             0      -1.5945
_SET1_   4118          2   95656400   95729737     37      18  11226       1.5105     0.056437             0       1.5105
_SET1_   93082         2   97153383   97208846     29      11  11226      -0.4449       0.6321             0      -0.4449
_SET1_   6549          2  103201166  103337809    195      30  11226      0.13069      0.41269   -2.7756e-17      0.13069
_SET1_   2995          2  127378426  127464251    107      24  11226     -0.29213      0.57891             0     -0.29213
_SET1_   274           2  127795599  127899903    245      35  11226      0.17369      0.39559   -2.7756e-17      0.17369
_SET1_   344148        2  133419361  134434118   1383     169  11226       1.0214      0.11113             0       1.0214
_SET1_   2820          2  157256965  157452915    190      25  11226       1.1688      0.10044             0       1.1688
_SET1_   9595          2  158261131  158335604     89      20  11226       1.3328     0.079996             0       1.3328
_SET1_   4065          2  160649866  160796267    251      34  11226       1.1247      0.11192             0       1.1247
_SET1_   6332          2  167250083  167378481    195      28  11226      0.28136      0.34883             0      0.28136
_SET1_   285025        2  179684484  179949841    451      49  11226      0.37158      0.30819             0      0.37158
_SET1_   10203         2  188196690  188348021    202      23  11226       2.2638    0.0090891             0       2.2638
_SET1_   30061         2  190415316  190483478     74      13  11226      0.24856      0.37221   -2.7756e-17      0.24856
_SET1_   23671         2  192760615  193094645    384      71  11226      -1.4065      0.90279             0      -1.4065
_SET1_   57181         2  196442798  196612426    193      31  11226      0.29369      0.34565             0      0.29369
_SET1_   57520         2  197053971  197493416    700      71  11226     -0.83936      0.75078             0     -0.83936
_SET1_   91526         2  197821741  198210521    584      68  11226      0.42169      0.28509             0      0.42169
_SET1_   65059         2  204288538  204435058    124      17  11226      0.52529       0.2633             0      0.52529
_SET1_   8828          2  206512184  206672857    208      59  11226     -0.24927       0.5622   -2.7756e-17     -0.24927
_SET1_   8745          2  207273268  207495854    286      39  11226      0.89528      0.15476             0      0.89528
_SET1_   2335          2  216215177  216335890    166      27  11226     -0.23037      0.56461   -2.7756e-17     -0.23037
_SET1_   64114         2  219128917  219192280     77       7  11226      0.49192      0.29179             0      0.49192
_SET1_   3667          2  227586033  227699545    163      24  11226      -2.2088      0.98369             0      -2.2088
_SET1_   6533          3   14409076   14540857    220      64  11226      -1.3913      0.90449             0      -1.3913
_SET1_   117248        3   16181086   16296033    223      50  11226      -1.6509      0.94037             0      -1.6509
_SET1_   7048          3   30612994   30745634    221      51  11226      -1.3853       0.9011             0      -1.3853
_SET1_   64651         3   39173342   39231093     85      23  11226      -0.7793      0.74961             0      -0.7793
_SET1_   1238          3   42815964   42918775    126      24  11226       -1.181      0.86038             0       -1.181
_SET1_   6405          3   50157562   50236508     59      14  11226       1.8429     0.027367             0       1.8429
_SET1_   2779          3   50194043   50245129     47      12  11226       1.9065     0.023636             0       1.9065
_SET1_   10991         3   50207692   50268406     54      14  11226       2.0917     0.014401             0       2.0917
_SET1_   8692          3   50345221   50395281     15       6  11226        -1.05      0.83052             0        -1.05
_SET1_   1154          3   50633885   50684262     28       8  11226      0.49985      0.27437             0      0.49985
_SET1_   166336        3   64069526   64288859    350      52  11226       1.2831     0.082176             0       1.2831
_SET1_   285203        3   69014363   69098112     99      17  11226    -0.043823      0.49253   -2.7756e-17    -0.043823
_SET1_   23150         3   69209146   69470430    380      58  11226     -0.80551      0.75726             0     -0.80551
_SET1_   25890         3  100458179  100747336    453      52  11226     -0.66517      0.70667             0     -0.66517
_SET1_   91775         3  101463029  101557075     71      14  11226     -0.16202      0.53099   -2.7756e-17     -0.16202
_SET1_   64332         3  101511834  101589869     46      13  11226     -0.79297      0.76239             0     -0.79297
_SET1_   961           3  107751941  107844935    124      26  11226       1.2306     0.092486             0       1.2306
_SET1_   25945         3  110755606  110923017    130      20  11226    -0.067932      0.51295   -2.7756e-17    -0.067932
_SET1_   4638          3  123321143  123638149    329      49  11226      0.35085      0.31824             0      0.35085
_SET1_   3693          3  124470795  124641500    336      27  11226     -0.71839       0.7223             0     -0.71839
_SET1_   5361          3  126672437  126766235    186      25  11226      0.98537      0.13642             0      0.98537
_SET1_   6578          3  133641540  133783920    221      53  11226      0.63128      0.23503             0      0.63128
_SET1_   26577         3  142526702  142643045    216      40  11226     -0.73305      0.73801             0     -0.73305
_SET1_   1356          3  148870197  148974832    217      38  11226      0.69228      0.21056             0      0.69228
_SET1_   5028          3  152517736  152565845     72       9  11226     -0.88725      0.78912             0     -0.88725
_SET1_   590           3  165480692  165590260    186      22  11226      0.81314      0.17788             0      0.81314
_SET1_   2122          3  168791287  169416563    991     121  11226     -0.54447      0.64674             0     -0.54447
_SET1_   23043         3  170770292  171213197    711     104  11226      0.65698      0.21626             0      0.65698
_SET1_   5648          3  186923873  187044810    218      49  11226       1.0435      0.12589             0       1.0435
_SET1_   347           3  195285573  195346076    127      24  11226     -0.96015      0.80931             0     -0.96015
_SET1_   7037          3  195766155  195844032    171      22  11226      0.29769      0.35313             0      0.29769
_SET1_   952           4   15744921   15860706    208      24  11226       0.7122      0.20709             0       0.7122
_SET1_   8842          4   15959849   16120723    280      57  11226       1.2641     0.086072             0       1.2641
_SET1_   9079          4   16493164   16935424    719     119  11226      0.30239      0.33534             0      0.30239
_SET1_   389206        4   42102870   42189895    193      23  11226     0.013175      0.44924   -2.6021e-17     0.013175
_SET1_   3815          4   55489095   55616881    216      32  11226       1.2144     0.095029             0       1.2144
_SET1_   84525         4   57504154   57582874    156      35  11226      0.73547      0.20399             0      0.73547
_SET1_   57619         4   77321253   77714406    597      56  11226     -0.18379      0.51719   -2.7756e-17     -0.18379
_SET1_   118429        4   80812771   81029626    257      25  11226     -0.56392      0.67522             0     -0.56392
_SET1_   56978         4   81070033   81135483    134      18  11226      0.42108      0.29941             0      0.42108
_SET1_   8404          4   88384483   88485798    151      23  11226      -1.8297      0.95999             0      -1.8297
_SET1_   285513        4   90152427   90264161    169      41  11226       1.2948     0.083569             0       1.2948
_SET1_   22915         4   90781003   90885780    159      21  11226      -1.4719      0.91321             0      -1.4719
_SET1_   10098         4   99381518   99614812    345      54  11226      -1.2509      0.87401             0      -1.2509
_SET1_   55024         4  102676764  103005969    417      39  11226      0.52347      0.25831             0      0.52347
_SET1_   64116         4  103162198  103301655    254      32  11226      -1.5016      0.92136             0      -1.5016
_SET1_   80319         4  105379463  105451058     66      15  11226      0.28572      0.35682             0      0.28572
_SET1_   51176         4  108958701  109125112    166      28  11226     -0.58108      0.68341             0     -0.58108
_SET1_   171024        4  119774996  119992402    386      51  11226       1.4013       0.0651             0       1.4013
_SET1_   54532         4  120098775  120226673    179      24  11226      -1.1795      0.86117             0      -1.1795
_SET1_   79633         4  126202003  126424087    387      44  11226     -0.33149      0.58713             0     -0.33149
_SET1_   3248          4  175401328  175479049    146      33  11226       1.0985      0.11627             0       1.0985
_SET1_   8470          4  186496598  186912870    928     142  11226      -1.8266      0.95522             0      -1.8266
_SET1_   4883          5   32675284   32801830    217      36  11226     -0.10829       0.5025   -2.7756e-17     -0.10829
_SET1_   2533          5   39095354   39305759    273      33  11226       2.0231     0.016699             0       2.0231
_SET1_   1601          5   39361776   39460335    189      28  11226      0.67189      0.21778             0      0.67189
_SET1_   3673          5   52250156   52400609    321      29  11226      0.87619      0.16275             0      0.87619
_SET1_   79993         5   60037616   60175101    179      24  11226       1.8237     0.026936             0       1.8237
_SET1_   10087         5   74656928   74842806    205      23  11226      0.83341      0.17169             0      0.83341
_SET1_   51426         5   74772657   74905646    139      18  11226      0.79266      0.18387             0      0.79266
_SET1_   10184         5   77771038   77979648    236      30  11226       1.1214      0.11843             0       1.1214
_SET1_   10085         5   83226414   83715685    553      80  11226     -0.54775      0.66616             0     -0.54775
_SET1_   57561         5   90654541   90714149     37      12  11226     -0.66387      0.71118             0     -0.66387
_SET1_   7903          5  100132639  100273989    183      16  11226       0.2434      0.36614   -2.7756e-17       0.2434
_SET1_   1176          5  115142303  115259778    130      29  11226     -0.71645      0.72973             0     -0.71645
_SET1_   57556         5  115769251  115945551    359      61  11226      0.66173      0.21769             0      0.66173
_SET1_   3659          5  131807301  131861465     74       9  11226    -0.037487      0.49256   -2.7756e-17    -0.037487
_SET1_   134549        5  132147833  132201655     62       8  11226     -0.74713      0.74338             0     -0.74713
_SET1_   1958          5  137766181  137815004     74      17  11226        1.482      0.05709             0        1.482
_SET1_   56134         5  140310747  140401929    117      23  11226     -0.40153      0.61822             0     -0.40153
_SET1_   5097          5  141222655  141293361    100      16  11226      -1.1163      0.84475             0      -1.1163
_SET1_   2246          5  141961743  142112635    291      59  11226      -0.7975      0.75385             0      -0.7975
_SET1_   972           5  149771200  149827543     96      22  11226      0.41688      0.30046             0      0.41688
_SET1_   2878          5  150364999  150418554     65      17  11226     -0.93607      0.80258             0     -0.93607
_SET1_   3702          5  156572907  156692109    263      29  11226      -0.7587      0.73907             0      -0.7587
_SET1_   1879          5  158112916  158561788    572      60  11226     0.068176      0.41709   -2.7756e-17     0.068176
_SET1_   114898        5  159764761  159832657     98      19  11226       1.4007     0.072035             0       1.4007
_SET1_   1794          5  169029251  169520386    931     105  11226     0.047295      0.41576   -2.7756e-17     0.047295
_SET1_   153579        5  180432203  180498523    165      22  11226       1.1992      0.09503             0       1.1992
_SET1_   94234         6    1277675    1324993     76      24  11226      0.55479      0.25556             0      0.55479
_SET1_   2295          6    1355069    1405832    113      24  11226       1.7124     0.034603             0       1.7124
_SET1_   2296          6    1575681    1624132     68      26  11226      -1.5503       0.9263             0      -1.5503
_SET1_   63027         6    3259207    3491954    459      77  11226      0.99706      0.13549             0      0.99706
_SET1_   654           6    7692011    7891972    344      57  11226    -0.015423       0.4631   -2.6021e-17    -0.015423
_SET1_   255488        6   18242602   18479105    542      44  11226     -0.57183      0.66422             0     -0.57183
_SET1_   80740         6   31676425   31724511     28      10  11226       2.0847     0.014889             0       2.0847
_SET1_   80737         6   31723178   31780108     29      12  11226       1.8514     0.025112             0       1.8514
_SET1_   7148          6   31998932   32112151     83      25  11226       1.4255     0.062718             0       1.4255
_SET1_   3120          6   32713837   32766330     18       9  11226      0.44866      0.31181             0      0.44866
_SET1_   3109          6   32892406   32943847     77      20  11226    -0.023533      0.47237   -2.7756e-17    -0.023533
_SET1_   2740          6   38981557   39066657    148      35  11226      0.67476      0.22291             0      0.67476
_SET1_   79865         6   41147552   41203925    117      23  11226       1.0315      0.13065             0       1.0315
_SET1_   7422          6   43702946   43764224     90      35  11226      0.60443      0.24209             0      0.60443
_SET1_   23607         6   47410482   47604999    251      21  11226      0.46543      0.29285             0      0.46543
_SET1_   1303          6   75784042   75950623    133      28  11226      0.09247      0.42997   -2.7756e-17      0.09247
_SET1_   3910          6  112419134  112610924    260      38  11226     -0.71671      0.73456             0     -0.71671
_SET1_   29940         6  116566231  116772422    247      41  11226     -0.76862      0.74735             0     -0.76862
_SET1_   285761        6  117768803  117901021    270      25  11226       1.0727       0.1177             0       1.0727
_SET1_   84870         6  127404844  127530626    143      23  11226        0.803      0.18665             0        0.803
_SET1_   2037          6  131150487  131419462    443      37  11226      0.59491      0.23256             0      0.59491
_SET1_   167838        6  139551198  139680148    206      42  11226       -0.161      0.52599   -2.7756e-17       -0.161
_SET1_   7402          6  144571434  145184170    717      92  11226     -0.15174      0.50062   -2.7756e-17     -0.15174
_SET1_   80727         7    2636603    2714436    137      33  11226       1.5806     0.047437             0       1.5806
_SET1_   196           7   17303276   17395775     61      21  11226      0.75573      0.19436             0      0.75573
_SET1_   9771          7   22147908   22431751    489      63  11226     -0.35671      0.59175             0     -0.35671
_SET1_   8935          7   26687397   27069862    508      22  11226      -0.2666       0.5546             0      -0.2666
_SET1_   3199          7   27129973   27177394     52      12  11226      -1.1702      0.85763             0      -1.1702
_SET1_   3200          7   27135803   27214805     85      17  11226     -0.72647      0.73248             0     -0.72647
_SET1_   3202          7   27170671   27227309     55      19  11226     0.086506      0.42297   -2.7756e-17     0.086506
_SET1_   1124          7   29198991   29563944    690      99  11226     -0.28372      0.56277             0     -0.28372
_SET1_   358           7   30916415   30975131     98      30  11226      0.16204      0.39423   -2.7756e-17      0.16204
_SET1_   64005         7   44992260   45053704     81      17  11226      0.39778      0.30919             0      0.39778
_SET1_   2969          7   74036991   74185022     86      19  11226      -1.1515      0.85209             0      -1.1515
_SET1_   948           7   80196504   80318593    172      20  11226      0.94596      0.14991             0      0.94596
_SET1_   3082          7   81321444   81434452    119      30  11226     -0.99691      0.81456             0     -0.99691
_SET1_   5243          7   87123179   87377639    320      36  11226      0.47454      0.27581             0      0.47454
_SET1_   54674         7  110696062  110775510     82      13  11226     -0.15557      0.53427   -2.7756e-17     -0.15557
_SET1_   29923         7  128060884  128108472     97      18  11226       1.9753     0.018663             0       1.9753
_SET1_   375616        7  128506919  128585773    142      34  11226      0.81195      0.18108             0      0.81195
_SET1_   91584         7  131798091  132368447    951     120  11226       1.4261     0.056028             0       1.4261
_SET1_   78996         7  134840532  134890578     63      10  11226       1.9364     0.023398             0       1.9364
_SET1_   5764          7  136902088  137063606    230      49  11226      0.83771      0.17578             0      0.83771
_SET1_   55303         7  150229458  150281043    115      13  11226       1.0346      0.13418             0       1.0346
_SET1_   28959         7  150478375  150533448    116      24  11226      -1.7103      0.94825             0      -1.7103
_SET1_   4846          7  150653144  150721687     63      21  11226      0.79452       0.1874             0      0.79452
_SET1_   57488         7  158513688  158657729    269      21  11226      -1.8929      0.96162             0      -1.8929
_SET1_   157695        8     429790     530781    205      41  11226      0.42373      0.30306             0      0.42373
_SET1_   4023          8   19761582   19834770    173      19  11226     -0.60027      0.68721             0     -0.60027
_SET1_   6440          8   21979853   22031992     98      24  11226     -0.49555      0.65272             0     -0.49555
_SET1_   5533          8   22263483   22408657    122      17  11226     -0.12785      0.51986   -2.7756e-17     -0.12785
_SET1_   80223         8   37706465   37792015     42      18  11226      0.54329      0.26032             0      0.54329
_SET1_   83988         8  102688770  103172135    787      74  11226     -0.74997       0.7189             0     -0.74997
_SET1_   8323          8  104275661  104355094    140      22  11226      -2.0337        0.974             0      -2.0337
_SET1_   441376        8  117915464  117966239     71      10  11226     -0.47549      0.65561             0     -0.47549
_SET1_   4982          8  119925796  119999383    147      22  11226      0.48741      0.27584             0      0.48741
_SET1_   6503          8  134038973  134150604    227      23  11226      0.48777      0.28746             0      0.48777
_SET1_   10397         8  134239414  134344835    244      48  11226      0.92754      0.15229             0      0.92754
_SET1_   338328        8  144260068  144309044    102      17  11226       1.3357     0.079675             0       1.3357
_SET1_   2907          8  145029226  145077596     64       7  11226        1.288      0.09262             0        1.288
_SET1_   81704         9     179865     475259    650      68  11226      0.04744      0.42222   -2.7756e-17      0.04744
_SET1_   169792        9    3814128    4335036    992     158  11226      0.30492      0.32393             0      0.30492
_SET1_   79817         9   27315207   27565223    493      74  11226      0.78233      0.18449             0      0.78233
_SET1_   6366          9   34699002   34745164     76      16  11226       0.4596      0.28794             0       0.4596
_SET1_   5239          9   70936815   71155977    193      30  11226     -0.14231      0.51229   -2.7756e-17     -0.14231
_SET1_   8395          9   71285188   71634092    621      46  11226     -0.30776      0.55957             0     -0.30776
_SET1_   23670         9   74288282   74419373    252      19  11226       1.1322      0.10522             0       1.1322
_SET1_   140803        9   77327411   77538010    230      52  11226      0.54848      0.26181             0      0.54848
_SET1_   1842          9   95245829   95333374    149      16  11226      0.87113      0.16565             0      0.87113
_SET1_   2934          9  123995380  124105122    121      25  11226      -0.1284      0.51256   -2.7756e-17      -0.1284
_SET1_   5742          9  125097809  125167982    127      21  11226      0.58134      0.24552             0      0.58134
_SET1_   10276        10    5419514    5511019    136      15  11226      0.37604       0.3177             0      0.37604
_SET1_   5209         10    6151843    6287508    339      93  11226     -0.76761      0.75442             0     -0.76761
_SET1_   80760        10    7591232    7743961    343      64  11226      -1.2945      0.88358             0      -1.2945
_SET1_   254427       10   11830295   11924276    173      41  11226      -1.9122      0.96547             0      -1.9122
_SET1_   8516         10   15547711   15797328    402      48  11226     -0.29377      0.56849             0     -0.29377
_SET1_   10529        10   21058900   21498116    588      73  11226     0.082575      0.41257   -2.7756e-17     0.082575
_SET1_   57608        10   30291729   30383488    143      26  11226       1.6332      0.04272             0       1.6332
_SET1_   221002       10   43679983   43797367    188      31  11226       1.0858       0.1155             0       1.0858
_SET1_   6387         10   44855601   44915545    151      26  11226    -0.018484      0.46986   -2.7756e-17    -0.018484
_SET1_   259230       10   52055345   52418737    501      40  11226     -0.83112      0.75959             0     -0.83112
_SET1_   9886         10   62619196   62796198    258      40  11226     0.092175      0.41792   -2.7756e-17     0.092175
_SET1_   9806         10   73808792   73883790    107      15  11226       -1.525      0.92876             0       -1.525
_SET1_   5328         10   75635862   75687259     47       8  11226      -1.3538      0.90282             0      -1.3538
_SET1_   7414         10   75722836   75889918    173      28  11226     -0.11848      0.50637   -2.7756e-17     -0.11848
_SET1_   414157       10   99314450   99360691     54      13  11226    -0.053822      0.48517   -2.7756e-17    -0.053822
_SET1_   9644         10  105343784  105650195    398      58  11226       2.7755    0.0019309             0       2.7755
_SET1_   282996       10  112369155  112609227    436      63  11226       1.0886      0.11619             0       1.0886
_SET1_   374354       10  115579391  115682265     78      28  11226     0.080071      0.42989   -2.7756e-17     0.080071
_SET1_   153          10  115768806  115816667     99      11  11226       2.2065     0.010654             0       2.2065
_SET1_   259217       10  118420703  118644693    280      47  11226     -0.45247      0.64437             0     -0.45247
_SET1_   5791         10  129670325  129894180    552      90  11226       0.9108      0.15177             0       0.9108
_SET1_   8519         11     278991     325272     77      26  11226      0.85907      0.17519             0      0.85907
_SET1_   64787        11     671120     737727    107      25  11226     -0.53092       0.6713             0     -0.53092
_SET1_   402778       11    1743640    1806824    127      19  11226      0.39706      0.30766             0      0.39706
_SET1_   975          11    2362391    2428649    110      17  11226      0.62798      0.23113             0      0.62798
_SET1_   272          11   10436846   10539126    196      40  11226    -0.094645       0.4975   -2.7756e-17    -0.094645
_SET1_   10894        11   10568712   10625365    116      19  11226       2.1309     0.012714             0       2.1309
_SET1_   374378       11   11282421   11678561    935     147  11226     -0.63646      0.69332             0     -0.63646
_SET1_   9645         11   12097138   12295335    398      78  11226     0.019904      0.45529   -2.7756e-17     0.019904
_SET1_   89797        11   19337271   20153147   1241     210  11226      -0.9871      0.78512             0      -0.9871
_SET1_   159963       11   26678566   26778574    200      42  11226    -0.031214      0.47324   -2.7756e-17    -0.031214
_SET1_   387758       11   26980628   27028634    108      17  11226      -1.1197      0.84653             0      -1.1197
_SET1_   966          11   33714556   33793025    152      26  11226     -0.61088      0.69442             0     -0.61088
_SET1_   960          11   35125417   35263949    285      49  11226      0.32173      0.33174             0      0.32173
_SET1_   143458       11   35930537   36263688    642      94  11226        -2.39        0.988             0        -2.39
_SET1_   387763       11   43929106   43975433     85      27  11226     -0.80975      0.76486             0     -0.80975
_SET1_   90139        11   44713731   44963978    461      74  11226     -0.35989      0.60017             0     -0.35989
_SET1_   8534         11   45659239   45722206     99      21  11226       1.9064     0.022883             0       1.9064
_SET1_   187          11   56991051   57039927     90      15  11226      0.89695      0.16058             0      0.89695
_SET1_   7356         11   62151507   62200678    106      18  11226      0.22871      0.37523   -2.7756e-17      0.22871
_SET1_   9376         11   62750296   62818317     73      28  11226      -1.2325      0.87252             0      -1.2325
_SET1_   116071       11   64745417   64800060     84      18  11226      -1.1373      0.84984             0      -1.1373
_SET1_   11309        11   74827032   74927445    150      24  11226      0.11751       0.4133   -2.7756e-17      0.11751
_SET1_   408          11   74961166   75097875    195      37  11226      0.99637      0.13785             0      0.99637
_SET1_   726          11   76742992   76847201    181      41  11226     -0.46834      0.64289             0     -0.46834
_SET1_   5241         11  100890355  101035544    242      25  11226      -1.1865       0.8622             0      -1.1865
_SET1_   54733        11  107651717  107764914    261      20  11226       1.0895      0.11353             0       1.0895
_SET1_   120376       11  111134271  111189460     92      16  11226      0.75015      0.20502             0      0.75015
_SET1_   85458        11  111762868  111903374     88      20  11226      -1.9045      0.96438             0      -1.9045
_SET1_   4684         11  112796969  113159158    601      55  11226      0.68791      0.20039             0      0.68791
_SET1_   54827        11  114431313  114501484    102      18  11226      -1.0803      0.83783             0      -1.0803
_SET1_   4162         11  119169234  119224087     46      20  11226     -0.04842      0.48631   -2.7756e-17     -0.04842
_SET1_   84959        11  122491398  122695187    376      67  11226      0.10733      0.42013   -2.7756e-17      0.10733
_SET1_   89944        11  134166768  134256222    121      43  11226      0.55388      0.26189             0      0.55388
_SET1_   283420       12   10148276   10228612    150      33  11226      -1.6464      0.94162             0      -1.6464
_SET1_   51267        12   10213012   10286655    137      16  11226     -0.43153      0.62887             0     -0.43153
_SET1_   2059         12   15763075   15977510    121      35  11226     0.041461      0.45637   -2.7756e-17     0.041461
_SET1_   53919        12   20813289   20916320    187      33  11226       1.0461      0.12627             0       1.0461
_SET1_   6579         12   21407534   21583371    334      38  11226      0.78309      0.18259             0      0.78309
_SET1_   55711        12   29266936   29498549    379      37  11226      0.47973      0.27789             0      0.47973
_SET1_   121274       12   48719065   48780029    101      15  11226       1.0704      0.12359             0       1.0704
_SET1_   57228        12   51629133   51699202     97      14  11226       1.5584      0.04861             0       1.5584
_SET1_   91           12   52310451   52400863    121      27  11226     -0.17505      0.52677   -2.7756e-17     -0.17505
_SET1_   144501       12   52552780   52620798    131      28  11226       0.3816      0.32572             0       0.3816
_SET1_   3855         12   52591954   52652709    110      20  11226    -0.018914      0.47489   -2.7756e-17    -0.018914
_SET1_   11318        12   57353355   57400469     59       7  11226      -1.3831       0.9008             0      -1.3831
_SET1_   1649         12   57900371   57949300     36       6  11226       1.0982      0.11638             0       1.0982
_SET1_   5027         12  121535622  121634439    264      26  11226     -0.82239      0.76001             0     -0.82239
_SET1_   605          12  122424861  122509950    107      16  11226      -1.9532      0.96775             0      -1.9532
_SET1_   57605        12  123458027  123670376    132      31  11226      0.77335      0.19047             0      0.77335
_SET1_   55504        13   24109509   24260244    301      38  11226      -1.0279      0.82199             0      -1.0279
_SET1_   2321         13   28864483   29104265    376      48  11226      0.79887      0.17685             0      0.79887
_SET1_   6541         13   30073551   30204825    275      30  11226     -0.19273      0.52797   -2.7756e-17     -0.19273
_SET1_   341640       13   39226173   39471268    357      52  11226      -1.4516      0.90915             0      -1.4516
_SET1_   8848         13   44996279   45185701    230      15  11226      0.61281      0.23382             0      0.61281
_SET1_   27253        13   58169238   58313445    167      30  11226     -0.50826      0.65499             0     -0.50826
_SET1_   9882         13   75848809   76091782    368      61  11226      0.68966      0.21327             0      0.68966
_SET1_   1910         13   78459616   78584664    163      16  11226     -0.76138      0.74369             0     -0.76138
_SET1_   84189        13   86356922   86408483    122      15  11226     -0.74399      0.73805             0     -0.74399
_SET1_   10257        13   95662083   95988705    690      96  11226      0.77818      0.18262             0      0.77818
_SET1_   7546         13  100599026  100649019     48      18  11226     -0.47502      0.65067             0     -0.47502
_SET1_   85416        13  100605275  100659178     56      23  11226      -1.0547      0.83248             0      -1.0547
_SET1_   1948         13  107132079  107222388     97      24  11226       1.3666     0.071555             0       1.3666
_SET1_   79774        13  113968505  114053463    178      29  11226     -0.82579      0.76384             0     -0.82579
_SET1_   2621         13  114513522  114602046    174      31  11226     -0.61531      0.69501             0     -0.61531
_SET1_   6038         14   21117259   21178761    136      33  11226      0.77661      0.18933             0      0.77661
_SET1_   6297         14   21979231   22040337    132      31  11226     -0.35333      0.60604             0     -0.35333
_SET1_   253959       14   35997558   36313432    229      18  11226      0.18319      0.38166   -2.7756e-17      0.18319
_SET1_   22795        14   52461520   52570949    234      30  11226       1.4759     0.056476             0       1.4759
_SET1_   23034        14   54998815   55270033    371      90  11226     -0.94003       0.8026             0     -0.94003
_SET1_   2530         14   65842310   66220839    526      29  11226      -2.5475      0.99157             0      -2.5475
_SET1_   9628         14   72363817   73043238   1328     109  11226     -0.47408      0.60258             0     -0.47408
_SET1_   85439        14   81716994   81937789    355      42  11226       1.5606      0.04592             0       1.5606
_SET1_   12           14   95043639   95100395    166      32  11226      0.66827      0.22458             0      0.66827
_SET1_   123099       14  100602753  100661012    100      19  11226        2.037     0.016094             0        2.037
_SET1_   57596        14  100993484  101071131     70      17  11226      -1.0497      0.83049             0      -1.0497
_SET1_   57194        15   25913859   26145304    530      92  11226      0.63925      0.22727             0      0.63925
_SET1_   4212         15   37173222   37428500    319      66  11226       2.3324    0.0075788             0       2.3324
_SET1_   7057         15   39838280   39899668     60      11  11226      0.71533      0.20695             0      0.71533
_SET1_   100131244    15   40563645   40609787     42      13  11226      -1.2541      0.87797             0      -1.2541
_SET1_   5330         15   40566461   40635174     76      23  11226      -1.3566      0.89694             0      -1.3566
_SET1_   85455        15   40615434   40673256     86      20  11226      0.23564      0.36678   -2.7756e-17      0.23564
_SET1_   30844        15   42181638   42299755    196      36  11226     -0.28826       0.5749             0     -0.28826
_SET1_   84978        15   44152962   44522429    263      36  11226     -0.19954      0.53638   -2.7756e-17     -0.19954
_SET1_   2628         15   45643322   45705980     42      10  11226      0.13924      0.40628   -2.7756e-17      0.13924
_SET1_   440279       15   54235557   54930806   1504     123  11226     -0.54487      0.63589             0     -0.54487
_SET1_   5873         15   55485164   55617034    270      29  11226     -0.61581       0.6891             0     -0.61581
_SET1_   84952        15   57633703   57852925    450      78  11226       1.7583     0.031619             0       1.7583
_SET1_   100820829    15   57849102   57987562    341      29  11226       1.1268      0.10447             0       1.1268
_SET1_   80301        15   65099082   65170201    114      15  11226     -0.14325      0.52661   -2.7756e-17     -0.14325
_SET1_   4091         15   66959674   67084338    203      41  11226     -0.54622      0.67937             0     -0.54622
_SET1_   79875        15   71372935   72085722   1198     147  11226     -0.55922      0.64646             0     -0.55922
_SET1_   196996       15   72442147   72525136     79      16  11226     -0.07502      0.49144   -2.7756e-17     -0.07502
_SET1_   4756         15   73309056   73607547    385      28  11226       1.8212     0.026266             0       1.8212
_SET1_   64220        15   74461802   74537046     93      14  11226     -0.45599      0.64285             0     -0.45599
_SET1_   1543         15   75001883   75052951     48      10  11226    -0.052639      0.48099   -2.7756e-17    -0.052639
_SET1_   5151         15   85488744   85692376    377      33  11226     -0.17287       0.5172   -2.7756e-17     -0.17287
_SET1_   28232        15   92361938   92725665    586      71  11226       2.2127     0.009638             0       2.2127
_SET1_   3480         15   99157272   99517759    568      95  11226      0.71768      0.20121             0      0.71768
_SET1_   146556       16    5082925    5151146    121      36  11226     -0.78784      0.75874             0     -0.78784
_SET1_   4261         16   10936055   11028840    137      34  11226      -1.6922      0.94417             0      -1.6922
_SET1_   9516         16   11631578   11716322    195      38  11226     -0.33147      0.59914             0     -0.33147
_SET1_   729993       16   12960477   13344273    846      96  11226     -0.13932      0.49213   -2.7756e-17     -0.13932
_SET1_   368          16   16233422   16353083    164      27  11226      0.70301      0.21182             0      0.70301
_SET1_   55567        16   20934476   21205762    352      39  11226       2.6065    0.0032177             0       2.6065
_SET1_   146177       16   21984462   22178287    131      31  11226       1.4133     0.064836             0       1.4133
_SET1_   3566         16   27290161   27386099    132      21  11226     0.072648      0.43655   -2.7756e-17     0.072648
_SET1_   930          16   28908082   28960668     24      13  11226     -0.55275      0.67324             0     -0.55275
_SET1_   11151        16   30159731   30210397     26       7  11226       1.0093      0.13917             0       1.0093
_SET1_   3683         16   30448983   30544506     65      25  11226       1.4193      0.06416             0       1.4193
_SET1_   6530         16   55654542   55750104    214      32  11226       1.0564      0.12206             0       1.0564
_SET1_   1003         16   66365525   66448689    172      35  11226     -0.17471      0.53284   -2.7756e-17     -0.17471
_SET1_   8824         16   66933347   66988999     53      13  11226     -0.58064      0.68569             0     -0.58064
_SET1_   1012         16   82625399   83840215   3230     313  11226     -0.63549      0.66923             0     -0.63549
_SET1_   3394         16   85897774   85966212    112      23  11226       1.5757     0.048109             0       1.5757
_SET1_   8140         16   87853629   87938100    260      29  11226      0.34599      0.32181             0      0.34599
_SET1_   84225        17    4608059    4659414     76      20  11226     -0.36755      0.61154             0     -0.36755
_SET1_   2811         17    4800312    4848325     70      14  11226      -1.3559      0.89492             0      -1.3559
_SET1_   147040       17    7220208    7268263     57      22  11226     -0.43193      0.63201             0     -0.43193
_SET1_   5376         17   15123094   15203674    109      22  11226      0.87328      0.16569             0      0.87328
_SET1_   6352         17   34188495   34242377    102       9  11226      0.23527      0.37326   -2.7756e-17      0.23527
_SET1_   57125        17   37209556   37343946    264      35  11226      0.82028      0.17631             0      0.82028
_SET1_   5914         17   38430423   38523895     80       9  11226      0.33661      0.36534             0      0.33661
_SET1_   1236         17   38700021   38756736     60      16  11226       2.0155     0.017618             0       2.0155
_SET1_   3728         17   39900859   39977964     90      22  11226      -0.3321      0.59147             0      -0.3321
_SET1_   10266        17   40878145   40925063     27       8  11226      0.45334      0.30024             0      0.45334
_SET1_   4137         17   43936702   44115700     46      14  11226       1.7328     0.032942             0       1.7328
_SET1_   3213         17   46616232   46702634    115      23  11226     0.046511      0.43948   -2.7756e-17     0.046511
_SET1_   3214         17   46642869   46690743     67      14  11226      0.29693      0.34449             0      0.29693
_SET1_   3215         17   46658619   46706103     78      17  11226     -0.13238      0.51147   -2.7756e-17     -0.13238
_SET1_   8714         17   48677205   48779063    119      38  11226    -0.037689      0.47792   -2.7756e-17    -0.037689
_SET1_   55273        17   53786988   53844482     79      20  11226     -0.47711      0.64625             0     -0.47711
_SET1_   6909         17   59442257   59496827     50      14  11226      0.54522      0.25732             0      0.54522
_SET1_   1636         17   61519422   61585741     68      21  11226     -0.57486      0.69117             0     -0.57486
_SET1_   10672        17   62995407   63087920     82      23  11226       1.1463      0.10642             0       1.1463
_SET1_   8787         17   63098456   63233821    257      28  11226      -1.4364      0.90586             0      -1.4364
_SET1_   8313         17   63514681   63592740    109      32  11226     -0.39066      0.62017             0     -0.39066
_SET1_   23461        17   67230576   67358323    152      24  11226     -0.33461      0.59476             0     -0.33461
_SET1_   51155        17   73121343   73185775     66      15  11226      -1.6272      0.93626             0      -1.6272
_SET1_   114804       17   74128534   74271448    184      28  11226     0.045713      0.43859   -2.7756e-17     0.045713
_SET1_   9021         17   76342858   76391160     93      19  11226      0.62543      0.23228             0      0.62543
_SET1_   7077         17   76839059   76956472    204      29  11226       1.5282     0.051618             0       1.5282
_SET1_   9625         17   79074285   79174877    225      44  11226       1.2008     0.095707             0       1.2008
_SET1_   147111       17   79900383   79954057     69      11  11226     -0.26983      0.57278             0     -0.26983
_SET1_   147495       18   10419625   10498698    118      30  11226       0.5538      0.26461             0       0.5538
_SET1_   63895        18   10660244   11183761    974     139  11226      0.96826      0.13615             0      0.96826
_SET1_   114876       18   21732009   22012846    374      63  11226     -0.64255       0.7034             0     -0.64255
_SET1_   1000         18   25520930   25792445    351      47  11226     -0.20105      0.53415   -2.7756e-17     -0.20105
_SET1_   7276         18   29136730   29188987     67      10  11226      -1.1645      0.86117             0      -1.1645
_SET1_   80323        18   52558740   52661739    143      19  11226     -0.40623      0.62809             0     -0.40623
_SET1_   84552        18   77905115   78040397    154      20  11226      -2.0405      0.97449             0      -2.0405
_SET1_   682          19     536277     593493    155      39  11226     -0.41901      0.62628             0     -0.41901
_SET1_   5064         19     673953     758330    217      53  11226     -0.42688      0.63064             0     -0.42688
_SET1_   3643         19    7102266    7329011    414      69  11226      0.46685      0.28634             0      0.46685
_SET1_   3383         19   10345707   10407291     85      29  11226     -0.13696      0.51757   -2.7756e-17     -0.13696
_SET1_   976          19   14456403   14529537     92      33  11226       3.4643   0.00018225             0       3.4643
_SET1_   83483        19   17452264   17523137    118      28  11226      -2.3029      0.98594             0      -2.3029
_SET1_   376497       19   17546300   17626977    128      24  11226      0.30957      0.35141             0      0.30957
_SET1_   51477        19   18535198   18584111     53       7  11226       1.5495     0.053918             0       1.5495
_SET1_   51599        19   35704290   35768867    130      18  11226      -1.1141      0.84999             0      -1.1141
_SET1_   9535         19   39808999   39861726     86      12  11226     -0.21342      0.55668   -2.7756e-17     -0.21342
_SET1_   7538         19   39862487   39910052     55      14  11226       1.2713     0.084307             0       1.2713
_SET1_   57716        19   40889671   40954279     73      19  11226       1.7401     0.033004             0       1.7401
_SET1_   8425         19   41064072   41145725    124      22  11226      0.40108      0.31497             0      0.40108
_SET1_   1572         19   41585312   41644286    142      15  11226     -0.36765      0.60235             0     -0.36765
_SET1_   973          19   42346190   42395439     23       6  11226     -0.23408      0.57535   -2.7756e-17     -0.23408
_SET1_   5329         19   44140247   44209498    151      35  11226     -0.28082       0.5729             0     -0.28082
_SET1_   8993         19   46512411   46561556     73      20  11226        1.297     0.084973             0        1.297
_SET1_   23645        19   49340649   49389319    101      13  11226      0.61219       0.2403             0      0.61219
_SET1_   951          19   49803632   49853863     38      11  11226       0.3004      0.34621             0       0.3004
_SET1_   2217         19   49980536   50039685     90      16  11226     -0.40899      0.62063             0     -0.40899
_SET1_   91663        19   54334611   54389689     44      14  11226      -1.2271      0.87165             0      -1.2271
_SET1_   113278       20     730724     791628    175      45  11226       1.1792      0.10395             0       1.1792
_SET1_   10326        20    1535029    1635720    132      28  11226       2.3402    0.0074603             0       2.3402
_SET1_   56261        20    5515080    5626672    153      25  11226       -1.017      0.82061             0       -1.017
_SET1_   7056         20   23016270   23065301     50       9  11226       1.3569     0.078844             0       1.3569
_SET1_   81610        20   37519955   37591703     99      11  11226      0.98442      0.14091             0      0.98442
_SET1_   128553       20   51553946   52121869    829     161  11226    -0.040981      0.46415   -2.7756e-17    -0.040981
_SET1_   81027        20   57559309   57611709     61      15  11226      -1.8883      0.96469             0      -1.8883
_SET1_   1908         20   57840499   57911047    105      30  11226      0.74431      0.20382             0      0.74431
_SET1_   1002         20   59792482   60525673   1607     222  11226       1.1204      0.09364             0       1.1204
_SET1_   58494        21   26976594   27099874    191      26  11226       0.6416       0.2258             0       0.6416
_SET1_   3689         21   46295864   46383753    179      43  11226      0.47383      0.28898             0      0.47383
_SET1_   6948         22   30968070   31033047    169      33  11226      -1.3431      0.89226             0      -1.3431
_SET1_   6525         22   31442282   31510610    156      19  11226      -0.8506      0.77332             0      -0.8506
_SET1_   3560         22   37511878   37587414    137      43  11226     -0.73642      0.74541             0     -0.73642
