Welcome to MAGMA v1.10 (custom)
Using flags:
	--gene-results /scratch/scw1329/gmbh/blood-brain-barrier-in-ad/03_data/994_magma_inputs/gwas_backgrounds//EUROPEUKBB_35k10k_noAPOE.genes.raw
	--set-annot /scratch/scw1329/gmbh//magma_input_genes_1_percent.magma.txt
	--out ./results/magma_input_genes_1_percent_EUROPEUKBB_35k10k_noAPOE

Start time is 17:11:09, Wednesday 03 Apr 2024

Reading file /scratch/scw1329/gmbh/blood-brain-barrier-in-ad/03_data/994_magma_inputs/gwas_backgrounds//EUROPEUKBB_35k10k_noAPOE.genes.raw... 
	18353 genes read from file
Loading gene-set annotation...
Reading file /scratch/scw1329/gmbh//magma_input_genes_1_percent.magma.txt... 
	3 gene-set definitions read from file
	found 3 gene sets containing genes defined in genotype data (containing a total of 535 unique genes)
Preparing variables for analysis...
	truncating Z-scores 3 points below zero or 6 standard deviations above the mean
	truncating covariate values more than 5 standard deviations from the mean
	total variables available for analysis: 3 gene sets

Parsing model specifications...
Inverting gene-gene correlation matrix...
Performing regression analysis...
	testing direction: one-sided, positive (sets), two-sided (covar)
	conditioning on internal variables:
		gene size, log(gene size)
		gene density, log(gene density)
		sample size, log(sample size)
		inverse mac, log(inverse mac)
	analysing individual variables

	analysing single-variable models (number of models: 3)
	writing results to file ./results/magma_input_genes_1_percent_EUROPEUKBB_35k10k_noAPOE.gsa.out

End time is 17:11:27, Wednesday 03 Apr 2024 (elapsed: 00:00:18)
