# ALPHA = 0.05
# NUMBER_OF_TESTS = 24

# _SET1_  VARIABLE = LG_module1 (set)
# _SET1_  NGENES = 517
# _SET1_  P-VALUE = 0.000477446
_SET1_   GENE        CHR      START       STOP  NSNPS  NPARAM       N        ZSTAT            P  ZFITTED_BASE  ZRESID_BASE
_SET1_   7293          1    1136706    1184703    300      32  464370     -0.64687      0.62292    6.6613e-16     -0.64687
_SET1_   8764          1    2452291    2505268    255      44  468392      -0.3441      0.45946    6.6613e-16      -0.3441
_SET1_   8718          1    6510787    6562432    231      64  463006    -0.026004      0.35777    6.8695e-16    -0.026004
_SET1_   9249          1   12617939   12712820    532      93  469229     0.026825      0.29954    6.8695e-16     0.026825
_SET1_   10630         1   13875252   13954452    450      98  470921     -0.59189      0.53258    6.6613e-16     -0.59189
_SET1_   23254         1   14184646   15454544   6947     501  468615       1.4227     0.021563    6.6613e-16       1.4227
_SET1_   55092         1   15444028   15556974    795      59  473443     -0.97034        0.688    6.6613e-16     -0.97034
_SET1_   1969          1   16440832   16517582    309      60  463550      -1.1903      0.75562    6.6613e-16      -1.1903
_SET1_   998           1   22344120   22429439    427      54  469653       1.0156     0.069602    6.6613e-16       1.0156
_SET1_   1043          1   26609411   26657014    235      34  459733     -0.31249      0.44529    6.6613e-16     -0.31249
_SET1_   65979         1   28661093   28836881    718      31  468258       2.8454   0.00056894    8.8818e-16       2.8454
_SET1_   2035          1   29178603   29456558   1021      72  462846       1.0434     0.065712    6.6613e-16       1.0434
_SET1_   3932          1   32681840   32761766    230      63  469319     -0.75266      0.66145    6.6613e-16     -0.75266
_SET1_   65108         1   32789430   32836840    118      44  450848     -0.33677       0.5714    6.6613e-16     -0.33677
_SET1_   4352          1   43768475   43830135    160      45  455405      0.34822      0.20147    6.6613e-16      0.34822
_SET1_   8643          1   45275516   45344226    266      35  470974      -2.0698      0.95511    8.8818e-16      -2.0698
_SET1_   8503          1   46495812   46677167    588      58  469087     -0.93214      0.67833    6.6613e-16     -0.93214
_SET1_   1580          1   47229670   47295021    276      54  463766     -0.39448      0.48496    6.6613e-16     -0.39448
_SET1_   200014        1   52806265   52866877    190      58  462377     -0.71238      0.64936    6.6613e-16     -0.71238
_SET1_   85440         1   62910397   63189039    815      49  462711        2.308    0.0028711    8.8818e-16        2.308
_SET1_   3716          1   65288906   65467593    697      73  470327       1.2525     0.044647    6.6613e-16       1.2525
_SET1_   10451         1  108103782  108542545   2100     159  469466      -2.2335      0.95802    8.8818e-16      -2.2335
_SET1_   389           1  113233749  113285025    189      65  460669      -1.6549      0.87141    6.6613e-16      -1.6549
_SET1_   163259        1  115117155  115247732    503      64  468195     -0.10904      0.37352    6.8001e-16     -0.10904
_SET1_   81839         1  116149574  116250845    469      73  469103       1.0287     0.063794    6.6613e-16       1.0287
_SET1_   914           1  117262057  117321851    242      77  465052      -1.4488      0.82966    6.6613e-16      -1.4488
_SET1_   4853          1  120444176  120674880    329      55  449934      0.19591      0.26855    6.9389e-16      0.19591
_SET1_   8515          1  145489709  145553868    153      38  411800       -0.738      0.57874    6.6613e-16       -0.738
_SET1_   3570          1  154342669  154451926    461      71  473686      0.20703      0.24282    6.9389e-16      0.20703
_SET1_   1944          1  155016348  155070014    156      58  458839     -0.54813      0.51386    6.6613e-16     -0.54813
_SET1_   1942          1  155065349  155117386    172      33  467441      0.08977      0.29698    6.8001e-16      0.08977
_SET1_   9047          1  156766035  156821640    208      44  472120       3.0785   0.00021904    8.8818e-16       3.0785
_SET1_   375033        1  156828496  156896226    284      52  473231      -1.9756      0.94226    6.6613e-16      -1.9756
_SET1_   2207          1  161150087  161199038    187      64  467606       5.0148   2.0947e-08    8.8818e-16       5.0148
_SET1_   2212          1  161440205  161499360    236      66  462136       1.6704     0.015013    6.6613e-16       1.6704
_SET1_   2213          1  161597905  161658444    143      47  464844      0.31306      0.21679    6.6613e-16      0.31306
_SET1_   9722          1  162004581  162349813   1738     123  469668      0.28628      0.21189    6.6613e-16      0.28628
_SET1_   387597        1  166872441  166979576    333      54  466620      0.11851      0.28346    6.8001e-16      0.11851
_SET1_   9019          1  167656187  167771156    538      62  462683      0.73562      0.11126    6.6613e-16      0.73562
_SET1_   6403          1  169548087  169634377    472      82  471985     -0.43737      0.47657    6.6613e-16     -0.43737
_SET1_   6402          1  169649806  169715843    422      51  469048      -1.2989      0.80388    6.6613e-16      -1.2989
_SET1_   27            1  179058462  179233819    645      52  466273     -0.74661      0.60913    6.6613e-16     -0.74661
_SET1_   81563         1  184321150  184608155   1267      85  463769       0.5153      0.15844    6.6613e-16       0.5153
_SET1_   83872         1  185668683  186170085   2187      70  436799      -1.3843      0.80151    6.6613e-16      -1.3843
_SET1_   5743          1  186630944  186684559    239      34  470424      -1.1402      0.78786    6.6613e-16      -1.1402
_SET1_   343450        1  196184913  196612690   1582      78  434722     -0.41463      0.46044    6.6613e-16     -0.41463
_SET1_   5778          1  202106141  202165716    327      71  466038       1.5895     0.018621    6.6613e-16       1.5895
_SET1_   5287          1  204381756  204498943    557      72  465384      -2.0361      0.94178    8.8818e-16      -2.0361
_SET1_   947           1  208049883  208119742    345      50  472764       2.2484    0.0037914    8.8818e-16       2.2484
_SET1_   7188          1  211464849  211558403    335      56  470765      -0.3235      0.47057    6.6613e-16      -0.3235
_SET1_   7779          1  211738381  211787099    217      70  472009       1.3755     0.033251    6.6613e-16       1.3755
_SET1_   79762         1  220828628  220882499    279      38  470327     -0.39959      0.51591    6.6613e-16     -0.39959
_SET1_   55083         1  245283287  245876428   3239     323  470809      0.31238      0.20393    6.6613e-16      0.31238
_SET1_   9781          2    7022523    7219011    889      97  471035       -1.177      0.74206    6.6613e-16       -1.177
_SET1_   8853          2    9311894    9555812    996     102  464331        2.386    0.0018383    8.8818e-16        2.386
_SET1_   6382          2   20390558   20460194    300      42  471383      0.29405      0.22831    6.6613e-16      0.29405
_SET1_   388           2   20611835   20659201    228      61  470018      -1.1513      0.74378    6.6613e-16      -1.1513
_SET1_   22979         2   25229973   25392004    600      65  462463       1.2771     0.038896    6.6613e-16       1.2771
_SET1_   30845         2   31421880   31501260    498      90  472967     -0.47579      0.48893    6.6613e-16     -0.47579
_SET1_   25780         2   33626416   33799798    887     172  471107       1.9181    0.0080569    6.6613e-16       1.9181
_SET1_   6654          2   39198690   39382686    686      49  465599      0.83451       0.1176    6.6613e-16      0.83451
_SET1_   5581          2   45843454   46425129   3008     299  469088     -0.59369      0.53424    6.6613e-16     -0.59369
_SET1_   307           2   69912946   70063596    569      47  466070      0.32887      0.21414    6.6613e-16      0.32887
_SET1_   7039          2   70664412   70816147    692      88  470583      -1.6518      0.87268    6.6613e-16      -1.6518
_SET1_   26056         2   73290510   73375146    301      38  469636       1.4857     0.028091    6.6613e-16       1.4857
_SET1_   1796          2   74741147   74794678    110      42  464925       1.3738     0.054048    6.6613e-16       1.3738
_SET1_   4118          2   95656400   95729737    171      81  445974       1.8045     0.010971    6.6613e-16       1.8045
_SET1_   11138         2  101613690  101802858    837      64  465338     -0.17761      0.37774    6.9389e-16     -0.17761
_SET1_   3554          2  102651836  102806334    802      99  464228      0.28724      0.20853    6.6613e-16      0.28724
_SET1_   8809          2  102944093  103025230    438      44  464530     -0.57788      0.53357    6.6613e-16     -0.57788
_SET1_   8807          2  103000254  103079025    409      35  469759     -0.15533      0.38405    6.9389e-16     -0.15533
_SET1_   6549          2  103201166  103337809    548      72  466873      0.15639      0.25259    6.9389e-16      0.15639
_SET1_   8440          2  106326520  106520730   1045      75  465605       3.5722   2.2621e-05    8.8818e-16       3.5722
_SET1_   3625          2  121068719  121119383    236      93  456632     -0.68899      0.56644    6.6613e-16     -0.68899
_SET1_   2995          2  127378426  127464251    482      86  465767     -0.15525      0.35327    6.9389e-16     -0.15525
_SET1_   80122         2  135712076  135817301    330      41  471364       2.7629   0.00070005    8.8818e-16       2.7629
_SET1_   7852          2  136861919  136910725    165      39  463920      0.86048     0.096773    6.6613e-16      0.86048
_SET1_   390           2  151314707  151379209    251      62  471827      0.49495      0.16353    6.6613e-16      0.49495
_SET1_   26225         2  152647480  152720009    258      57  463742    0.0075998      0.35811    6.8608e-16    0.0075998
_SET1_   114793        2  153156684  153516348   1561     113  467414     0.051806       0.2836    6.8695e-16     0.051806
_SET1_   9595          2  158261131  158335604    256      67  465209       1.2699     0.050876    6.6613e-16       1.2699
_SET1_   4065          2  160649866  160796267    751      67  471103        2.021    0.0061449    8.8818e-16        2.021
_SET1_   2888          2  165339323  165513360    572      94  464576      0.62442      0.13037    6.6613e-16      0.62442
_SET1_   22837         2  165526695  165733678    919      68  470257     -0.36692      0.45665    6.6613e-16     -0.36692
_SET1_   29081         2  170658267  170716439    272      33  476032     -0.37625      0.50408    6.6613e-16     -0.37625
_SET1_   3655          2  173256954  173381181    643      63  473105    -0.067733      0.35382    6.8001e-16    -0.067733
_SET1_   3685          2  187419058  187555629    415      71  451717     -0.28966      0.39805    6.6613e-16     -0.28966
_SET1_   165215        2  187523789  187640686    372      50  456625    -0.081855      0.33843    6.8001e-16    -0.081855
_SET1_   6775          2  191884302  192072404    670     110  468721      0.28734      0.21336    6.6613e-16      0.28734
_SET1_   57181         2  196442798  196612426    569      70  464341       1.1992     0.046412    6.6613e-16       1.1992
_SET1_   659           2  203206033  203442474    679      63  463865      0.92657     0.083378    6.6613e-16      0.92657
_SET1_   114790        2  220427593  220491173    208      82  467121       2.2163    0.0036345    8.8818e-16       2.2163
_SET1_   2043          2  222272747  222472010    832      91  471037    -0.053105      0.32411    6.8695e-16    -0.053105
_SET1_   55619         2  225619807  225942330   1424     128  465404       2.1069    0.0043121    8.8818e-16       2.1069
_SET1_   3667          2  227586033  227699545    414      67  468767     -0.36054      0.50453    6.6613e-16     -0.36054
_SET1_   10123         2  235391685  235440721    223      85  464570        1.257     0.038901    6.6613e-16        1.257
_SET1_   23677         2  235825628  235974358    772     135  461832      0.84232     0.089505    6.6613e-16      0.84232
_SET1_   57007         2  237434424  237501001    337      56  468195       1.2582     0.050941    6.6613e-16       1.2582
_SET1_   151835        3    9710510    9781592    243      99  461202      0.41957      0.18799    6.6613e-16      0.41957
_SET1_   6533          3   14409076   14540857    628     134  466995     -0.73921      0.58501    6.6613e-16     -0.73921
_SET1_   80852         3   14520396   14618588    538      74  473634      -1.4022      0.81889    6.6613e-16      -1.4022
_SET1_   23473         3   15212733   15304423    375      47  457149     -0.88957      0.69564    6.6613e-16     -0.88957
_SET1_   7048          3   30612994   30745634    606     105  469019    -0.099857      0.34047    6.8001e-16    -0.099857
_SET1_   3680          3   37458813   37871281   1878     160  466178      0.56778      0.13968    6.6613e-16      0.56778
_SET1_   10217         3   37868669   38035960    648      84  463246       1.2896     0.044014    6.6613e-16       1.2896
_SET1_   1524          3   39294985   39358226    336      60  463408      -1.4047      0.81985    6.6613e-16      -1.4047
_SET1_   1238          3   42815964   42918775    344      55  463817      0.24364      0.23307    6.9389e-16      0.24364
_SET1_   10663         3   45949973   45999845    235      54  466414     -0.30314      0.43279    6.6613e-16     -0.30314
_SET1_   1234          3   46376633   46427697    242      45  466699     -0.40441      0.47884    6.6613e-16     -0.40441
_SET1_   9034          3   46413721   46464488    285      35  469841      -1.1863      0.78169    6.6613e-16      -1.1863
_SET1_   1154          3   50633885   50684262    126      30  465841       2.1789    0.0062478    8.8818e-16       2.1789
_SET1_   54106         3   52245096   52295179    160      48  462113      -2.0916      0.95164    8.8818e-16      -2.0916
_SET1_   50650         3   56751446   57148336   1762     176  471507       2.0136    0.0058589    8.8818e-16       2.0136
_SET1_   54756         3   57114010   57239345    443      60  469125       1.3979     0.031955    6.6613e-16       1.3979
_SET1_   201627        3   57601181   57713816    385      43  468071       1.6794     0.016816    6.6613e-16       1.6794
_SET1_   56999         3   64491330   64708676   1063     129  468010     -0.97161      0.67599    6.6613e-16     -0.97161
_SET1_   6091          3   78636388   79852059   4514     214  464391     -0.27617      0.40658    6.6613e-16     -0.27617
_SET1_   961           3  107751941  107844935    306      55  469234      0.81085      0.10023    6.6613e-16      0.81085
_SET1_   25945         3  110755606  110923017    498      63  465505      0.63424      0.16862    6.6613e-16      0.63424
_SET1_   4345          3  112016194  112091659    367      41  460473     -0.10924      0.35545    6.8001e-16     -0.10924
_SET1_   151888        3  112172813  112253438    313      47  461155     -0.91752       0.7092    6.6613e-16     -0.91752
_SET1_   344807        3  112524556  112599797    404      42  467204     -0.31891      0.44827    6.6613e-16     -0.31891
_SET1_   131450        3  112631532  112728950    475      66  472814      -0.8559      0.65823    6.6613e-16      -0.8559
_SET1_   91653         3  112894850  113016306    618      93  471258      -1.6707      0.88097    6.6613e-16      -1.6707
_SET1_   201633        3  113977833  114039135    243      60  474168      0.93289     0.080302    6.6613e-16      0.93289
_SET1_   3081          3  120337015  120436418    445      80  465102      -0.9278      0.66313    6.6613e-16      -0.9278
_SET1_   942           3  121739209  121849990    368      84  469994    -0.011189      0.32245    6.8522e-16    -0.011189
_SET1_   8997          3  123778558  124450036   3161     179  468453      0.74438      0.10181    6.6613e-16      0.74438
_SET1_   3693          3  124470795  124641500    816      68  472641     -0.26188      0.42218    6.6613e-16     -0.26188
_SET1_   56667         3  124614289  124688595    340      82  468223     -0.17611      0.37567    6.9389e-16     -0.17611
_SET1_   50512         3  127313002  127401653    283      55  466010     -0.58204      0.57531    6.6613e-16     -0.58204
_SET1_   51554         3  132281081  132331488    166      46  465640      -1.1139      0.76785    6.6613e-16      -1.1139
_SET1_   51208         3  137682658  137762494    293      45  463170      0.25836      0.23458    6.6613e-16      0.25836
_SET1_   5291          3  138361540  138588780    741      52  458398      0.11956      0.26924    6.8001e-16      0.11956
_SET1_   26084         3  153803792  153985616    656      57  462601       -0.804      0.63141    6.6613e-16       -0.804
_SET1_   4311          3  154762436  154911518    557     112  472896       4.5819   2.2398e-07    8.8818e-16       4.5819
_SET1_   26996         3  169720735  169813184    326      36  468769      0.17965      0.26346    6.9389e-16      0.17965
_SET1_   151963        3  192504604  192670950    798      77  468850      -1.8375      0.90315    6.6613e-16      -1.8375
_SET1_   3083          4    3408702    3461214    292      72  462326      0.36742      0.19767    6.6613e-16      0.36742
_SET1_   60312         4    7750440    7976653   1573      94  468978     -0.70727      0.57442    6.6613e-16     -0.70727
_SET1_   952           4   15744921   15860706    501      53  474692    -0.010225      0.33258    6.8522e-16    -0.010225
_SET1_   116984        4   36057620   36280979    793      86  465133     -0.16022      0.36972    6.9389e-16     -0.16022
_SET1_   399           4   40157631   40256384    444      98  468445        2.108    0.0044361    8.8818e-16        2.108
_SET1_   7294          4   48058410   48171273    443      66  456658     -0.81495       0.6135    6.6613e-16     -0.81495
_SET1_   3815          4   55489095   55616881    543      65  469869        0.627      0.13198    6.6613e-16        0.627
_SET1_   3791          4   55934426   56026762    400      90  466930      -1.0121      0.68422    6.6613e-16      -1.0121
_SET1_   26228         4   68389415   68483059    399      51  475447        0.672      0.12878    6.6613e-16        0.672
_SET1_   5473          4   74842156   74888907    171      47  453568      -1.7336      0.90039    6.6613e-16      -1.7336
_SET1_   4283          4   76912623   76963641    242      25  471786      -1.2066       0.7852    6.6613e-16      -1.2066
_SET1_   3627          4   76932269   76979689    341      14  475706      -1.1641      0.79704    6.6613e-16      -1.1641
_SET1_   57619         4   77321253   77714406   1529     105  470172      0.41728      0.17486    6.6613e-16      0.41728
_SET1_   651           4   81917119   81988685    317      46  464353     -0.62679      0.59063    6.6613e-16     -0.62679
_SET1_   285513        4   90152427   90264161    490     105  469980      -1.6041      0.86113    6.6613e-16      -1.6041
_SET1_   51705         4  101306498  101474250    723      59  464278      0.45438      0.17295    6.6613e-16      0.45438
_SET1_   79633         4  126202003  126424087    968     103  463664     -0.18749      0.36386    6.9389e-16     -0.18749
_SET1_   57575         4  134035470  134122732    332      50  471964      -1.0225      0.71305    6.6613e-16      -1.0225
_SET1_   54510         4  138430072  138488629    293      51  471862     -0.78023       0.6419    6.6613e-16     -0.78023
_SET1_   23657         4  139075248  139198572    502      75  473154     -0.20705      0.38616    6.9389e-16     -0.20705
_SET1_   2549          4  144222680  144405718    590      85  468626       1.5109     0.022773    6.6613e-16       1.5109
_SET1_   987           4  151175811  151971879   2590      95  463530      0.39193      0.18896    6.6613e-16      0.39193
_SET1_   85462         4  153822265  153910848    381      77  465831      -1.3588       0.8074    6.6613e-16      -1.3588
_SET1_   6999          4  156789845  156851558    382      44  472213       -1.325      0.83755    6.6613e-16       -1.325
_SET1_   7424          4  177594689  177748899    722      49  468099     -0.23323       0.4435    6.9389e-16     -0.23323
_SET1_   2195          4  187498937  187682876    944     136  461426      0.64434      0.12194    6.6613e-16      0.64434
_SET1_   5618          5   35038861   35265823    989     106  469706      0.65994      0.12797    6.6613e-16      0.65994
_SET1_   3575          5   35821977   35889705    325      35  464571     -0.33604      0.45444    6.6613e-16     -0.33604
_SET1_   3977          5   38465065   38630507    579      66  460583      -1.4109      0.82453    6.6613e-16      -1.4109
_SET1_   2533          5   39095354   39305759    936     101  471098      -2.2343      0.96012    8.8818e-16      -2.2343
_SET1_   2690          5   42388577   42731980   1296      90  466229      0.23822       0.2331    6.9389e-16      0.23822
_SET1_   3673          5   52250156   52400609    725      59  473778      0.05094      0.29915    6.8695e-16      0.05094
_SET1_   112574        5   53778589   53852416    434      44  476865     -0.81011      0.64523    6.6613e-16     -0.81011
_SET1_   3572          5   55220923   55325821    399      66  461480       2.7018    0.0008919    8.8818e-16       2.7018
_SET1_   5295          5   67476584   67607649    495     103  468059     -0.80779       0.6196    6.6613e-16     -0.80779
_SET1_   100506658     5   68753119   68863931    215      67  463358      -1.0771      0.74159    6.6613e-16      -1.0771
_SET1_   64283         5   72886983   73247818   1542     143  468558     -0.42991      0.46174    6.6613e-16     -0.42991
_SET1_   153364        5   89744020   89805585    177      50  460896       1.3188     0.034886    6.6613e-16       1.3188
_SET1_   4012          5   96236346   96375115    597      36  472978       1.0801     0.066527    6.6613e-16       1.0801
_SET1_   2241          5  108048523  108533373   2139      97  471924       1.0258     0.064603    6.6613e-16       1.0258
_SET1_   5229          5  114536527  114634123    344      63  464630      0.49652       0.1654    6.6613e-16      0.49652
_SET1_   6558          5  127384483  127535380    467      75  457449      0.47455      0.17348    6.6613e-16      0.47455
_SET1_   56109         5  140714811  140902546    778      62  469352       1.0985     0.066536    6.6613e-16       1.0985
_SET1_   56101         5  140742695  140902546    675      71  469198       1.1113     0.062822    6.6613e-16       1.1113
_SET1_   5098          5  140820569  140902546    331      53  470457      0.81922      0.10715    6.6613e-16      0.81922
_SET1_   5097          5  141222655  141293361    256      59  470506       1.8798    0.0093678    6.6613e-16       1.8798
_SET1_   51294         5  141313150  141373627    238      51  471762      0.97111     0.078934    6.6613e-16      0.97111
_SET1_   81848         5  141679992  141739620    251      50  474967    -0.065143      0.34937    6.8001e-16    -0.065143
_SET1_   2246          5  141961743  142112635    810     135  470942       -1.121      0.74156    6.6613e-16       -1.121
_SET1_   1436          5  149422854  149527935    477     104  467476      0.47463      0.16058    6.6613e-16      0.47463
_SET1_   3702          5  156572907  156692109    605      75  472245       1.4567      0.02655    6.6613e-16       1.4567
_SET1_   1794          5  169029251  169520386   2325     206  470395       -0.495      0.50162    6.6613e-16       -0.495
_SET1_   4835          6    2965067    3029997    465      56  472977      0.11136      0.28151    6.8001e-16      0.11136
_SET1_   55604         6   25244656   25630758   2420     158  470330      0.24173      0.22392    6.9389e-16      0.24173
_SET1_   10211         6   30685506   30745687    428      59  464372       1.8072     0.012873    6.6613e-16       1.8072
_SET1_   80739         6   31656121   31704487    194      62  459452        1.098     0.061043    6.6613e-16        1.098
_SET1_   80737         6   31723178   31780108    229      74  458956       2.7545   0.00066691    8.8818e-16       2.7545
_SET1_   50619         6   35230595   35299548    297      39  469800       1.6018     0.026894    6.6613e-16       1.6018
_SET1_   7422          6   43702946   43764224    243      87  467392      0.26189      0.21497    6.6613e-16      0.26189
_SET1_   27242         6   47189263   47312683    522     110  464893      -0.2012      0.38326    6.9389e-16      -0.2012
_SET1_   23607         6   47410482   47604999    713      49  464858        5.816   1.5206e-10    8.8818e-16        5.816
_SET1_   57579         6   71088107   71280877    826      39  470503       1.6102     0.024137    6.6613e-16       1.6102
_SET1_   135228        6   74370508   74548041    727      77  472354      -1.1801      0.75061    6.6613e-16      -1.1801
_SET1_   2045          6   93939738   94164302    823     110  469995     -0.49962        0.495    6.6613e-16     -0.49962
_SET1_   2898          6  101806584  102527958   3229     242  470900     -0.50908      0.52006    6.6613e-16     -0.50908
_SET1_   2534          6  111971535  112229655   1042      77  470808     -0.79772       0.6325    6.6613e-16     -0.79772
_SET1_   4082          6  114143527  114194652    153      47  467207     -0.39688        0.477    6.6613e-16     -0.39688
_SET1_   285761        6  117768803  117901021    579      58  472717      0.96287     0.076755    6.6613e-16      0.96287
_SET1_   2697          6  121721745  121780873    277      37  473405     -0.52909      0.55434    6.6613e-16     -0.52909
_SET1_   387357        6  128019339  128274776    898      87  463586     -0.96146      0.67592    6.6613e-16     -0.96146
_SET1_   25901         6  139059657  139124456    311      44  468574       1.4757      0.02782    6.6613e-16       1.4757
_SET1_   7402          6  144571434  145184170   2651     143  464000       1.4454     0.026646    6.6613e-16       1.4454
_SET1_   117289        6  159445500  159501184    243      39  473938     -0.85365      0.67297    6.6613e-16     -0.85365
_SET1_   6196          6  166812854  167310948   2917     271  467847   -0.0034079       0.3176    6.8565e-16   -0.0034079
_SET1_   4301          6  168192602  168382703    845      53  464348      0.33204      0.20869    6.6613e-16      0.33204
_SET1_   28514         6  170581288  170634815    247      48  470768      -1.3679      0.82347    6.6613e-16      -1.3679
_SET1_   84433         7    2935709    3118579   1174     178  471193       1.2915     0.037263    6.6613e-16       1.2915
_SET1_   9771          7   22147908   22431751   1332     120  469154     -0.96535      0.67379    6.6613e-16     -0.96535
_SET1_   10457         7   23251305   23324729    278      27  473734     -0.53565      0.58325    6.6613e-16     -0.53565
_SET1_   8935          7   26687397   27069862   1454      60  467134     -0.46042      0.48581    6.6613e-16     -0.46042
_SET1_   1124          7   29198991   29563944   1791     173  469325     -0.29847      0.41506    6.6613e-16     -0.29847
_SET1_   9844          7   36882511   37523895   2950     244  468965       1.1177     0.056852    6.6613e-16       1.1177
_SET1_   1644          7   50516134   50668154    919      54  468971        2.722   0.00069652    8.8818e-16        2.722
_SET1_   1365          7   73173327   73219600    149      35  464759     -0.26022      0.42697    6.6613e-16     -0.26022
_SET1_   653361        7   74153309   74213720      6       3  463853      -1.1676      0.92771    6.6613e-16      -1.1676
_SET1_   948           7   80196504   80318593    515      45  469028       1.0763     0.061434    6.6613e-16       1.0763
_SET1_   3082          7   81321444   81434452    415      65  465283     -0.80741      0.62891    6.6613e-16     -0.80741
_SET1_   9069          7   89997648   90055268    256      40  464374       1.2216     0.051627    6.6613e-16       1.2216
_SET1_   8910          7   94204536   94320521    290      50  463906      0.86698     0.096236    6.6613e-16      0.86698
_SET1_   55971         7   97910962   98065427    574      59  465760     -0.56407      0.52017    6.6613e-16     -0.56407
_SET1_   2050          7  100390187  100460143    282      60  463609       3.7157    1.296e-05    8.8818e-16       3.7157
_SET1_   4584          7  100512086  100621617    187      53  452139       2.0436    0.0049827    8.8818e-16       2.0436
_SET1_   5649          7  103102231  103664963   2910     196  472526      -1.3839       0.8081    6.6613e-16      -1.3839
_SET1_   5294          7  106470723  106557592    337      62  470337      -1.4099      0.82788    6.6613e-16      -1.4099
_SET1_   29969         7  114527169  114669971    529      91  462906      -1.4955      0.84794    6.6613e-16      -1.4955
_SET1_   857           7  116129839  116211239    312      43  470311      0.66331      0.13532    6.6613e-16      0.66331
_SET1_   375616        7  128506919  128585773    381      77  469217        1.333     0.035697    6.6613e-16        1.333
_SET1_   5420          7  131175021  131276376    517     110  470751      -0.4992      0.49742    6.6613e-16      -0.4992
_SET1_   5764          7  136902088  137063606    641     106  470295     0.021286      0.29723    6.8695e-16     0.021286
_SET1_   57670         7  138506126  138701064    846     102  469988      0.41699       0.1786    6.6613e-16      0.41699
_SET1_   27147         7  140208220  140376285    682      72  465740      0.16761      0.25466    6.9389e-16      0.16761
_SET1_   2041          7  143078205  143140985    268      69  461569       7.1637   8.2086e-15    8.8818e-16       7.1637
_SET1_   640           8   11316521   11432108    816      76  473654        1.762     0.012823    6.6613e-16        1.762
_SET1_   8822          8   21865264   21916320    205      72  469835       2.4111     0.001861    8.8818e-16       2.4111
_SET1_   8795          8   22867646   22961700    396      80  468396      0.37881      0.18836    6.6613e-16      0.37881
_SET1_   80005         8   25007287   25283227   1188     143  466069     -0.98033      0.68404    6.6613e-16     -0.98033
_SET1_   2185          8   27133999   27326908    931      79  460646       3.6781   1.2901e-05    8.8818e-16       3.6781
_SET1_   2137          8   28523990   28621207    302      56  466285      0.84974     0.095839    6.6613e-16      0.84974
_SET1_   80223         8   37706465   37792015    215      87  456049     -0.15414      0.36523    6.9389e-16     -0.15414
_SET1_   8754          8   38819505   38972780    513      45  465161     -0.93105       0.6778    6.6613e-16     -0.93105
_SET1_   3620          8   39736328   39796309    255      42  475334      -1.3486      0.81522    6.6613e-16      -1.3486
_SET1_   169355        8   39757474   39883910    711      72  472734      -2.5789      0.98071    8.8818e-16      -2.5789
_SET1_   56892         8   39975987   40022827    206      63  463269       1.2357     0.042218    6.6613e-16       1.2357
_SET1_   4067          8   56757386   56935006    781      78  468826       1.6146     0.017484    6.6613e-16       1.6146
_SET1_   83690         8   75861708   75956793    407      47  471046     0.027079      0.32859    6.8695e-16     0.027079
_SET1_   55824         8   81870045   82059303    764     115  470264     -0.71414       0.5794    6.6613e-16     -0.71414
_SET1_   4856          8  120393552  120446678    219      24  464633     -0.46851      0.54502    6.6613e-16     -0.46851
_SET1_   6641          8  121537985  121860599   1328     125  467980      0.66431      0.12005    6.6613e-16      0.66431
_SET1_   6503          8  134038973  134150604    628      52  470103      0.69206      0.12163    6.6613e-16      0.69206
_SET1_   5747          8  141658481  142046412   1307      66  460056     -0.19373      0.37194    6.9389e-16     -0.19373
_SET1_   80728         8  145744563  145873891    461      55  466748      -1.3903      0.84819    6.6613e-16      -1.3903
_SET1_   3717          9    4950245    5139948    832      56  464145      -1.2263      0.77074    6.6613e-16      -1.2263
_SET1_   29126         9    5415503    5480567    281      65  463934      -1.0099      0.68903    6.6613e-16      -1.0099
_SET1_   90865         9    6180149    6267983    342      59  462697       1.1238      0.05445    6.6613e-16       1.1238
_SET1_   5789          9    8304246   10647723  14089     631  470097       0.3153      0.17513    6.6613e-16       0.3153
_SET1_   79817         9   27315207   27565223   1333     145  470537      0.48828      0.16056    6.6613e-16      0.48828
_SET1_   1271          9   34541425   34625713    314      53  457357      0.74297      0.11218    6.6613e-16      0.74297
_SET1_   3590          9   34617182   34671899    181      46  467310      0.65793      0.13408    6.6613e-16      0.65793
_SET1_   6366          9   34699002   34745164    203      45  467986      -2.1789        0.959    8.8818e-16      -2.1789
_SET1_   9414          9   71679875   71880124   1046      78  470517       -1.265      0.77264    6.6613e-16       -1.265
_SET1_   23670         9   74288282   74419373    609      75  471756      0.73022      0.11552    6.6613e-16      0.73022
_SET1_   23230         9   79757269   80042399   1395      63  471585      0.87837     0.092748    6.6613e-16      0.87837
_SET1_   4915          9   87248417   87651985   1686     150  469475      -1.4524      0.83145    6.6613e-16      -1.4524
_SET1_   6850          9   93529012   93670842    838     115  472623       3.2976   7.2474e-05    8.8818e-16       3.2976
_SET1_   8727          9  111694849  111810829    423      49  473042     -0.76753      0.63297    6.6613e-16     -0.76753
_SET1_   54566         9  111924254  112118021    808     121  470918      -1.1129      0.72973    6.6613e-16      -1.1129
_SET1_   7357          9  114624206  114707649    538      55  471314     -0.25801      0.42298    6.6613e-16     -0.25801
_SET1_   80709         9  117086429  117195783    416      66  461826      -1.6613      0.87296    6.6613e-16      -1.6613
_SET1_   1955          9  123353196  123511765    450      46  463201    -0.071215      0.35818    6.8001e-16    -0.071215
_SET1_   153090        9  124294162  124557809   1102     156  463643      0.14081       0.2619    6.9389e-16      0.14081
_SET1_   29941         9  131429802  131493199    185      66  456097     -0.60914      0.60013    6.6613e-16     -0.60914
_SET1_   23048         9  132639458  132840473    900      60  473036     -0.21087      0.42712    6.9389e-16     -0.21087
_SET1_   83592        10    4833369    4900254    557      46  478139       1.2263     0.050461    6.6613e-16       1.2263
_SET1_   10276        10    5419514    5511019    373      41  470992     -0.15488      0.39149    6.9389e-16     -0.15488
_SET1_   5588         10    6425558    6657254   1105     145  471722       1.6294     0.016461    6.6613e-16       1.6294
_SET1_   9712         10   11492509   11688679    769      66  468580       5.0298   2.2065e-08    8.8818e-16       5.0298
_SET1_   221061       10   15243642   15448058    970      94  471819      -0.5048      0.49696    6.6613e-16      -0.5048
_SET1_   56243        10   23948675   24846772   4028     277  470325        0.378      0.19682    6.6613e-16        0.378
_SET1_   56288        10   34388488   35139253   3025     155  466171       1.0103     0.060697    6.6613e-16       1.0103
_SET1_   5979         10   43537517   43635799    529      63  468476     -0.49081      0.50072    6.6613e-16     -0.49081
_SET1_   6387         10   44855601   44915545    388      61  472996      -1.3708      0.81713    6.6613e-16      -1.3708
_SET1_   25961        10   74835133   74901583    258      16  470725      0.89835      0.14444    6.6613e-16      0.89835
_SET1_   81619        10   82179038   82292394    485      67  472384       6.9578   4.6968e-14    8.8818e-16       6.9578
_SET1_   3988         10   90963326   91046660    328      87  473368       1.4611     0.024645    6.6613e-16       1.4611
_SET1_   26509        10   95056186   95277190   1267     113  470679     -0.34579      0.43271    6.6613e-16     -0.34579
_SET1_   10580        10   97061530   97356171   1460     130  474711       1.1029     0.055298    6.6613e-16       1.1029
_SET1_   29760        10   97941455   98066333    658     107  469322       3.9847   4.0584e-06    8.8818e-16       3.9847
_SET1_   84632        10  116031248  116199515    790     149  468083     -0.54984      0.52676    6.6613e-16     -0.54984
_SET1_   259217       10  118420703  118644693    835     126  471162       0.2722      0.21419    6.6613e-16       0.2722
_SET1_   8038         10  127690960  128112127   2386     198  465798     -0.33868      0.42638    6.6613e-16     -0.33868
_SET1_   5791         10  129670325  129894180   1263     164  470706      0.38144      0.18974    6.6613e-16      0.38144
_SET1_   977          11     797952     848840    255      50  472308     -0.29514      0.43236    6.6613e-16     -0.29514
_SET1_   975          11    2362391    2428649    462      42  467350      0.47041      0.19951    6.6613e-16      0.47041
_SET1_   391          11    3838208    3897213    237      62  466713     -0.29186      0.41271    6.6613e-16     -0.29186
_SET1_   8642         11    6632556    6720320    391      79  469534       0.7283      0.11179    6.6613e-16       0.7283
_SET1_   960          11   35125417   35263949    702     108  469153     -0.40861      0.46335    6.6613e-16     -0.40861
_SET1_   3732         11   44552141   44651339    539      92  471459     -0.49079      0.49834    6.6613e-16     -0.49079
_SET1_   90139        11   44713731   44963978   1205     148  471312     -0.64847      0.55712    6.6613e-16     -0.64847
_SET1_   5795         11   47967101   48202394    827      68  432967      0.92312     0.070122    6.6613e-16      0.92312
_SET1_   51338        11   60013014   60086445    270      40  476507       7.6723   1.3771e-18    8.8818e-16       7.6723
_SET1_   931          11   60188251   60248225    231      45  470691      0.55228      0.15635    6.6613e-16      0.55228
_SET1_   10938        11   64610206   64682181    293      56  455635      0.56607      0.16386    6.6613e-16      0.56607
_SET1_   4296         11   65355226   65416720    205      64  456301       0.4342      0.17101    6.6613e-16       0.4342
_SET1_   6712         11   66439967   66531716    221     104  453545     -0.52472      0.51979    6.6613e-16     -0.52472
_SET1_   29984        11   66789289   66849488    176      56  467029     -0.37948      0.49408    6.6613e-16     -0.37948
_SET1_   1119         11   67810326   67923858    328      73  463811      -1.0405      0.70787    6.6613e-16      -1.0405
_SET1_   55298        11   71604768   71718643    497      32  468888      -2.4336      0.98597    8.8818e-16      -2.4336
_SET1_   116985       11   72386114   72498465    442      64  470649     -0.16694       0.3757    6.9389e-16     -0.16694
_SET1_   120114       11   92012446   92639636   2288     135  466525     -0.95249      0.66385    6.6613e-16     -0.95249
_SET1_   54851        11   94192153   94242744    162      33  473034     0.038873      0.32919    6.8695e-16     0.038873
_SET1_   5805         11  112062088  112114696    217      56  473540       2.3742    0.0024695    8.8818e-16       2.3742
_SET1_   4684         11  112796969  113159158   1592     117  470044      0.73088      0.10819    6.6613e-16      0.73088
_SET1_   23705        11  115029933  115410241   1424     146  460240      0.84477     0.087175    6.6613e-16      0.84477
_SET1_   3587         11  117822106  117882198    249      58  466509      -1.0583       0.7219    6.6613e-16      -1.0583
_SET1_   916          11  118140295  118196890    222      27  463835       1.6975     0.016114    6.6613e-16       1.6975
_SET1_   23187        11  118442213  118538748    314      63  461792      0.19579      0.25061    6.9389e-16      0.19579
_SET1_   643          11  118719475  118776980    262      55  465276       2.0417    0.0060597    8.8818e-16       2.0417
_SET1_   4162         11  119169234  119224087    201      63  464231      0.25194      0.22007    6.6613e-16      0.25194
_SET1_   10867        12    3151521    3405730   1643     180  470992      -1.8686      0.91204    6.6613e-16      -1.8686
_SET1_   4908         12    5506280    5614465    517      87  468979     -0.86535      0.63535    6.6613e-16     -0.86535
_SET1_   7132         12    6427923    6486283    269      83  467071     -0.25152       0.3964    6.6613e-16     -0.25152
_SET1_   3902         12    6846670    6897621    236      53  468051       1.8161     0.011359    6.6613e-16       1.8161
_SET1_   920          12    6863638    6939976    328      80  467840       1.3238     0.032721    6.6613e-16       1.3238
_SET1_   51266        12   10135660   10188381    281      40  473059      0.48269      0.17383    6.6613e-16      0.48269
_SET1_   283420       12   10148276   10228612    338      70  470528       0.3359      0.19971    6.6613e-16       0.3359
_SET1_   397          12   15084949   15149562    350      53  466926      -1.1533      0.74781    6.6613e-16      -1.1533
_SET1_   2059         12   15763075   15977510    636      72  459189     -0.39107      0.51824    6.6613e-16     -0.39107
_SET1_   54477        12   19247626   19539334   1128      78  464875      -1.1653      0.76878    6.6613e-16      -1.1653
_SET1_   4033         12   25170181   25271269    502      92  472072     -0.69009      0.57008    6.6613e-16     -0.69009
_SET1_   8496         12   27642045   27858497    915     114  476823       1.2434      0.04008    6.6613e-16       1.2434
_SET1_   51135        12   44117747   44193346    260      35  472374     -0.28622      0.49018    6.6613e-16     -0.28622
_SET1_   347902       12   47459490   47508734    207      68  457807     -0.80976      0.61091    6.6613e-16     -0.80976
_SET1_   3678         12   54779045   54848050    202      37  464442     -0.85436      0.71003    6.6613e-16     -0.85436
_SET1_   1606         12   56289946   56357811    187      51  457096      0.14839      0.29155    6.9389e-16      0.14839
_SET1_   11213        12   66547978   66658402    428      79  466047     -0.24152      0.40818    6.9389e-16     -0.24152
_SET1_   5787         12   70900630   71066220    891     121  472831      0.45864      0.17197    6.6613e-16      0.45864
_SET1_   5801         12   71021853   71349584   1592     164  469764       1.3166     0.036068    6.6613e-16       1.3166
_SET1_   8499         12   81642045   82188109   1975     136  467809      -1.6379      0.87157    6.6613e-16      -1.6379
_SET1_   9182         12   86188331   86265318    385      33  467876      -0.3766      0.47841    6.6613e-16      -0.3766
_SET1_   4254         12   88876570   89009250    391      41  468426      0.31626       0.2456    6.6613e-16      0.31626
_SET1_   3479         12  102779645  102910563    426      67  466392     -0.40061       0.4877    6.6613e-16     -0.40061
_SET1_   59341        12  110210892  110306212    402      68  465311       1.3715     0.031253    6.6613e-16       1.3715
_SET1_   9815         12  110357607  110469194    368      50  468700      0.75146      0.14009    6.6613e-16      0.75146
_SET1_   51347        12  118577606  118845750    965      64  462658     -0.58627      0.54901    6.6613e-16     -0.58627
_SET1_   5027         12  121535622  121634439    583      42  476479      0.14029      0.28943    6.9389e-16      0.14029
_SET1_   54509        12  122205660  122266594    239      51  468686      -1.4073      0.83761    6.6613e-16      -1.4073
_SET1_   221178       13   24518765   24891212   2256     294  470735      -1.3497      0.80061    6.6613e-16      -1.3497
_SET1_   2321         13   28864483   29104265    991     118  468848     -0.13595      0.36283    6.9389e-16     -0.13595
_SET1_   9365         13   33555571   33650282    501      66  471691      0.52315      0.15398    6.6613e-16      0.52315
_SET1_   387921       13   39577448   39634246    182      35  473666       1.0369      0.08192    6.6613e-16       1.0369
_SET1_   27253        13   58169238   58313445    461      98  465883      0.27393      0.21983    6.6613e-16      0.27393
_SET1_   23348        13   99435741   99773660   1561      68  470249      -0.3415      0.43811    6.6613e-16      -0.3415
_SET1_   1948         13  107132079  107222388    303      80  466892     -0.72381      0.58906    6.6613e-16     -0.72381
_SET1_   8660         13  110396184  110473914    391      63  469163     -0.16486      0.37646    6.9389e-16     -0.16486
_SET1_   8874         13  111732624  111968081   1027      94  468976     -0.30644      0.42417    6.6613e-16     -0.30644
_SET1_   23250        13  113309358  113551482   1409     118  464085      0.49688      0.15847    6.6613e-16      0.49688
_SET1_   23263        13  113513692  113764053   1343     166  467834       2.3493    0.0020143    8.8818e-16       2.3493
_SET1_   3916         13  113916436  113987746    257      31  453925     -0.98613      0.78417    6.6613e-16     -0.98613
_SET1_   22821        13  114737194  114933095   1089      76  466561      -2.2962      0.96257    8.8818e-16      -2.2962
_SET1_   3002         14   25090160   25138490    255      46  463698      0.49088      0.17019    6.6613e-16      0.49088
_SET1_   25938        14   31750994   31924788    591      47  456369     -0.53309      0.53727    6.6613e-16     -0.53309
_SET1_   253959       14   35997558   36313432    870      57  459618      -1.5739      0.87786    6.6613e-16      -1.5739
_SET1_   54916        14   57011509   57126233    595      69  469589     -0.52588      0.52412    6.6613e-16     -0.52588
_SET1_   57381        14   63636080   63770230    538      52  468331      0.28628      0.23502    6.6613e-16      0.28628
_SET1_   64398        14   67673012   67812778    627      35  470131      -1.1061      0.79841    6.6613e-16      -1.1061
_SET1_   8650         14   73731858   73960288    985      59  467833       1.0662     0.065953    6.6613e-16       1.0662
_SET1_   145567       14   90996932   91317823   1516     135  472987      0.69883      0.11492    6.6613e-16      0.69883
_SET1_   317762       14   99967603  100105727    693      86  468284      0.08307      0.27088    6.8001e-16      0.08307
_SET1_   23368        14  104190088  104350116    624      47  467482       1.5691     0.021449    6.6613e-16       1.5691
_SET1_   342184       15   33047745   33521934   2933     224  468683      0.73309      0.10981    6.6613e-16      0.73309
_SET1_   54567        15   41186531   41241258    195      53  470583      0.59217      0.16077    6.6613e-16      0.59217
_SET1_   51332        15   42130344   42221275    471      79  460381     -0.60083      0.53253    6.6613e-16     -0.60083
_SET1_   30844        15   42181638   42299755    513      78  462606       -2.079      0.94079    8.8818e-16       -2.079
_SET1_   8773         15   42748442   42835259    286      39  464633     -0.51456      0.55265    6.6613e-16     -0.51456
_SET1_   567          15   44968685   45020357    148      48  470541     -0.83342      0.69055    6.6613e-16     -0.83342
_SET1_   2252         15   49680375   49789523    370      35  480484      0.75112       0.1276    6.6613e-16      0.75112
_SET1_   102          15   58877403   59077177    735      65  468169       6.0711   3.8597e-11    8.8818e-16       6.0711
_SET1_   80301        15   65099082   65170201    327      38  467870       2.0831    0.0057721    8.8818e-16       2.0831
_SET1_   54878        15   65724805   65845040    419      48  468367    0.0065256      0.33961    6.8608e-16    0.0065256
_SET1_   9187         15   65868618   65963334    285      34  466375     -0.13505       0.4156    6.9389e-16     -0.13505
_SET1_   55075        15   70936893   71090932    523      64  457511     -0.99866       0.7065    6.6613e-16     -0.99866
_SET1_   4756         15   73309056   73607547   1120      62  468413      -1.2835      0.79083    6.6613e-16      -1.2835
_SET1_   1464         15   75956663   76040189    345      62  460258      0.38325      0.18677    6.6613e-16      0.38325
_SET1_   79834        15   77390498   77747446   1106      80  460148      -1.8441      0.91275    6.6613e-16      -1.8441
_SET1_   5151         15   85488744   85692376    955      77  464688     -0.19372      0.38013    6.9389e-16     -0.19372
_SET1_   28232        15   92361938   92725665   1709     178  469988      -2.1312      0.94808    8.8818e-16      -2.1312
_SET1_   55784        15   94739772   95037181   1407     206  468058       2.0349    0.0055469    8.8818e-16       2.0349
_SET1_   3480         15   99157272   99517759   1592     197  469303       -1.262       0.7839    6.6613e-16       -1.262
_SET1_   7249         16    2062472    2148713    446     128  467549       1.6291     0.018403    6.6613e-16       1.6291
_SET1_   5310         16    2128709    2220899    406      91  460275       1.2496     0.045813    6.6613e-16       1.2496
_SET1_   115          16    4002650    4201186   1168     152  468929      0.23613      0.22774    6.9389e-16      0.23613
_SET1_   114990       16    4386849    4443529    228      57  460198      0.17077      0.27033    6.9389e-16      0.17077
_SET1_   8651         16   11338274   11385039    249      50  469124     -0.16599      0.37393    6.9389e-16     -0.16599
_SET1_   729993       16   12960477   13344273   2057     176  469766     -0.20427      0.37972    6.9389e-16     -0.20427
_SET1_   64131        16   17186181   17599738   2082     232  467320       0.4697       0.1707    6.6613e-16       0.4697
_SET1_   5579         16   23812300   24241932   1995     190  471221       1.3232     0.034334    6.6613e-16       1.3232
_SET1_   3566         16   27290161   27386099    413      55  471065      -2.3091      0.96756    8.8818e-16      -2.3091
_SET1_   50615        16   27378483   27473363    438      95  467769     0.031517      0.29163    6.8695e-16     0.031517
_SET1_   930          16   28908082   28960668    163      58  457452       1.9472    0.0076304    6.6613e-16       1.9472
_SET1_   3683         16   30448983   30544506    263      65  458718       3.1292   0.00013712    8.8818e-16       3.1292
_SET1_   4494         16   56656855   56703215    313      42  475112      -2.3814      0.97498    8.8818e-16      -2.3814
_SET1_   6376         16   57371414   57428956    320      62  465721     -0.88011      0.67251    6.6613e-16     -0.88011
_SET1_   1003         16   66365525   66448689    425      89  466340     0.070299      0.27781    6.8001e-16     0.070299
_SET1_   8824         16   66933347   66988999    182      60  458201       0.2658      0.26073    6.6613e-16       0.2658
_SET1_   6236         16   66945582   66994439    160      56  459317    -0.057357      0.38375    6.8695e-16    -0.057357
_SET1_   6560         16   67967377   68037597    230      52  461599    -0.027799      0.36625    6.8695e-16    -0.027799
_SET1_   999          16   68736128   68879445    726      68  467002      -1.2116      0.76869    6.6613e-16      -1.2116
_SET1_   6645         16   69186050   69352955    601      60  462201       1.2976     0.042784    6.6613e-16       1.2976
_SET1_   146433       16   70578798   70704585    738      70  451324        3.037   0.00018139    8.8818e-16        3.037
_SET1_   123775       16   81077102   81145872    444      31  461081     -0.60355      0.60484    6.6613e-16     -0.60355
_SET1_   58191        17    4626828    4678223    300      71  469861     -0.22958      0.39129    6.9389e-16     -0.22958
_SET1_   2811         17    4800312    4848325    234      57  463491       4.1282   2.2737e-06    8.8818e-16       4.1282
_SET1_   23302        17    5937426    6037747    490     143  465977      0.18165      0.23765    6.9389e-16      0.18165
_SET1_   8742         17    7417375    7471207    286      46  470071        2.086    0.0055754    8.8818e-16        2.086
_SET1_   23533        17    8772233    8904029    594      83  464454      -1.5478      0.85424    6.6613e-16      -1.5478
_SET1_   9423         17    8889859    9157317   1454     172  465647      -1.1859      0.74464    6.6613e-16      -1.1859
_SET1_   23495        17   16832398   16910432    456      83  468897     -0.76543      0.60373    6.6613e-16     -0.76543
_SET1_   92521        17   19877649   20228072   1358      54  466757        1.764     0.012409    6.6613e-16        1.764
_SET1_   2319         17   27196356   27259715    166      67  463873      0.87933     0.089419    6.6613e-16      0.87933
_SET1_   28964        17   27890487   27951610    179      65  453874      0.55809      0.14182    6.6613e-16      0.55809
_SET1_   6352         17   34188495   34242377    208      24  476457     -0.88348      0.73149    6.6613e-16     -0.88348
_SET1_   2886         17   37859162   37913538    157      55  458175       1.9562    0.0083018    6.6613e-16       1.9562
_SET1_   1236         17   38700021   38756736    193      59  466616      -2.8031      0.99155    8.8818e-16      -2.8031
_SET1_   3728         17   39900859   39977964    369      73  466798     -0.20248      0.38774    6.9389e-16     -0.20248
_SET1_   6776         17   40404565   40473961    197      41  458485      0.21024      0.25429    6.9389e-16      0.21024
_SET1_   6774         17   40455342   40575586    378      49  465594      0.22137      0.24744    6.9389e-16      0.22137
_SET1_   284119       17   40544467   40610506    248      42  469427       2.5234    0.0015206    8.8818e-16       2.5234
_SET1_   146894       17   41889145   41950997    217      40  460143     -0.38897      0.48697    6.6613e-16     -0.38897
_SET1_   284069       17   42421101   42476235    129      53  463412       4.3746   6.1501e-07    8.8818e-16       4.3746
_SET1_   8631         17   46200802   46542596   1111      60  469298      0.46328      0.17304    6.6613e-16      0.46328
_SET1_   3675         17   48098340   48177849    400      80  470358     -0.30667      0.43935    6.6613e-16     -0.30667
_SET1_   974          17   61996098   62044710    247      63  467874      0.43323      0.18284    6.6613e-16      0.43323
_SET1_   5175         17   62386775   62439856    135      30  475201      -0.8639      0.68324    6.6613e-16      -0.8639
_SET1_   23580        17   71269763   71343314    290      65  465344     -0.53459      0.50878    6.6613e-16     -0.53459
_SET1_   146722       17   72680447   72744169    221      68  468242      -1.4299      0.84744    6.6613e-16      -1.4299
_SET1_   57513        17   73486341   73546664    336      46  464543      -2.5671      0.98289    8.8818e-16      -2.5671
_SET1_   147138       17   76090505   76149049    331     101  464407       1.0156     0.064958    6.6613e-16       1.0156
_SET1_   9021         17   76342858   76391160    251      59  471024   -0.0052729      0.32173    6.8608e-16   -0.0052729
_SET1_   7525         18     711592     847327    670      65  468857      0.79063      0.10094    6.6613e-16      0.79063
_SET1_   5797         18    7532314    8416859   3856     258  472278      0.12378      0.28021    6.8001e-16      0.12378
_SET1_   6093         18   18519701   18726812    376      72  456656     -0.25161      0.44507    6.6613e-16     -0.25161
_SET1_   1000         18   25520930   25792445    893     109  467357       -1.447      0.82645    6.6613e-16       -1.447
_SET1_   25800        18   33678494   33744357    250      43  467601        -1.18      0.75858    6.6613e-16        -1.18
_SET1_   8792         18   59957520   60064943    557      73  475609      0.88509     0.085111    6.6613e-16      0.88509
_SET1_   4155         18   74680789   74879774   1213     190  473587     -0.20213      0.38674    6.9389e-16     -0.20213
_SET1_   84552        18   77905115   78040397    435      50  463513      0.30845      0.21567    6.6613e-16      0.30845
_SET1_   5064         19     673953     758330    607     117  466959     -0.70403      0.56997    6.6613e-16     -0.70403
_SET1_   23526        19    1030922    1096627    373      69  468973       7.3872   1.4959e-15    8.8818e-16       7.3872
_SET1_   5802         19    5195514    5375814    968     154  472085    -0.041714      0.32515    6.8695e-16    -0.041714
_SET1_   3643         19    7102266    7329011   1297     148  470973       1.5823     0.018126    6.6613e-16       1.5823
_SET1_   2208         19    7743643    7802036    445      73  474540     -0.38428      0.45622    6.6613e-16     -0.38428
_SET1_   339390       19    7783843    7832057    311      71  470993       1.6781     0.015466    6.6613e-16       1.6781
_SET1_   3383         19   10345707   10407291    255      66  466897     -0.33306      0.43879    6.6613e-16     -0.33306
_SET1_   2057         19   11477881   11530018    200      46  468171     -0.13865      0.41729    6.9389e-16     -0.13865
_SET1_   55552        19   11822080   11884824    311      42  472300       2.4209    0.0022805    8.8818e-16       2.4209
_SET1_   5296         19   18228988   18291343    270      38  468161        1.007     0.074859    6.6613e-16        1.007
_SET1_   51599        19   35704290   35768867    319      38  469165      -2.2145      0.96206    8.8818e-16      -2.2145
_SET1_   933          19   35785069   35848264    323      84  466952     -0.49679        0.501    6.6613e-16     -0.49679
_SET1_   115703       19   36231417   36289724    237      50  463091     0.026304      0.30564    6.8695e-16     0.026304
_SET1_   7305         19   36385303   36434211    224      35  462373       1.6219      0.03424    6.6613e-16       1.6219
_SET1_   339324       19   36991589   37054248    238      45  467807      -1.4432      0.83544    6.6613e-16      -1.4432
_SET1_   2909         19   47386824   47518334    394      69  466656       2.2942    0.0030071    8.8818e-16       2.2942
_SET1_   951          19   49803632   49853863    170      31  467836     -0.18028      0.41671    6.9389e-16     -0.18028
_SET1_   2217         19   49980536   50039685    251      47  461892    -0.015755      0.34997    6.8695e-16    -0.015755
_SET1_   114132       19   50442250   50499439    289      33  469834       1.2625     0.049185    6.6613e-16       1.2625
_SET1_   50944        19   51153052   51255195    477     131  467106     -0.76084      0.59583    6.6613e-16     -0.76084
_SET1_   89790        19   51903275   51956057    262      41  465120      0.99006     0.075461    6.6613e-16      0.99006
_SET1_   5582         19   54350467   54420906    247      77  463939      0.62429      0.14953    6.6613e-16      0.62429
_SET1_   11025        19   54710147   54761997    172      53  471767       3.1046   0.00018161    8.8818e-16       3.1046
_SET1_   79168        19   54730469   54781724    168      51  466947        5.216   6.1021e-09    8.8818e-16        5.216
_SET1_   10990        19   54744270   54796167    220      60  468557       4.7539   8.1233e-08    8.8818e-16       4.7539
_SET1_   23547        19   54834473   54885421    288      89  468759     -0.21902      0.38441    6.9389e-16     -0.21902
_SET1_   11006        19   55139271   55191810    328      64  473224       2.9848   0.00030169    8.8818e-16       2.9848
_SET1_   51206        19   55515073   55584632    482      56  471570    -0.032721      0.32866    6.8695e-16    -0.032721
_SET1_   27111        20    1280553    1344879    323      60  470246      0.59489      0.13763    6.6613e-16      0.59489
_SET1_   10326        20    1535029    1635720    292      59  469623      0.69547      0.11786    6.6613e-16      0.69547
_SET1_   55423        20    1599522    1673425    422      46  470049      0.36104      0.20361    6.6613e-16      0.36104
_SET1_   140885       20    1839763    1930540    481     108  468747       3.6398   1.5693e-05    8.8818e-16       3.6398
_SET1_   116835       20    3678317    3743758    286      60  467438       0.8059      0.09725    6.6613e-16       0.8059
_SET1_   182          20   10608332   10689694    302      68  473231     -0.23933      0.40476    6.9389e-16     -0.23933
_SET1_   23767        20   14294639   14353313    237      51  471133     -0.37824      0.47345    6.6613e-16     -0.37824
_SET1_   57186        20   20360202   20728281   1061      60  465981       1.1034      0.06797    6.6613e-16       1.1034
_SET1_   84905        20   32284566   32390075    315      53  461902      0.61927      0.13575    6.6613e-16      0.61927
_SET1_   6714         20   35938088   36043835    435      88  464768       2.3512      0.00249    8.8818e-16       2.3512
_SET1_   5335         20   39731159   39814359    232      70  465771       2.1037    0.0053449    8.8818e-16       2.1037
_SET1_   958          20   44711899   44768384    283      52  471386       1.3781     0.033587    6.6613e-16       1.3781
_SET1_   1002         20   59792482   60525673   4866     395  469974      -1.0021      0.67258    6.6613e-16      -1.0021
_SET1_   5753         20   62149766   62203723    414      95  465534      0.53256      0.15775    6.6613e-16      0.53256
_SET1_   58494        21   26976594   27099874    494      60  470670      0.70628       0.1239    6.6613e-16      0.70628
_SET1_   3588         21   34603665   34679539    336      62  468498       3.3705   5.0075e-05    8.8818e-16       3.3705
_SET1_   3454         21   34661748   34742129    334      46  470894       1.3785     0.032819    6.6613e-16       1.3785
_SET1_   25966        21   43295219   43409066    692     136  472542       -1.819      0.90728    6.6613e-16       -1.819
_SET1_   3689         21   46295864   46383753    607     115  467639     -0.48217      0.48449    6.6613e-16     -0.48217
_SET1_   7122         22   19500547   19550068    231      64  474907      0.46369      0.17915    6.6613e-16      0.46369
_SET1_   91179        22   20768874   20827146    235      46  469813     -0.44999      0.49503    6.6613e-16     -0.44999
_SET1_   3543         22   23905312   23957619    337      88  469995     -0.21385      0.39347    6.9389e-16     -0.21385
_SET1_   8563         22   29894156   29984749    432      40  464682     -0.42752      0.49233    6.6613e-16     -0.42752
_SET1_   150290       22   31048039   31098874    232      64  471500       1.0083     0.071068    6.6613e-16       1.0083
_SET1_   4689         22   37222030   37284059    345      82  469364     -0.24405      0.40483    6.9389e-16     -0.24405
_SET1_   1439         22   37274639   37346491    473      68  468893      0.66319      0.12441    6.6613e-16      0.66319
_SET1_   3560         22   37511878   37587414    413     111  468798      0.65617      0.11883    6.6613e-16      0.65617
_SET1_   5880         22   37611301   37675339    353      48  475465       1.7534     0.013307    6.6613e-16       1.7534
_SET1_   11135        22   37921471   37975412    294      61  465559     -0.35224      0.44689    6.6613e-16     -0.35224
_SET1_   3956         22   38036613   38085809    226      44  467103     -0.28924      0.43412    6.6613e-16     -0.28924
_SET1_   5155         22   39609685   39675957    377      72  469310       1.4577     0.025343    6.6613e-16       1.4577
_SET1_   115650       22   42311036   42357821    214      43  463376     -0.17369      0.39558    6.9389e-16     -0.17369
_SET1_   29780        22   44360091   44575113   1189     202  471757      0.71877      0.11218    6.6613e-16      0.71877
_SET1_   64098        22   44531271   44614349    505      84  468906     0.070997      0.27339    6.8001e-16     0.070997
_SET1_   1730          X   95904650   96865597      1       1  429855    -0.053694       0.5936    6.8695e-16    -0.053694
