# ALPHA = 0.05
# NUMBER_OF_TESTS = 24

# _SET1_  VARIABLE = LG_module1 (set)
# _SET1_  NGENES = 520
# _SET1_  P-VALUE = 6.06191e-05
_SET1_   GENE        CHR      START       STOP  NSNPS  NPARAM       N        ZSTAT            P  ZFITTED_BASE  ZRESID_BASE
_SET1_   7293          1    1136706    1184703    300      32  464370     -0.64728      0.62292   -2.2204e-16     -0.64728
_SET1_   8764          1    2452291    2505268    255      44  468392     -0.35321      0.45946   -2.2204e-16     -0.35321
_SET1_   8718          1    6510787    6562432    231      64  463006    -0.032712      0.35777   -2.2204e-16    -0.032712
_SET1_   9249          1   12617939   12712820    532      93  469229     0.015961      0.29954   -2.1858e-16     0.015961
_SET1_   10630         1   13875252   13954452    450      98  470921     -0.60453      0.53258   -2.2204e-16     -0.60453
_SET1_   23254         1   14184646   15454544   6947     501  468615       1.4119     0.021563   -2.2204e-16       1.4119
_SET1_   55092         1   15444028   15556974    795      59  473443     -0.97944        0.688   -2.2204e-16     -0.97944
_SET1_   1969          1   16440832   16517582    309      60  463550      -1.2015      0.75562   -2.2204e-16      -1.2015
_SET1_   998           1   22344120   22429439    427      54  469653       1.0066     0.069602   -2.2204e-16       1.0066
_SET1_   1043          1   26609411   26657014    235      34  459733     -0.31985      0.44529   -2.2204e-16     -0.31985
_SET1_   65979         1   28661093   28836881    718      31  468258       2.8428   0.00056894             0       2.8428
_SET1_   2035          1   29178603   29456558   1021      72  462846       1.0384     0.065712   -2.2204e-16       1.0384
_SET1_   3932          1   32681840   32761766    230      63  469319     -0.75844      0.66145   -2.2204e-16     -0.75844
_SET1_   65108         1   32789430   32836840    118      44  450848      -0.3413       0.5714   -2.2204e-16      -0.3413
_SET1_   4352          1   43768475   43830135    160      45  455405      0.33751      0.20147   -2.2204e-16      0.33751
_SET1_   8643          1   45275516   45344226    266      35  470974      -2.0742      0.95511             0      -2.0742
_SET1_   8503          1   46495812   46677167    588      58  469087      -0.9403      0.67833   -2.2204e-16      -0.9403
_SET1_   1580          1   47229670   47295021    276      54  463766     -0.40183      0.48496   -2.2204e-16     -0.40183
_SET1_   200014        1   52806265   52866877    190      58  462377     -0.71777      0.64936   -2.2204e-16     -0.71777
_SET1_   85440         1   62910397   63189039    815      49  462711       2.3036    0.0028711             0       2.3036
_SET1_   3716          1   65288906   65467593    697      73  470327       1.2459     0.044647   -2.2204e-16       1.2459
_SET1_   10451         1  108103782  108542545   2100     159  469466      -2.2406      0.95802             0      -2.2406
_SET1_   389           1  113233749  113285025    189      65  460669      -1.6689      0.87141   -2.2204e-16      -1.6689
_SET1_   163259        1  115117155  115247732    503      64  468195     -0.11535      0.37352   -2.2204e-16     -0.11535
_SET1_   81839         1  116149574  116250845    469      73  469103       1.0178     0.063794   -2.2204e-16       1.0178
_SET1_   914           1  117262057  117321851    242      77  465052      -1.4612      0.82966   -2.2204e-16      -1.4612
_SET1_   4853          1  120444176  120674880    329      55  449934      0.19187      0.26855   -2.2204e-16      0.19187
_SET1_   8515          1  145489709  145553868    153      38  411800      -0.7432      0.57874   -2.2204e-16      -0.7432
_SET1_   3570          1  154342669  154451926    461      71  473686      0.19527      0.24282   -2.2204e-16      0.19527
_SET1_   1944          1  155016348  155070014    156      58  458839      -0.5617      0.51386   -2.2204e-16      -0.5617
_SET1_   1942          1  155065349  155117386    172      33  467441     0.079832      0.29698   -2.2204e-16     0.079832
_SET1_   9047          1  156766035  156821640    208      44  472120       3.0683   0.00021904             0       3.0683
_SET1_   375033        1  156828496  156896226    284      52  473231      -1.9828      0.94226   -2.2204e-16      -1.9828
_SET1_   2207          1  161150087  161199038    187      64  467606       5.0028   2.0947e-08             0       5.0028
_SET1_   2212          1  161440205  161499360    236      66  462136       1.6584     0.015013   -2.2204e-16       1.6584
_SET1_   2213          1  161597905  161658444    143      47  464844      0.30093      0.21679   -2.2204e-16      0.30093
_SET1_   9722          1  162004581  162349813   1738     123  469668      0.27796      0.21189   -2.2204e-16      0.27796
_SET1_   387597        1  166872441  166979576    333      54  466620      0.10999      0.28346   -2.2204e-16      0.10999
_SET1_   9019          1  167656187  167771156    538      62  462683      0.72757      0.11126   -2.2204e-16      0.72757
_SET1_   6403          1  169548087  169634377    472      82  471985     -0.44909      0.47657   -2.2204e-16     -0.44909
_SET1_   6402          1  169649806  169715843    422      51  469048      -1.3063      0.80388   -2.2204e-16      -1.3063
_SET1_   27            1  179058462  179233819    645      52  466273     -0.75374      0.60913   -2.2204e-16     -0.75374
_SET1_   81563         1  184321150  184608155   1267      85  463769      0.50937      0.15844   -2.2204e-16      0.50937
_SET1_   83872         1  185668683  186170085   2187      70  436799      -1.3863      0.80151   -2.2204e-16      -1.3863
_SET1_   5743          1  186630944  186684559    239      34  470424      -1.1431      0.78786   -2.2204e-16      -1.1431
_SET1_   343450        1  196184913  196612690   1582      78  434722     -0.41617      0.46044   -2.2204e-16     -0.41617
_SET1_   5778          1  202106141  202165716    327      71  466038       1.5781     0.018621   -2.2204e-16       1.5781
_SET1_   5287          1  204381756  204498943    557      72  465384      -2.0437      0.94178             0      -2.0437
_SET1_   947           1  208049883  208119742    345      50  472764       2.2408    0.0037914             0       2.2408
_SET1_   7188          1  211464849  211558403    335      56  470765     -0.32969      0.47057   -2.2204e-16     -0.32969
_SET1_   7779          1  211738381  211787099    217      70  472009       1.3636     0.033251   -2.2204e-16       1.3636
_SET1_   79762         1  220828628  220882499    279      38  470327     -0.40324      0.51591   -2.2204e-16     -0.40324
_SET1_   55083         1  245283287  245876428   3239     323  470809      0.30486      0.20393   -2.2204e-16      0.30486
_SET1_   9781          2    7022523    7219011    889      97  471035      -1.1887      0.74206   -2.2204e-16      -1.1887
_SET1_   8853          2    9311894    9555812    996     102  464331        2.377    0.0018383             0        2.377
_SET1_   6382          2   20390558   20460194    300      42  471383      0.28449      0.22831   -2.2204e-16      0.28449
_SET1_   388           2   20611835   20659201    228      61  470018       -1.165      0.74378   -2.2204e-16       -1.165
_SET1_   22979         2   25229973   25392004    600      65  462463       1.2693     0.038896   -2.2204e-16       1.2693
_SET1_   30845         2   31421880   31501260    498      90  472967     -0.48811      0.48893   -2.2204e-16     -0.48811
_SET1_   25780         2   33626416   33799798    887     172  471107       1.9094    0.0080569   -2.2204e-16       1.9094
_SET1_   6654          2   39198690   39382686    686      49  465599      0.83422       0.1176   -2.2204e-16      0.83422
_SET1_   5581          2   45843454   46425129   3008     299  469088     -0.60027      0.53424   -2.2204e-16     -0.60027
_SET1_   307           2   69912946   70063596    569      47  466070      0.32189      0.21414   -2.2204e-16      0.32189
_SET1_   7039          2   70664412   70816147    692      88  470583       -1.663      0.87268   -2.2204e-16       -1.663
_SET1_   26056         2   73290510   73375146    301      38  469636       1.4786     0.028091   -2.2204e-16       1.4786
_SET1_   1796          2   74741147   74794678    110      42  464925       1.3694     0.054048   -2.2204e-16       1.3694
_SET1_   4118          2   95656400   95729737    171      81  445974       1.7945     0.010971   -2.2204e-16       1.7945
_SET1_   11138         2  101613690  101802858    837      64  465338     -0.18517      0.37774   -2.2204e-16     -0.18517
_SET1_   3554          2  102651836  102806334    802      99  464228      0.27718      0.20853   -2.2204e-16      0.27718
_SET1_   8809          2  102944093  103025230    438      44  464530     -0.58768      0.53357   -2.2204e-16     -0.58768
_SET1_   8807          2  103000254  103079025    409      35  469759     -0.16339      0.38405   -2.2204e-16     -0.16339
_SET1_   6549          2  103201166  103337809    548      72  466873      0.14549      0.25259   -2.2204e-16      0.14549
_SET1_   8440          2  106326520  106520730   1045      75  465605        3.564   2.2621e-05             0        3.564
_SET1_   3625          2  121068719  121119383    236      93  456632     -0.70149      0.56644   -2.2204e-16     -0.70149
_SET1_   2995          2  127378426  127464251    482      86  465767     -0.16794      0.35327   -2.2204e-16     -0.16794
_SET1_   80122         2  135712076  135817301    330      41  471364       2.7551   0.00070005             0       2.7551
_SET1_   7852          2  136861919  136910725    165      39  463920      0.85139     0.096773   -2.2204e-16      0.85139
_SET1_   390           2  151314707  151379209    251      62  471827      0.48192      0.16353   -2.2204e-16      0.48192
_SET1_   26225         2  152647480  152720009    258      57  463742    0.0028664      0.35811   -2.1944e-16    0.0028664
_SET1_   114793        2  153156684  153516348   1561     113  467414     0.043251       0.2836   -2.2204e-16     0.043251
_SET1_   9595          2  158261131  158335604    256      67  465209       1.2639     0.050876   -2.2204e-16       1.2639
_SET1_   4065          2  160649866  160796267    751      67  471103       2.0121    0.0061449             0       2.0121
_SET1_   2888          2  165339323  165513360    572      94  464576      0.61477      0.13037   -2.2204e-16      0.61477
_SET1_   22837         2  165526695  165733678    919      68  470257     -0.37447      0.45665   -2.2204e-16     -0.37447
_SET1_   29081         2  170658267  170716439    272      33  476032     -0.38114      0.50408   -2.2204e-16     -0.38114
_SET1_   3655          2  173256954  173381181    643      63  473105    -0.074846      0.35382   -2.2204e-16    -0.074846
_SET1_   3685          2  187419058  187555629    415      71  451717     -0.30055      0.39805   -2.2204e-16     -0.30055
_SET1_   165215        2  187523789  187640686    372      50  456625    -0.090585      0.33843   -2.2204e-16    -0.090585
_SET1_   6775          2  191884302  192072404    670     110  468721      0.27678      0.21336   -2.2204e-16      0.27678
_SET1_   57181         2  196442798  196612426    569      70  464341       1.1911     0.046412   -2.2204e-16       1.1911
_SET1_   659           2  203206033  203442474    679      63  463865       0.9208     0.083378   -2.2204e-16       0.9208
_SET1_   114790        2  220427593  220491173    208      82  467121       2.2044    0.0036345             0       2.2044
_SET1_   2043          2  222272747  222472010    832      91  471037    -0.063658      0.32411   -2.2204e-16    -0.063658
_SET1_   55619         2  225619807  225942330   1424     128  465404       2.0986    0.0043121             0       2.0986
_SET1_   3667          2  227586033  227699545    414      67  468767     -0.36446      0.50453   -2.2204e-16     -0.36446
_SET1_   10123         2  235391685  235440721    223      85  464570       1.2436     0.038901   -2.2204e-16       1.2436
_SET1_   23677         2  235825628  235974358    772     135  461832      0.83418     0.089505   -2.2204e-16      0.83418
_SET1_   57007         2  237434424  237501001    337      56  468195       1.2534     0.050941   -2.2204e-16       1.2534
_SET1_   151835        3    9710510    9781592    243      99  461202      0.40924      0.18799   -2.2204e-16      0.40924
_SET1_   6533          3   14409076   14540857    628     134  466995     -0.75072      0.58501   -2.2204e-16     -0.75072
_SET1_   80852         3   14520396   14618588    538      74  473634      -1.4135      0.81889   -2.2204e-16      -1.4135
_SET1_   23473         3   15212733   15304423    375      47  457149     -0.89172      0.69564   -2.2204e-16     -0.89172
_SET1_   7048          3   30612994   30745634    606     105  469019     -0.11108      0.34047   -2.2204e-16     -0.11108
_SET1_   3680          3   37458813   37871281   1878     160  466178       0.5606      0.13968   -2.2204e-16       0.5606
_SET1_   10217         3   37868669   38035960    648      84  463246       1.2851     0.044014   -2.2204e-16       1.2851
_SET1_   1524          3   39294985   39358226    336      60  463408      -1.4149      0.81985   -2.2204e-16      -1.4149
_SET1_   1238          3   42815964   42918775    344      55  463817      0.23378      0.23307   -2.2204e-16      0.23378
_SET1_   10663         3   45949973   45999845    235      54  466414      -0.3141      0.43279   -2.2204e-16      -0.3141
_SET1_   1234          3   46376633   46427697    242      45  466699     -0.41413      0.47884   -2.2204e-16     -0.41413
_SET1_   9034          3   46413721   46464488    285      35  469841      -1.1925      0.78169   -2.2204e-16      -1.1925
_SET1_   1154          3   50633885   50684262    126      30  465841       2.1757    0.0062478             0       2.1757
_SET1_   54106         3   52245096   52295179    160      48  462113      -2.1004      0.95164             0      -2.1004
_SET1_   50650         3   56751446   57148336   1762     176  471507       2.0055    0.0058589             0       2.0055
_SET1_   54756         3   57114010   57239345    443      60  469125       1.3897     0.031955   -2.2204e-16       1.3897
_SET1_   201627        3   57601181   57713816    385      43  468071       1.6719     0.016816   -2.2204e-16       1.6719
_SET1_   56999         3   64491330   64708676   1063     129  468010     -0.98102      0.67599   -2.2204e-16     -0.98102
_SET1_   6091          3   78636388   79852059   4514     214  464391     -0.28022      0.40658   -2.2204e-16     -0.28022
_SET1_   961           3  107751941  107844935    306      55  469234      0.80037      0.10023   -2.2204e-16      0.80037
_SET1_   25945         3  110755606  110923017    498      63  465505      0.63225      0.16862   -2.2204e-16      0.63225
_SET1_   4345          3  112016194  112091659    367      41  460473      -0.1175      0.35545   -2.2204e-16      -0.1175
_SET1_   151888        3  112172813  112253438    313      47  461155     -0.92051       0.7092   -2.2204e-16     -0.92051
_SET1_   344807        3  112524556  112599797    404      42  467204     -0.32625      0.44827   -2.2204e-16     -0.32625
_SET1_   131450        3  112631532  112728950    475      66  472814     -0.86441      0.65823   -2.2204e-16     -0.86441
_SET1_   91653         3  112894850  113016306    618      93  471258      -1.6809      0.88097   -2.2204e-16      -1.6809
_SET1_   201633        3  113977833  114039135    243      60  474168      0.92025     0.080302   -2.2204e-16      0.92025
_SET1_   3081          3  120337015  120436418    445      80  465102     -0.93879      0.66313   -2.2204e-16     -0.93879
_SET1_   942           3  121739209  121849990    368      84  469994    -0.021742      0.32245   -2.1858e-16    -0.021742
_SET1_   8997          3  123778558  124450036   3161     179  468453      0.73691      0.10181   -2.2204e-16      0.73691
_SET1_   3693          3  124470795  124641500    816      68  472641     -0.26918      0.42218   -2.2204e-16     -0.26918
_SET1_   56667         3  124614289  124688595    340      82  468223     -0.18788      0.37567   -2.2204e-16     -0.18788
_SET1_   50512         3  127313002  127401653    283      55  466010     -0.58781      0.57531   -2.2204e-16     -0.58781
_SET1_   51554         3  132281081  132331488    166      46  465640      -1.1206      0.76785   -2.2204e-16      -1.1206
_SET1_   51208         3  137682658  137762494    293      45  463170      0.24963      0.23458   -2.2204e-16      0.24963
_SET1_   5291          3  138361540  138588780    741      52  458398      0.11295      0.26924   -2.2204e-16      0.11295
_SET1_   26084         3  153803792  153985616    656      57  462601     -0.81022      0.63141   -2.2204e-16     -0.81022
_SET1_   4311          3  154762436  154911518    557     112  472896       4.5725   2.2398e-07             0       4.5725
_SET1_   26996         3  169720735  169813184    326      36  468769      0.17087      0.26346   -2.2204e-16      0.17087
_SET1_   151963        3  192504604  192670950    798      77  468850      -1.8498      0.90315   -2.2204e-16      -1.8498
_SET1_   3083          4    3408702    3461214    292      72  462326      0.35716      0.19767   -2.2204e-16      0.35716
_SET1_   60312         4    7750440    7976653   1573      94  468978     -0.71615      0.57442   -2.2204e-16     -0.71615
_SET1_   952           4   15744921   15860706    501      53  474692    -0.018412      0.33258   -2.1858e-16    -0.018412
_SET1_   116984        4   36057620   36280979    793      86  465133     -0.16835      0.36972   -2.2204e-16     -0.16835
_SET1_   399           4   40157631   40256384    444      98  468445        2.096    0.0044361             0        2.096
_SET1_   7294          4   48058410   48171273    443      66  456658     -0.82523       0.6135   -2.2204e-16     -0.82523
_SET1_   3815          4   55489095   55616881    543      65  469869       0.6168      0.13198   -2.2204e-16       0.6168
_SET1_   3791          4   55934426   56026762    400      90  466930      -1.0258      0.68422   -2.2204e-16      -1.0258
_SET1_   26228         4   68389415   68483059    399      51  475447      0.66158      0.12878   -2.2204e-16      0.66158
_SET1_   5473          4   74842156   74888907    171      47  453568      -1.7414      0.90039   -2.2204e-16      -1.7414
_SET1_   4283          4   76912623   76963641    242      25  471786      -1.2146       0.7852   -2.2204e-16      -1.2146
_SET1_   3627          4   76932269   76979689    341      14  475706      -1.1655      0.79704   -2.2204e-16      -1.1655
_SET1_   57619         4   77321253   77714406   1529     105  470172      0.40815      0.17486   -2.2204e-16      0.40815
_SET1_   651           4   81917119   81988685    317      46  464353     -0.63145      0.59063   -2.2204e-16     -0.63145
_SET1_   285513        4   90152427   90264161    490     105  469980      -1.6169      0.86113   -2.2204e-16      -1.6169
_SET1_   51705         4  101306498  101474250    723      59  464278      0.44671      0.17295   -2.2204e-16      0.44671
_SET1_   79633         4  126202003  126424087    968     103  463664     -0.19763      0.36386   -2.2204e-16     -0.19763
_SET1_   57575         4  134035470  134122732    332      50  471964      -1.0327      0.71305   -2.2204e-16      -1.0327
_SET1_   54510         4  138430072  138488629    293      51  471862     -0.78794       0.6419   -2.2204e-16     -0.78794
_SET1_   23657         4  139075248  139198572    502      75  473154     -0.21885      0.38616   -2.2204e-16     -0.21885
_SET1_   2549          4  144222680  144405718    590      85  468626       1.5012     0.022773   -2.2204e-16       1.5012
_SET1_   987           4  151175811  151971879   2590      95  463530      0.38737      0.18896   -2.2204e-16      0.38737
_SET1_   85462         4  153822265  153910848    381      77  465831      -1.3694       0.8074   -2.2204e-16      -1.3694
_SET1_   6999          4  156789845  156851558    382      44  472213      -1.3275      0.83755   -2.2204e-16      -1.3275
_SET1_   7424          4  177594689  177748899    722      49  468099     -0.23466       0.4435   -2.2204e-16     -0.23466
_SET1_   2195          4  187498937  187682876    944     136  461426      0.63572      0.12194   -2.2204e-16      0.63572
_SET1_   5618          5   35038861   35265823    989     106  469706      0.65246      0.12797   -2.2204e-16      0.65246
_SET1_   3575          5   35821977   35889705    325      35  464571     -0.34351      0.45444   -2.2204e-16     -0.34351
_SET1_   3977          5   38465065   38630507    579      66  460583      -1.4179      0.82453   -2.2204e-16      -1.4179
_SET1_   2533          5   39095354   39305759    936     101  471098      -2.2427      0.96012             0      -2.2427
_SET1_   2690          5   42388577   42731980   1296      90  466229      0.23148       0.2331   -2.2204e-16      0.23148
_SET1_   3673          5   52250156   52400609    725      59  473778     0.041772      0.29915   -2.2204e-16     0.041772
_SET1_   112574        5   53778589   53852416    434      44  476865     -0.81887      0.64523   -2.2204e-16     -0.81887
_SET1_   3572          5   55220923   55325821    399      66  461480       2.6961    0.0008919             0       2.6961
_SET1_   5295          5   67476584   67607649    495     103  468059     -0.81895       0.6196   -2.2204e-16     -0.81895
_SET1_   100506658     5   68753119   68863931    215      67  463358      -1.0858      0.74159   -2.2204e-16      -1.0858
_SET1_   64283         5   72886983   73247818   1542     143  468558     -0.43911      0.46174   -2.2204e-16     -0.43911
_SET1_   153364        5   89744020   89805585    177      50  460896       1.3067     0.034886   -2.2204e-16       1.3067
_SET1_   4012          5   96236346   96375115    597      36  472978       1.0747     0.066527   -2.2204e-16       1.0747
_SET1_   2241          5  108048523  108533373   2139      97  471924        1.019     0.064603   -2.2204e-16        1.019
_SET1_   5229          5  114536527  114634123    344      63  464630      0.48696       0.1654   -2.2204e-16      0.48696
_SET1_   6558          5  127384483  127535380    467      75  457449      0.46782      0.17348   -2.2204e-16      0.46782
_SET1_   56109         5  140714811  140902546    778      62  469352        1.095     0.066536   -2.2204e-16        1.095
_SET1_   56101         5  140742695  140902546    675      71  469198       1.1062     0.062822   -2.2204e-16       1.1062
_SET1_   5098          5  140820569  140902546    331      53  470457      0.81182      0.10715   -2.2204e-16      0.81182
_SET1_   5097          5  141222655  141293361    256      59  470506       1.8682    0.0093678   -2.2204e-16       1.8682
_SET1_   51294         5  141313150  141373627    238      51  471762      0.96111     0.078934   -2.2204e-16      0.96111
_SET1_   81848         5  141679992  141739620    251      50  474967     -0.07647      0.34937   -2.2204e-16     -0.07647
_SET1_   2246          5  141961743  142112635    810     135  470942      -1.1291      0.74156   -2.2204e-16      -1.1291
_SET1_   1436          5  149422854  149527935    477     104  467476      0.46251      0.16058   -2.2204e-16      0.46251
_SET1_   3702          5  156572907  156692109    605      75  472245       1.4471      0.02655   -2.2204e-16       1.4471
_SET1_   1794          5  169029251  169520386   2325     206  470395      -0.5008      0.50162   -2.2204e-16      -0.5008
_SET1_   4835          6    2965067    3029997    465      56  472977      0.10159      0.28151   -2.2204e-16      0.10159
_SET1_   55604         6   25244656   25630758   2420     158  470330      0.23388      0.22392   -2.2204e-16      0.23388
_SET1_   10211         6   30685506   30745687    428      59  464372       1.8017     0.012873   -2.2204e-16       1.8017
_SET1_   80739         6   31656121   31704487    194      62  459452       1.0889     0.061043   -2.2204e-16       1.0889
_SET1_   80737         6   31723178   31780108    229      74  458956       2.7453   0.00066691             0       2.7453
_SET1_   50619         6   35230595   35299548    297      39  469800       1.5998     0.026894   -2.2204e-16       1.5998
_SET1_   7422          6   43702946   43764224    243      87  467392      0.24669      0.21497   -2.2204e-16      0.24669
_SET1_   27242         6   47189263   47312683    522     110  464893     -0.21114      0.38326   -2.2204e-16     -0.21114
_SET1_   23607         6   47410482   47604999    713      49  464858       5.8088   1.5206e-10             0       5.8088
_SET1_   57579         6   71088107   71280877    826      39  470503       1.6101     0.024137   -2.2204e-16       1.6101
_SET1_   135228        6   74370508   74548041    727      77  472354       -1.191      0.75061   -2.2204e-16       -1.191
_SET1_   2045          6   93939738   94164302    823     110  469995     -0.51014        0.495   -2.2204e-16     -0.51014
_SET1_   2898          6  101806584  102527958   3229     242  470900     -0.51191      0.52006   -2.2204e-16     -0.51191
_SET1_   2534          6  111971535  112229655   1042      77  470808     -0.80403       0.6325   -2.2204e-16     -0.80403
_SET1_   4082          6  114143527  114194652    153      47  467207     -0.40827        0.477   -2.2204e-16     -0.40827
_SET1_   285761        6  117768803  117901021    579      58  472717      0.95409     0.076755   -2.2204e-16      0.95409
_SET1_   2697          6  121721745  121780873    277      37  473405     -0.53524      0.55434   -2.2204e-16     -0.53524
_SET1_   387357        6  128019339  128274776    898      87  463586     -0.96966      0.67592   -2.2204e-16     -0.96966
_SET1_   25901         6  139059657  139124456    311      44  468574       1.4678      0.02782   -2.2204e-16       1.4678
_SET1_   7402          6  144571434  145184170   2651     143  464000       1.4409     0.026646   -2.2204e-16       1.4409
_SET1_   117289        6  159445500  159501184    243      39  473938     -0.86135      0.67297   -2.2204e-16     -0.86135
_SET1_   6196          6  166812854  167310948   2917     271  467847   -0.0074762       0.3176   -2.1944e-16   -0.0074762
_SET1_   4301          6  168192602  168382703    845      53  464348      0.32559      0.20869   -2.2204e-16      0.32559
_SET1_   28514         6  170581288  170634815    247      48  470768      -1.3774      0.82347   -2.2204e-16      -1.3774
_SET1_   84433         7    2935709    3118579   1174     178  471193       1.2835     0.037263   -2.2204e-16       1.2835
_SET1_   9771          7   22147908   22431751   1332     120  469154     -0.97437      0.67379   -2.2204e-16     -0.97437
_SET1_   10457         7   23251305   23324729    278      27  473734     -0.53698      0.58325   -2.2204e-16     -0.53698
_SET1_   8935          7   26687397   27069862   1454      60  467134     -0.46723      0.48581   -2.2204e-16     -0.46723
_SET1_   1124          7   29198991   29563944   1791     173  469325     -0.30639      0.41506   -2.2204e-16     -0.30639
_SET1_   9844          7   36882511   37523895   2950     244  468965       1.1149     0.056852   -2.2204e-16       1.1149
_SET1_   1644          7   50516134   50668154    919      54  468971        2.715   0.00069652             0        2.715
_SET1_   1365          7   73173327   73219600    149      35  464759     -0.27009      0.42697   -2.2204e-16     -0.27009
_SET1_   653361        7   74153309   74213720      6       3  463853      -1.1584      0.92771   -2.2204e-16      -1.1584
_SET1_   948           7   80196504   80318593    515      45  469028        1.068     0.061434   -2.2204e-16        1.068
_SET1_   3082          7   81321444   81434452    415      65  465283     -0.81663      0.62891   -2.2204e-16     -0.81663
_SET1_   9069          7   89997648   90055268    256      40  464374        1.216     0.051627   -2.2204e-16        1.216
_SET1_   8910          7   94204536   94320521    290      50  463906      0.85975     0.096236   -2.2204e-16      0.85975
_SET1_   55971         7   97910962   98065427    574      59  465760     -0.57479      0.52017   -2.2204e-16     -0.57479
_SET1_   2050          7  100390187  100460143    282      60  463609       3.7047    1.296e-05             0       3.7047
_SET1_   4584          7  100512086  100621617    187      53  452139       2.0309    0.0049827             0       2.0309
_SET1_   5649          7  103102231  103664963   2910     196  472526      -1.3914       0.8081   -2.2204e-16      -1.3914
_SET1_   5294          7  106470723  106557592    337      62  470337        -1.42      0.82788   -2.2204e-16        -1.42
_SET1_   29969         7  114527169  114669971    529      91  462906      -1.5032      0.84794   -2.2204e-16      -1.5032
_SET1_   857           7  116129839  116211239    312      43  470311      0.65503      0.13532   -2.2204e-16      0.65503
_SET1_   375616        7  128506919  128585773    381      77  469217        1.323     0.035697   -2.2204e-16        1.323
_SET1_   5420          7  131175021  131276376    517     110  470751     -0.51101      0.49742   -2.2204e-16     -0.51101
_SET1_   5764          7  136902088  137063606    641     106  470295    0.0099354      0.29723   -2.2031e-16    0.0099354
_SET1_   57670         7  138506126  138701064    846     102  469988      0.40714       0.1786   -2.2204e-16      0.40714
_SET1_   27147         7  140208220  140376285    682      72  465740      0.15899      0.25466   -2.2204e-16      0.15899
_SET1_   2041          7  143078205  143140985    268      69  461569       7.1514   8.2086e-15             0       7.1514
_SET1_   640           8   11316521   11432108    816      76  473654       1.7536     0.012823   -2.2204e-16       1.7536
_SET1_   8822          8   21865264   21916320    205      72  469835       2.3974     0.001861             0       2.3974
_SET1_   8795          8   22867646   22961700    396      80  468396      0.36673      0.18836   -2.2204e-16      0.36673
_SET1_   80005         8   25007287   25283227   1188     143  466069     -0.98798      0.68404   -2.2204e-16     -0.98798
_SET1_   2185          8   27133999   27326908    931      79  460646       3.6691   1.2901e-05             0       3.6691
_SET1_   2137          8   28523990   28621207    302      56  466285      0.84078     0.095839   -2.2204e-16      0.84078
_SET1_   80223         8   37706465   37792015    215      87  456049     -0.16551      0.36523   -2.2204e-16     -0.16551
_SET1_   8754          8   38819505   38972780    513      45  465161     -0.93859       0.6778   -2.2204e-16     -0.93859
_SET1_   3620          8   39736328   39796309    255      42  475334      -1.3598      0.81522   -2.2204e-16      -1.3598
_SET1_   169355        8   39757474   39883910    711      72  472734      -2.5905      0.98071             0      -2.5905
_SET1_   56892         8   39975987   40022827    206      63  463269       1.2237     0.042218   -2.2204e-16       1.2237
_SET1_   4067          8   56757386   56935006    781      78  468826       1.6056     0.017484   -2.2204e-16       1.6056
_SET1_   83690         8   75861708   75956793    407      47  471046     0.020905      0.32859   -2.1858e-16     0.020905
_SET1_   55824         8   81870045   82059303    764     115  470264     -0.72509       0.5794   -2.2204e-16     -0.72509
_SET1_   4856          8  120393552  120446678    219      24  464633     -0.47033      0.54502   -2.2204e-16     -0.47033
_SET1_   6641          8  121537985  121860599   1328     125  467980      0.65588      0.12005   -2.2204e-16      0.65588
_SET1_   6503          8  134038973  134150604    628      52  470103      0.68348      0.12163   -2.2204e-16      0.68348
_SET1_   5747          8  141658481  142046412   1307      66  460056      -0.2009      0.37194   -2.2204e-16      -0.2009
_SET1_   80728         8  145744563  145873891    461      55  466748      -1.3931      0.84819   -2.2204e-16      -1.3931
_SET1_   3717          9    4950245    5139948    832      56  464145      -1.2333      0.77074   -2.2204e-16      -1.2333
_SET1_   29126         9    5415503    5480567    281      65  463934      -1.0228      0.68903   -2.2204e-16      -1.0228
_SET1_   90865         9    6180149    6267983    342      59  462697       1.1145      0.05445   -2.2204e-16       1.1145
_SET1_   5789          9    8304246   10647723  14089     631  470097      0.30514      0.17513   -2.2204e-16      0.30514
_SET1_   79817         9   27315207   27565223   1333     145  470537      0.47977      0.16056   -2.2204e-16      0.47977
_SET1_   1271          9   34541425   34625713    314      53  457357      0.73514      0.11218   -2.2204e-16      0.73514
_SET1_   3590          9   34617182   34671899    181      46  467310      0.64752      0.13408   -2.2204e-16      0.64752
_SET1_   6366          9   34699002   34745164    203      45  467986      -2.1883        0.959             0      -2.1883
_SET1_   9414          9   71679875   71880124   1046      78  470517      -1.2753      0.77264   -2.2204e-16      -1.2753
_SET1_   23670         9   74288282   74419373    609      75  471756      0.72144      0.11553   -2.2204e-16      0.72144
_SET1_   23230         9   79757269   80042399   1395      63  471585      0.87384     0.092748   -2.2204e-16      0.87384
_SET1_   4915          9   87248417   87651985   1686     150  469475      -1.4593      0.83145   -2.2204e-16      -1.4593
_SET1_   6850          9   93529012   93670842    838     115  472623       3.2872   7.2474e-05             0       3.2872
_SET1_   8727          9  111694849  111810829    423      49  473042      -0.7748      0.63297   -2.2204e-16      -0.7748
_SET1_   54566         9  111924254  112118021    808     121  470918      -1.1229      0.72973   -2.2204e-16      -1.1229
_SET1_   7357          9  114624206  114707649    538      55  471314      -0.2658      0.42298   -2.2204e-16      -0.2658
_SET1_   80709         9  117086429  117195783    416      66  461826      -1.6726      0.87296   -2.2204e-16      -1.6726
_SET1_   1955          9  123353196  123511765    450      46  463201    -0.076398      0.35818   -2.2204e-16    -0.076398
_SET1_   153090        9  124294162  124557809   1102     156  463643      0.13384       0.2619   -2.2204e-16      0.13384
_SET1_   29941         9  131429802  131493199    185      66  456097     -0.61539      0.60013   -2.2204e-16     -0.61539
_SET1_   23048         9  132639458  132840473    900      60  473036       -0.214      0.42712   -2.2204e-16       -0.214
_SET1_   83592        10    4833369    4900254    557      46  478139       1.2198     0.050461   -2.2204e-16       1.2198
_SET1_   10276        10    5419514    5511019    373      41  470992     -0.16209      0.39149   -2.2204e-16     -0.16209
_SET1_   5588         10    6425558    6657254   1105     145  471722         1.62     0.016461   -2.2204e-16         1.62
_SET1_   9712         10   11492509   11688679    769      66  468580       4.9735   2.9336e-08             0       4.9735
_SET1_   221061       10   15243642   15448058    970      94  471819      -0.5153      0.49696   -2.2204e-16      -0.5153
_SET1_   56243        10   23948675   24846772   4028     277  470325      0.37435      0.19682   -2.2204e-16      0.37435
_SET1_   56288        10   34388488   35139253   3025     155  466171       1.0024     0.060697   -2.2204e-16       1.0024
_SET1_   5979         10   43537517   43635799    529      63  468476     -0.50066      0.50072   -2.2204e-16     -0.50066
_SET1_   6387         10   44855601   44915545    388      61  472996      -1.3812      0.81713   -2.2204e-16      -1.3812
_SET1_   25961        10   74835133   74901583    258      16  470725      0.90721      0.14444   -2.2204e-16      0.90721
_SET1_   81619        10   82179038   82292394    485      67  472384       6.9465   4.6968e-14             0       6.9465
_SET1_   3988         10   90963326   91046660    328      87  473368       1.4471     0.024645   -2.2204e-16       1.4471
_SET1_   26509        10   95056186   95277190   1267     113  470679     -0.35537      0.43271   -2.2204e-16     -0.35537
_SET1_   10580        10   97061530   97356171   1460     130  474711       1.0943     0.055298   -2.2204e-16       1.0943
_SET1_   29760        10   97941455   98066333    658     107  469322       3.9759   4.0584e-06             0       3.9759
_SET1_   84632        10  116031248  116199515    790     149  468083       -0.558      0.52676   -2.2204e-16       -0.558
_SET1_   259217       10  118420703  118644693    835     126  471162       0.2609      0.21419   -2.2204e-16       0.2609
_SET1_   8038         10  127690960  128112127   2386     198  465798     -0.34573      0.42638   -2.2204e-16     -0.34573
_SET1_   5791         10  129670325  129894180   1263     164  470706      0.37327      0.18974   -2.2204e-16      0.37327
_SET1_   977          11     797952     848840    255      50  472308     -0.30672      0.43236   -2.2204e-16     -0.30672
_SET1_   975          11    2362391    2428649    462      42  467350      0.46818      0.19951   -2.2204e-16      0.46818
_SET1_   391          11    3838208    3897213    237      62  466713     -0.30582      0.41271   -2.2204e-16     -0.30582
_SET1_   8642         11    6632556    6720320    391      79  469534      0.71704      0.11179   -2.2204e-16      0.71704
_SET1_   960          11   35125417   35263949    702     108  469153     -0.41866      0.46335   -2.2204e-16     -0.41866
_SET1_   3732         11   44552141   44651339    539      92  471459     -0.50187      0.49834   -2.2204e-16     -0.50187
_SET1_   90139        11   44713731   44963978   1205     148  471312     -0.65752      0.55712   -2.2204e-16     -0.65752
_SET1_   5795         11   47967101   48202394    827      68  432967      0.91839     0.070122   -2.2204e-16      0.91839
_SET1_   51338        11   60013014   60086445    270      40  476507       7.8305   1.3771e-18             0       7.8305
_SET1_   931          11   60188251   60248225    231      45  470691      0.54141      0.15635   -2.2204e-16      0.54141
_SET1_   10938        11   64610206   64682181    293      56  455635      0.56105      0.16386   -2.2204e-16      0.56105
_SET1_   4296         11   65355226   65416720    205      64  456301      0.42196      0.17101   -2.2204e-16      0.42196
_SET1_   6712         11   66439967   66531716    221     104  453545     -0.53472      0.51979   -2.2204e-16     -0.53472
_SET1_   29984        11   66789289   66849488    176      56  467029     -0.38749      0.49408   -2.2204e-16     -0.38749
_SET1_   1119         11   67810326   67923858    328      73  463811      -1.0514      0.70787   -2.2204e-16      -1.0514
_SET1_   55298        11   71604768   71718643    497      32  468888      -2.4294      0.98597             0      -2.4294
_SET1_   116985       11   72386114   72498465    442      64  470649     -0.17758       0.3757   -2.2204e-16     -0.17758
_SET1_   120114       11   92012446   92639636   2288     135  466525     -0.96048      0.66385   -2.2204e-16     -0.96048
_SET1_   54851        11   94192153   94242744    162      33  473034     0.030251      0.32919   -2.1858e-16     0.030251
_SET1_   5805         11  112062088  112114696    217      56  473540       2.3636    0.0024695             0       2.3636
_SET1_   4684         11  112796969  113159158   1592     117  470044       0.7228      0.10819   -2.2204e-16       0.7228
_SET1_   23705        11  115029933  115410241   1424     146  460240      0.83816     0.087175   -2.2204e-16      0.83816
_SET1_   3587         11  117822106  117882198    249      58  466509       -1.069       0.7219   -2.2204e-16       -1.069
_SET1_   916          11  118140295  118196890    222      27  463835       1.6893     0.016114   -2.2204e-16       1.6893
_SET1_   23187        11  118442213  118538748    314      63  461792      0.18646      0.25061   -2.2204e-16      0.18646
_SET1_   643          11  118719475  118776980    262      55  465276       2.0317    0.0060597             0       2.0317
_SET1_   4162         11  119169234  119224087    201      63  464231      0.23745      0.22007   -2.2204e-16      0.23745
_SET1_   10867        12    3151521    3405730   1643     180  470992      -1.8773      0.91204   -2.2204e-16      -1.8773
_SET1_   4908         12    5506280    5614465    517      87  468979     -0.87769      0.63535   -2.2204e-16     -0.87769
_SET1_   7132         12    6427923    6486283    269      83  467071     -0.26532       0.3964   -2.2204e-16     -0.26532
_SET1_   3902         12    6846670    6897621    236      53  468051       1.8055     0.011359   -2.2204e-16       1.8055
_SET1_   920          12    6863638    6939976    328      80  467840       1.3102     0.032721   -2.2204e-16       1.3102
_SET1_   51266        12   10135660   10188381    281      40  473059      0.47197      0.17383   -2.2204e-16      0.47197
_SET1_   283420       12   10148276   10228612    338      70  470528      0.32262      0.19971   -2.2204e-16      0.32262
_SET1_   397          12   15084949   15149562    350      53  466926      -1.1639      0.74781   -2.2204e-16      -1.1639
_SET1_   2059         12   15763075   15977510    636      72  459189     -0.39268      0.51824   -2.2204e-16     -0.39268
_SET1_   54477        12   19247626   19539334   1128      78  464875      -1.1687      0.76878   -2.2204e-16      -1.1687
_SET1_   4033         12   25170181   25271269    502      92  472072      -0.7029      0.57008   -2.2204e-16      -0.7029
_SET1_   8496         12   27642045   27858497    915     114  476823       1.2319      0.04008   -2.2204e-16       1.2319
_SET1_   51135        12   44117747   44193346    260      35  472374     -0.28791      0.49018   -2.2204e-16     -0.28791
_SET1_   347902       12   47459490   47508734    207      68  457807     -0.82317      0.61091   -2.2204e-16     -0.82317
_SET1_   3678         12   54779045   54848050    202      37  464442     -0.85609      0.71003   -2.2204e-16     -0.85609
_SET1_   1606         12   56289946   56357811    187      51  457096      0.14219      0.29155   -2.2204e-16      0.14219
_SET1_   11213        12   66547978   66658402    428      79  466047     -0.25073      0.40818   -2.2204e-16     -0.25073
_SET1_   5787         12   70900630   71066220    891     121  472831      0.44938      0.17197   -2.2204e-16      0.44938
_SET1_   5801         12   71021853   71349584   1592     164  469764       1.3103     0.036068   -2.2204e-16       1.3103
_SET1_   8499         12   81642045   82188109   1975     136  467809      -1.6448      0.87157   -2.2204e-16      -1.6448
_SET1_   9182         12   86188331   86265318    385      33  467876     -0.38283      0.47841   -2.2204e-16     -0.38283
_SET1_   4254         12   88876570   89009250    391      41  468426      0.31334       0.2456   -2.2204e-16      0.31334
_SET1_   3479         12  102779645  102910563    426      67  466392     -0.40729       0.4877   -2.2204e-16     -0.40729
_SET1_   59341        12  110210892  110306212    402      68  465311       1.3612     0.031253   -2.2204e-16       1.3612
_SET1_   9815         12  110357607  110469194    368      50  468700      0.74913      0.14009   -2.2204e-16      0.74913
_SET1_   51347        12  118577606  118845750    965      64  462658     -0.59107      0.54901   -2.2204e-16     -0.59107
_SET1_   5027         12  121535622  121634439    583      42  476479      0.13437      0.28943   -2.2204e-16      0.13437
_SET1_   54509        12  122205660  122266594    239      51  468686      -1.4154      0.83761   -2.2204e-16      -1.4154
_SET1_   221178       13   24518765   24891212   2256     294  470735      -1.3571      0.80061   -2.2204e-16      -1.3571
_SET1_   2321         13   28864483   29104265    991     118  468848     -0.14392      0.36283   -2.2204e-16     -0.14392
_SET1_   9365         13   33555571   33650282    501      66  471691      0.51173      0.15398   -2.2204e-16      0.51173
_SET1_   387921       13   39577448   39634246    182      35  473666       1.0314      0.08192   -2.2204e-16       1.0314
_SET1_   27253        13   58169238   58313445    461      98  465883      0.26331      0.21983   -2.2204e-16      0.26331
_SET1_   23348        13   99435741   99773660   1561      68  470249     -0.34904      0.43811   -2.2204e-16     -0.34904
_SET1_   1948         13  107132079  107222388    303      80  466892     -0.73604      0.58906   -2.2204e-16     -0.73604
_SET1_   8660         13  110396184  110473914    391      63  469163     -0.17525      0.37646   -2.2204e-16     -0.17525
_SET1_   8874         13  111732624  111968081   1027      94  468976       -0.315      0.42417   -2.2204e-16       -0.315
_SET1_   23250        13  113309358  113551482   1409     118  464085      0.48992      0.15847   -2.2204e-16      0.48992
_SET1_   23263        13  113513692  113764053   1343     166  467834         2.34    0.0020143             0         2.34
_SET1_   3916         13  113916436  113987746    257      31  453925     -0.98305      0.78417   -2.2204e-16     -0.98305
_SET1_   22821        13  114737194  114933095   1089      76  466561      -2.3052      0.96257             0      -2.3052
_SET1_   3002         14   25090160   25138490    255      46  463698       0.4817      0.17019   -2.2204e-16       0.4817
_SET1_   25938        14   31750994   31924788    591      47  456369     -0.53626      0.53727   -2.2204e-16     -0.53626
_SET1_   253959       14   35997558   36313432    870      57  459618      -1.5754      0.87786   -2.2204e-16      -1.5754
_SET1_   54916        14   57011509   57126233    595      69  469589     -0.53402      0.52412   -2.2204e-16     -0.53402
_SET1_   57381        14   63636080   63770230    538      52  468331      0.28031      0.23502   -2.2204e-16      0.28031
_SET1_   64398        14   67673012   67812778    627      35  470131      -1.1027      0.79841   -2.2204e-16      -1.1027
_SET1_   8650         14   73731858   73960288    985      59  467833       1.0618     0.065953   -2.2204e-16       1.0618
_SET1_   145567       14   90996932   91317823   1516     135  472987      0.69017      0.11492   -2.2204e-16      0.69017
_SET1_   317762       14   99967603  100105727    693      86  468284     0.071295      0.27088   -2.2204e-16     0.071295
_SET1_   23368        14  104190088  104350116    624      47  467482       1.5626     0.021449   -2.2204e-16       1.5626
_SET1_   342184       15   33047745   33521934   2933     224  468683      0.72805      0.10981   -2.2204e-16      0.72805
_SET1_   54567        15   41186531   41241258    195      53  470583      0.58397      0.16077   -2.2204e-16      0.58397
_SET1_   51332        15   42130344   42221275    471      79  460381     -0.61136      0.53253   -2.2204e-16     -0.61136
_SET1_   30844        15   42181638   42299755    513      78  462606      -2.0896      0.94079             0      -2.0896
_SET1_   8773         15   42748442   42835259    286      39  464633     -0.51832      0.55265   -2.2204e-16     -0.51832
_SET1_   567          15   44968685   45020357    148      48  470541      -0.8398      0.69055   -2.2204e-16      -0.8398
_SET1_   2252         15   49680375   49789523    370      35  480484      0.74476       0.1276   -2.2204e-16      0.74476
_SET1_   102          15   58877403   59077177    735      65  468169       5.8513    1.574e-10             0       5.8513
_SET1_   80301        15   65099082   65170201    327      38  467870       2.0754    0.0057721             0       2.0754
_SET1_   54878        15   65724805   65845040    419      48  468367    0.0015457      0.33961   -2.1944e-16    0.0015457
_SET1_   9187         15   65868618   65963334    285      34  466375     -0.13693       0.4156   -2.2204e-16     -0.13693
_SET1_   55075        15   70936893   71090932    523      64  457511      -1.0041       0.7065   -2.2204e-16      -1.0041
_SET1_   4756         15   73309056   73607547   1120      62  468413      -1.2899      0.79083   -2.2204e-16      -1.2899
_SET1_   1464         15   75956663   76040189    345      62  460258      0.37266      0.18677   -2.2204e-16      0.37266
_SET1_   79834        15   77390498   77747446   1106      80  460148      -1.8496      0.91275   -2.2204e-16      -1.8496
_SET1_   5151         15   85488744   85692376    955      77  464688     -0.20149      0.38013   -2.2204e-16     -0.20149
_SET1_   28232        15   92361938   92725665   1709     178  469988      -2.1388      0.94808             0      -2.1388
_SET1_   55784        15   94739772   95037181   1407     206  468058       2.0274    0.0055469             0       2.0274
_SET1_   3480         15   99157272   99517759   1592     197  469303      -1.2676       0.7839   -2.2204e-16      -1.2676
_SET1_   7249         16    2062472    2148713    446     128  467549       1.6203     0.018403   -2.2204e-16       1.6203
_SET1_   5310         16    2128709    2220899    406      91  460275       1.2427     0.045813   -2.2204e-16       1.2427
_SET1_   115          16    4002650    4201186   1168     152  468929      0.22721      0.22774   -2.2204e-16      0.22721
_SET1_   114990       16    4386849    4443529    228      57  460198      0.16273      0.27033   -2.2204e-16      0.16273
_SET1_   8651         16   11338274   11385039    249      50  469124     -0.17849      0.37393   -2.2204e-16     -0.17849
_SET1_   729993       16   12960477   13344273   2057     176  469766     -0.21177      0.37972   -2.2204e-16     -0.21177
_SET1_   64131        16   17186181   17599738   2082     232  467320      0.46525       0.1707   -2.2204e-16      0.46525
_SET1_   5579         16   23812300   24241932   1995     190  471221       1.3163     0.034334   -2.2204e-16       1.3163
_SET1_   3566         16   27290161   27386099    413      55  471065      -2.3185      0.96756             0      -2.3185
_SET1_   50615        16   27378483   27473363    438      95  467769     0.019054      0.29163   -2.1858e-16     0.019054
_SET1_   930          16   28908082   28960668    163      58  457452       1.9363    0.0076304   -2.2204e-16       1.9363
_SET1_   3683         16   30448983   30544506    263      65  458718       3.1178   0.00013712             0       3.1178
_SET1_   4494         16   56656855   56703215    313      42  475112      -2.3897      0.97498             0      -2.3897
_SET1_   6376         16   57371414   57428956    320      62  465721     -0.88766      0.67251   -2.2204e-16     -0.88766
_SET1_   1003         16   66365525   66448689    425      89  466340     0.057953      0.27781   -2.2204e-16     0.057953
_SET1_   8824         16   66933347   66988999    182      60  458201      0.25937      0.26073   -2.2204e-16      0.25937
_SET1_   6236         16   66945582   66994439    160      56  459317    -0.063544      0.38375   -2.2204e-16    -0.063544
_SET1_   6560         16   67967377   68037597    230      52  461599    -0.032719      0.36625   -2.2204e-16    -0.032719
_SET1_   999          16   68736128   68879445    726      68  467002      -1.2192      0.76869   -2.2204e-16      -1.2192
_SET1_   6645         16   69186050   69352955    601      60  462201       1.2937     0.042784   -2.2204e-16       1.2937
_SET1_   146433       16   70578798   70704585    738      70  451324       3.0295   0.00018139             0       3.0295
_SET1_   123775       16   81077102   81145872    444      31  461081     -0.60195      0.60484   -2.2204e-16     -0.60195
_SET1_   58191        17    4626828    4678223    300      71  469861     -0.24301      0.39129   -2.2204e-16     -0.24301
_SET1_   2811         17    4800312    4848325    234      57  463491       4.1188   2.2737e-06             0       4.1188
_SET1_   23302        17    5937426    6037747    490     143  465977      0.16902      0.23765   -2.2204e-16      0.16902
_SET1_   8742         17    7417375    7471207    286      46  470071       2.0764    0.0055754             0       2.0764
_SET1_   23533        17    8772233    8904029    594      83  464454      -1.5567      0.85424   -2.2204e-16      -1.5567
_SET1_   9423         17    8889859    9157317   1454     172  465647      -1.1946      0.74464   -2.2204e-16      -1.1946
_SET1_   23495        17   16832398   16910432    456      83  468897     -0.77696      0.60373   -2.2204e-16     -0.77696
_SET1_   92521        17   19877649   20228072   1358      54  466757       1.7583     0.012409   -2.2204e-16       1.7583
_SET1_   2319         17   27196356   27259715    166      67  463873      0.86772     0.089419   -2.2204e-16      0.86772
_SET1_   28964        17   27890487   27951610    179      65  453874      0.54597      0.14182   -2.2204e-16      0.54597
_SET1_   6352         17   34188495   34242377    208      24  476457     -0.88289      0.73149   -2.2204e-16     -0.88289
_SET1_   2886         17   37859162   37913538    157      55  458175       1.9472    0.0083018   -2.2204e-16       1.9472
_SET1_   1236         17   38700021   38756736    193      59  466616      -2.8117      0.99155             0      -2.8117
_SET1_   3728         17   39900859   39977964    369      73  466798     -0.21319      0.38774   -2.2204e-16     -0.21319
_SET1_   6776         17   40404565   40473961    197      41  458485      0.20221      0.25429   -2.2204e-16      0.20221
_SET1_   6774         17   40455342   40575586    378      49  465594      0.21319      0.24744   -2.2204e-16      0.21319
_SET1_   284119       17   40544467   40610506    248      42  469427       2.5144    0.0015206             0       2.5144
_SET1_   146894       17   41889145   41950997    217      40  460143     -0.39517      0.48697   -2.2204e-16     -0.39517
_SET1_   284069       17   42421101   42476235    129      53  463412       4.9852   2.1999e-08             0       4.9852
_SET1_   8631         17   46200802   46542596   1111      60  469298      0.45639      0.17304   -2.2204e-16      0.45639
_SET1_   3675         17   48098340   48177849    400      80  470358     -0.31617      0.43935   -2.2204e-16     -0.31617
_SET1_   974          17   61996098   62044710    247      63  467874      0.42202      0.18284   -2.2204e-16      0.42202
_SET1_   5175         17   62386775   62439856    135      30  475201     -0.87249      0.68324   -2.2204e-16     -0.87249
_SET1_   23580        17   71269763   71343314    290      65  465344      -0.5475      0.50878   -2.2204e-16      -0.5475
_SET1_   146722       17   72680447   72744169    221      68  468242      -1.4383      0.84744   -2.2204e-16      -1.4383
_SET1_   57513        17   73486341   73546664    336      46  464543      -2.5746      0.98289             0      -2.5746
_SET1_   147138       17   76090505   76149049    331     101  464407       1.0041     0.064958   -2.2204e-16       1.0041
_SET1_   9021         17   76342858   76391160    251      59  471024    -0.016873      0.32173   -2.1858e-16    -0.016873
_SET1_   7525         18     711592     847327    670      65  468857      0.78172      0.10094   -2.2204e-16      0.78172
_SET1_   5797         18    7532314    8416859   3856     258  472278      0.12077      0.28021   -2.2204e-16      0.12077
_SET1_   6093         18   18519701   18726812    376      72  456656     -0.25605      0.44507   -2.2204e-16     -0.25605
_SET1_   1000         18   25520930   25792445    893     109  467357      -1.4562      0.82645   -2.2204e-16      -1.4562
_SET1_   25800        18   33678494   33744357    250      43  467601      -1.1914      0.75858   -2.2204e-16      -1.1914
_SET1_   8792         18   59957520   60064943    557      73  475609      0.87375     0.085111   -2.2204e-16      0.87375
_SET1_   4155         18   74680789   74879774   1213     190  473587     -0.21045      0.38674   -2.2204e-16     -0.21045
_SET1_   84552        18   77905115   78040397    435      50  463513      0.30004      0.21567   -2.2204e-16      0.30004
_SET1_   5064         19     673953     758330    607     117  466959     -0.71592      0.56997   -2.2204e-16     -0.71592
_SET1_   23526        19    1030922    1096627    373      69  468973       7.3743   1.5025e-15             0       7.3743
_SET1_   5802         19    5195514    5375814    968     154  472085    -0.050907      0.32515   -2.2204e-16    -0.050907
_SET1_   3643         19    7102266    7329011   1297     148  470973       1.5731     0.018126   -2.2204e-16       1.5731
_SET1_   2208         19    7743643    7802036    445      73  474540      -0.3967      0.45622   -2.2204e-16      -0.3967
_SET1_   339390       19    7783843    7832057    311      71  470993       1.6663     0.015466   -2.2204e-16       1.6663
_SET1_   3383         19   10345707   10407291    255      66  466897     -0.34502      0.43879   -2.2204e-16     -0.34502
_SET1_   2057         19   11477881   11530018    200      46  468171     -0.14362      0.41729   -2.2204e-16     -0.14362
_SET1_   55552        19   11822080   11884824    311      42  472300       2.4137    0.0022805             0       2.4137
_SET1_   5296         19   18228988   18291343    270      38  468161      0.99917     0.074859   -2.2204e-16      0.99917
_SET1_   51599        19   35704290   35768867    319      38  469165      -2.2225      0.96206             0      -2.2225
_SET1_   933          19   35785069   35848264    323      84  466952     -0.50855        0.501   -2.2204e-16     -0.50855
_SET1_   115703       19   36231417   36289724    237      50  463091     0.015574      0.30564   -2.2031e-16     0.015574
_SET1_   7305         19   36385303   36434211    224      35  462373       1.6229      0.03424   -2.2204e-16       1.6229
_SET1_   339324       19   36991589   37054248    238      45  467807      -1.4539      0.83544   -2.2204e-16      -1.4539
_SET1_   147710       19   45081911   45150081    293      58  475163       7.4806   1.0489e-15             0       7.4806
_SET1_   5817         19   45112098   45179429    246      56  470153       5.6451        5e-10             0       5.6451
_SET1_   5819         19   45314393   45402485    421      87  464883       7.7491   2.5519e-19             0       7.7491
_SET1_   2909         19   47386824   47518334    394      69  466656        2.286    0.0030071             0        2.286
_SET1_   951          19   49803632   49853863    170      31  467836     -0.18655      0.41671   -2.2204e-16     -0.18655
_SET1_   2217         19   49980536   50039685    251      47  461892    -0.021157      0.34997   -2.1858e-16    -0.021157
_SET1_   114132       19   50442250   50499439    289      33  469834       1.2577     0.049185   -2.2204e-16       1.2577
_SET1_   50944        19   51153052   51255195    477     131  467106      -0.7729      0.59583   -2.2204e-16      -0.7729
_SET1_   89790        19   51903275   51956057    262      41  465120      0.98189     0.075461   -2.2204e-16      0.98189
_SET1_   5582         19   54350467   54420906    247      77  463939      0.61626      0.14953   -2.2204e-16      0.61626
_SET1_   11025        19   54710147   54761997    172      53  471767        3.092   0.00018161             0        3.092
_SET1_   79168        19   54730469   54781724    168      51  466947       5.2032   6.1021e-09             0       5.2032
_SET1_   10990        19   54744270   54796167    220      60  468557       4.7413   8.1233e-08             0       4.7413
_SET1_   23547        19   54834473   54885421    288      89  468759     -0.23291      0.38441   -2.2204e-16     -0.23291
_SET1_   11006        19   55139271   55191810    328      64  473224       2.9751   0.00030169             0       2.9751
_SET1_   51206        19   55515073   55584632    482      56  471570    -0.042705      0.32866   -2.2204e-16    -0.042705
_SET1_   27111        20    1280553    1344879    323      60  470246      0.58234      0.13763   -2.2204e-16      0.58234
_SET1_   10326        20    1535029    1635720    292      59  469623      0.68318      0.11786   -2.2204e-16      0.68318
_SET1_   55423        20    1599522    1673425    422      46  470049      0.35168      0.20361   -2.2204e-16      0.35168
_SET1_   140885       20    1839763    1930540    481     108  468747       3.6269   1.5693e-05             0       3.6269
_SET1_   116835       20    3678317    3743758    286      60  467438      0.79399      0.09725   -2.2204e-16      0.79399
_SET1_   182          20   10608332   10689694    302      68  473231     -0.25174      0.40476   -2.2204e-16     -0.25174
_SET1_   23767        20   14294639   14353313    237      51  471133     -0.38836      0.47345   -2.2204e-16     -0.38836
_SET1_   57186        20   20360202   20728281   1061      60  465981       1.1023      0.06797   -2.2204e-16       1.1023
_SET1_   84905        20   32284566   32390075    315      53  461902      0.60991      0.13575   -2.2204e-16      0.60991
_SET1_   6714         20   35938088   36043835    435      88  464768       2.3431      0.00249             0       2.3431
_SET1_   5335         20   39731159   39814359    232      70  465771       2.0938    0.0053449             0       2.0938
_SET1_   958          20   44711899   44768384    283      52  471386        1.368     0.033587   -2.2204e-16        1.368
_SET1_   1002         20   59792482   60525673   4866     395  469974      -1.0111      0.67258   -2.2204e-16      -1.0111
_SET1_   5753         20   62149766   62203723    414      95  465534      0.52328      0.15775   -2.2204e-16      0.52328
_SET1_   58494        21   26976594   27099874    494      60  470670      0.69843       0.1239   -2.2204e-16      0.69843
_SET1_   3588         21   34603665   34679539    336      62  468498       3.3567   5.0075e-05             0       3.3567
_SET1_   3454         21   34661748   34742129    334      46  470894       1.3685     0.032819   -2.2204e-16       1.3685
_SET1_   25966        21   43295219   43409066    692     136  472542      -1.8294      0.90728   -2.2204e-16      -1.8294
_SET1_   3689         21   46295864   46383753    607     115  467639     -0.49376      0.48449   -2.2204e-16     -0.49376
_SET1_   7122         22   19500547   19550068    231      64  474907      0.45168      0.17915   -2.2204e-16      0.45168
_SET1_   91179        22   20768874   20827146    235      46  469813     -0.46096      0.49503   -2.2204e-16     -0.46096
_SET1_   3543         22   23905312   23957619    337      88  469995     -0.22551      0.39347   -2.2204e-16     -0.22551
_SET1_   8563         22   29894156   29984749    432      40  464682     -0.43381      0.49233   -2.2204e-16     -0.43381
_SET1_   150290       22   31048039   31098874    232      64  471500      0.99676     0.071068   -2.2204e-16      0.99676
_SET1_   4689         22   37222030   37284059    345      82  469364     -0.25549      0.40483   -2.2204e-16     -0.25549
_SET1_   1439         22   37274639   37346491    473      68  468893      0.65275      0.12441   -2.2204e-16      0.65275
_SET1_   3560         22   37511878   37587414    413     111  468798       0.6427      0.11883   -2.2204e-16       0.6427
_SET1_   5880         22   37611301   37675339    353      48  475465       1.7423     0.013307   -2.2204e-16       1.7423
_SET1_   11135        22   37921471   37975412    294      61  465559      -0.3632      0.44689   -2.2204e-16      -0.3632
_SET1_   3956         22   38036613   38085809    226      44  467103     -0.29912      0.43412   -2.2204e-16     -0.29912
_SET1_   5155         22   39609685   39675957    377      72  469310       1.4459     0.025343   -2.2204e-16       1.4459
_SET1_   115650       22   42311036   42357821    214      43  463376     -0.18178      0.39558   -2.2204e-16     -0.18178
_SET1_   29780        22   44360091   44575113   1189     202  471757      0.71046      0.11218   -2.2204e-16      0.71046
_SET1_   64098        22   44531271   44614349    505      84  468906     0.057644      0.27339   -2.2204e-16     0.057644
_SET1_   1730          X   95904650   96865597      1       1  429855     -0.04417       0.5936   -2.2204e-16     -0.04417
